{"uid":"1ca934b0040f2e7d","name":"User cannot create a new build configuration with missing required field","fullName":"com.example.teamcity.ui.CreateBuildTypeTest.userCannotCreateBuildConfigurationWithMissingRequiredFieldTest","historyId":"cc9eb997e50a139e0f03003d19cb65f6","time":{"start":1744667697229,"stop":1744667749159,"duration":51930},"description":"","status":"passed","flaky":false,"newFailed":false,"newBroken":false,"newPassed":false,"retriesCount":0,"retriesStatusChange":false,"beforeStages":[],"testStage":{"description":"","status":"passed","steps":[{"name":"Create user","time":{"start":1744667697388,"stop":1744667700306,"duration":2918},"status":"passed","steps":[],"attachments":[{"uid":"62df93d36d938d97","name":"Request","source":"62df93d36d938d97.html","type":"text/html","size":1381},{"uid":"64ed539c02a57023","name":"HTTP/1.1 200 ","source":"64ed539c02a57023.html","type":"text/html","size":2088}],"parameters":[],"shouldDisplayMessage":false,"stepsCount":0,"attachmentsCount":2,"hasContent":true},{"name":"Create a project via API","time":{"start":1744667700308,"stop":1744667700308,"duration":0},"status":"passed","steps":[],"attachments":[],"parameters":[],"shouldDisplayMessage":false,"stepsCount":0,"attachmentsCount":0,"hasContent":false},{"name":"Login as user","time":{"start":1744667701323,"stop":1744667701323,"duration":0},"status":"passed","steps":[],"attachments":[],"parameters":[],"shouldDisplayMessage":false,"stepsCount":0,"attachmentsCount":0,"hasContent":false},{"name":"Create user","time":{"start":1744667701323,"stop":1744667701485,"duration":162},"status":"passed","steps":[],"attachments":[{"uid":"c5cb82f847fd7879","name":"Request","source":"c5cb82f847fd7879.html","type":"text/html","size":1381},{"uid":"ed75f6fe41a42fec","name":"HTTP/1.1 200 ","source":"ed75f6fe41a42fec.html","type":"text/html","size":2088}],"parameters":[],"shouldDisplayMessage":false,"stepsCount":0,"attachmentsCount":2,"hasContent":true},{"name":"$(\"open\") http://172.17.0.1:8111/login.html","time":{"start":1744667701530,"stop":1744667709405,"duration":7875},"status":"passed","steps":[{"name":"$(\"webdriver\") create()","time":{"start":1744667701532,"stop":1744667707631,"duration":6099},"status":"passed","steps":[],"attachments":[],"parameters":[],"shouldDisplayMessage":false,"stepsCount":0,"attachmentsCount":0,"hasContent":false}],"attachments":[],"parameters":[],"shouldDisplayMessage":false,"stepsCount":1,"attachmentsCount":0,"hasContent":true},{"name":"$(\"#username\") val(test_LIhUNaJALr)","time":{"start":1744667709454,"stop":1744667709979,"duration":525},"status":"passed","steps":[],"attachments":[],"parameters":[],"shouldDisplayMessage":false,"stepsCount":0,"attachmentsCount":0,"hasContent":false},{"name":"$(\"#password\") val(test_mqjNusacNF)","time":{"start":1744667709979,"stop":1744667710262,"duration":283},"status":"passed","steps":[],"attachments":[],"parameters":[],"shouldDisplayMessage":false,"stepsCount":0,"attachmentsCount":0,"hasContent":false},{"name":"$(\".loginButton\") click()","time":{"start":1744667710262,"stop":1744667710434,"duration":172},"status":"passed","steps":[],"attachments":[],"parameters":[],"shouldDisplayMessage":false,"stepsCount":0,"attachmentsCount":0,"hasContent":false},{"name":"Open 'Create Build Configuration Page'","time":{"start":1744667710434,"stop":1744667710434,"duration":0},"status":"passed","steps":[],"attachments":[],"parameters":[],"shouldDisplayMessage":false,"stepsCount":0,"attachmentsCount":0,"hasContent":false},{"name":"$(\"open\") http://172.17.0.1:8111/admin/createObjectMenu.html?projectId=test_yZMgVUTRPz&showMode=createBuildTypeMenu","time":{"start":1744667710435,"stop":1744667711042,"duration":607},"status":"passed","steps":[],"attachments":[],"parameters":[],"shouldDisplayMessage":false,"stepsCount":0,"attachmentsCount":0,"hasContent":false},{"name":"$(\"#url\") should be([visible, 5 s.])","time":{"start":1744667711059,"stop":1744667716582,"duration":5523},"status":"failed","statusMessage":"Element not found {#url}\nExpected: visible\nScreenshot: file:/home/runner/work/teamcityTests/teamcityTests/build/reports/tests/1744667716075.0.png\nPage source: file:/home/runner/work/teamcityTests/teamcityTests/build/reports/tests/1744667716075.0.html\nTimeout: 5 s.\nCaused by: NoSuchElementException: no such element: Unable to locate element: {\"method\":\"css selector\",\"selector\":\"#url\"}","statusTrace":"Element not found {#url}\nExpected: visible\nScreenshot: file:/home/runner/work/teamcityTests/teamcityTests/build/reports/tests/1744667716075.0.png\nPage source: file:/home/runner/work/teamcityTests/teamcityTests/build/reports/tests/1744667716075.0.html\nTimeout: 5 s.\nCaused by: NoSuchElementException: no such element: Unable to locate element: {\"method\":\"css selector\",\"selector\":\"#url\"}\n\tat com.codeborne.selenide.impl.WebElementSource.createElementNotFoundError(WebElementSource.java:68)\n\tat com.codeborne.selenide.impl.ElementFinder.createElementNotFoundError(ElementFinder.java:122)\n\tat com.codeborne.selenide.impl.WebElementSource.handleError(WebElementSource.java:119)\n\tat com.codeborne.selenide.impl.WebElementSource.checkConditionAndReturnElement(WebElementSource.java:102)\n\tat com.codeborne.selenide.impl.WebElementSource.checkCondition(WebElementSource.java:78)\n\tat com.codeborne.selenide.commands.Should.execute(Should.java:24)\n\tat com.codeborne.selenide.FluentCommand.execute(FluentCommand.java:27)\n\tat com.codeborne.selenide.FluentCommand.execute(FluentCommand.java:19)\n\tat com.codeborne.selenide.commands.Commands.execute(Commands.java:160)\n\tat com.codeborne.selenide.impl.SelenideElementProxy.dispatchAndRetry(SelenideElementProxy.java:131)\n\tat com.codeborne.selenide.impl.SelenideElementProxy.invoke(SelenideElementProxy.java:83)\n\tat jdk.proxy2/jdk.proxy2.$Proxy52.shouldBe(Unknown Source)\n\tat com.example.teamcity.ui.pages.admin.CreateBuildTypePage.openWithRetry(CreateBuildTypePage.java:38)\n\tat com.example.teamcity.ui.CreateBuildTypeTest.userCannotCreateBuildConfigurationWithMissingRequiredFieldTest(CreateBuildTypeTest.java:109)\n\tat java.base/jdk.internal.reflect.NativeMethodAccessorImpl.invoke0(Native Method)\n\tat java.base/jdk.internal.reflect.NativeMethodAccessorImpl.invoke(NativeMethodAccessorImpl.java:77)\n\tat java.base/jdk.internal.reflect.DelegatingMethodAccessorImpl.invoke(DelegatingMethodAccessorImpl.java:43)\n\tat java.base/java.lang.reflect.Method.invoke(Method.java:569)\n\tat org.junit.platform.commons.util.ReflectionUtils.invokeMethod(ReflectionUtils.java:767)\n\tat org.junit.jupiter.engine.execution.MethodInvocation.proceed(MethodInvocation.java:60)\n\tat org.junit.jupiter.engine.execution.InvocationInterceptorChain$ValidatingInvocation.proceed(InvocationInterceptorChain.java:131)\n\tat org.junit.jupiter.engine.extension.TimeoutExtension.intercept(TimeoutExtension.java:156)\n\tat org.junit.jupiter.engine.extension.TimeoutExtension.interceptTestableMethod(TimeoutExtension.java:147)\n\tat org.junit.jupiter.engine.extension.TimeoutExtension.interceptTestMethod(TimeoutExtension.java:86)\n\tat org.junit.jupiter.engine.execution.InterceptingExecutableInvoker$ReflectiveInterceptorCall.lambda$ofVoidMethod$0(InterceptingExecutableInvoker.java:103)\n\tat org.junit.jupiter.engine.execution.InterceptingExecutableInvoker.lambda$invoke$0(InterceptingExecutableInvoker.java:93)\n\tat org.junit.jupiter.engine.execution.InvocationInterceptorChain$InterceptedInvocation.proceed(InvocationInterceptorChain.java:106)\n\tat org.junit.jupiter.engine.execution.InvocationInterceptorChain.proceed(InvocationInterceptorChain.java:64)\n\tat org.junit.jupiter.engine.execution.InvocationInterceptorChain.chainAndInvoke(InvocationInterceptorChain.java:45)\n\tat org.junit.jupiter.engine.execution.InvocationInterceptorChain.invoke(InvocationInterceptorChain.java:37)\n\tat org.junit.jupiter.engine.execution.InterceptingExecutableInvoker.invoke(InterceptingExecutableInvoker.java:92)\n\tat org.junit.jupiter.engine.execution.InterceptingExecutableInvoker.invoke(InterceptingExecutableInvoker.java:86)\n\tat org.junit.jupiter.engine.descriptor.TestMethodTestDescriptor.lambda$invokeTestMethod$8(TestMethodTestDescriptor.java:217)\n\tat org.junit.platform.engine.support.hierarchical.ThrowableCollector.execute(ThrowableCollector.java:73)\n\tat org.junit.jupiter.engine.descriptor.TestMethodTestDescriptor.invokeTestMethod(TestMethodTestDescriptor.java:213)\n\tat org.junit.jupiter.engine.descriptor.TestMethodTestDescriptor.execute(TestMethodTestDescriptor.java:138)\n\tat org.junit.jupiter.engine.descriptor.TestMethodTestDescriptor.execute(TestMethodTestDescriptor.java:68)\n\tat org.junit.platform.engine.support.hierarchical.NodeTestTask.lambda$executeRecursively$6(NodeTestTask.java:156)\n\tat org.junit.platform.engine.support.hierarchical.ThrowableCollector.execute(ThrowableCollector.java:73)\n\tat org.junit.platform.engine.support.hierarchical.NodeTestTask.lambda$executeRecursively$8(NodeTestTask.java:146)\n\tat org.junit.platform.engine.support.hierarchical.Node.around(Node.java:137)\n\tat org.junit.platform.engine.support.hierarchical.NodeTestTask.lambda$executeRecursively$9(NodeTestTask.java:144)\n\tat org.junit.platform.engine.support.hierarchical.ThrowableCollector.execute(ThrowableCollector.java:73)\n\tat org.junit.platform.engine.support.hierarchical.NodeTestTask.executeRecursively(NodeTestTask.java:143)\n\tat org.junit.platform.engine.support.hierarchical.NodeTestTask.execute(NodeTestTask.java:100)\n\tat java.base/java.util.ArrayList.forEach(ArrayList.java:1511)\n\tat org.junit.platform.engine.support.hierarchical.SameThreadHierarchicalTestExecutorService.invokeAll(SameThreadHierarchicalTestExecutorService.java:41)\n\tat org.junit.platform.engine.support.hierarchical.NodeTestTask.lambda$executeRecursively$6(NodeTestTask.java:160)\n\tat org.junit.platform.engine.support.hierarchical.ThrowableCollector.execute(ThrowableCollector.java:73)\n\tat org.junit.platform.engine.support.hierarchical.NodeTestTask.lambda$executeRecursively$8(NodeTestTask.java:146)\n\tat org.junit.platform.engine.support.hierarchical.Node.around(Node.java:137)\n\tat org.junit.platform.engine.support.hierarchical.NodeTestTask.lambda$executeRecursively$9(NodeTestTask.java:144)\n\tat org.junit.platform.engine.support.hierarchical.ThrowableCollector.execute(ThrowableCollector.java:73)\n\tat org.junit.platform.engine.support.hierarchical.NodeTestTask.executeRecursively(NodeTestTask.java:143)\n\tat org.junit.platform.engine.support.hierarchical.NodeTestTask.execute(NodeTestTask.java:100)\n\tat java.base/java.util.ArrayList.forEach(ArrayList.java:1511)\n\tat org.junit.platform.engine.support.hierarchical.SameThreadHierarchicalTestExecutorService.invokeAll(SameThreadHierarchicalTestExecutorService.java:41)\n\tat org.junit.platform.engine.support.hierarchical.NodeTestTask.lambda$executeRecursively$6(NodeTestTask.java:160)\n\tat org.junit.platform.engine.support.hierarchical.ThrowableCollector.execute(ThrowableCollector.java:73)\n\tat org.junit.platform.engine.support.hierarchical.NodeTestTask.lambda$executeRecursively$8(NodeTestTask.java:146)\n\tat org.junit.platform.engine.support.hierarchical.Node.around(Node.java:137)\n\tat org.junit.platform.engine.support.hierarchical.NodeTestTask.lambda$executeRecursively$9(NodeTestTask.java:144)\n\tat org.junit.platform.engine.support.hierarchical.ThrowableCollector.execute(ThrowableCollector.java:73)\n\tat org.junit.platform.engine.support.hierarchical.NodeTestTask.executeRecursively(NodeTestTask.java:143)\n\tat org.junit.platform.engine.support.hierarchical.NodeTestTask.execute(NodeTestTask.java:100)\n\tat org.junit.platform.engine.support.hierarchical.SameThreadHierarchicalTestExecutorService.submit(SameThreadHierarchicalTestExecutorService.java:35)\n\tat org.junit.platform.engine.support.hierarchical.HierarchicalTestExecutor.execute(HierarchicalTestExecutor.java:57)\n\tat org.junit.platform.engine.support.hierarchical.HierarchicalTestEngine.execute(HierarchicalTestEngine.java:54)\n\tat org.junit.platform.launcher.core.EngineExecutionOrchestrator.execute(EngineExecutionOrchestrator.java:198)\n\tat org.junit.platform.launcher.core.EngineExecutionOrchestrator.execute(EngineExecutionOrchestrator.java:169)\n\tat org.junit.platform.launcher.core.EngineExecutionOrchestrator.execute(EngineExecutionOrchestrator.java:93)\n\tat org.junit.platform.launcher.core.EngineExecutionOrchestrator.lambda$execute$0(EngineExecutionOrchestrator.java:58)\n\tat org.junit.platform.launcher.core.EngineExecutionOrchestrator.withInterceptedStreams(EngineExecutionOrchestrator.java:141)\n\tat org.junit.platform.launcher.core.EngineExecutionOrchestrator.execute(EngineExecutionOrchestrator.java:57)\n\tat org.junit.platform.launcher.core.DefaultLauncher.execute(DefaultLauncher.java:103)\n\tat org.junit.platform.launcher.core.DefaultLauncher.execute(DefaultLauncher.java:85)\n\tat org.junit.platform.launcher.core.DelegatingLauncher.execute(DelegatingLauncher.java:47)\n\tat org.apache.maven.surefire.junitplatform.LazyLauncher.execute(LazyLauncher.java:56)\n\tat org.apache.maven.surefire.junitplatform.JUnitPlatformProvider.execute(JUnitPlatformProvider.java:184)\n\tat org.apache.maven.surefire.junitplatform.JUnitPlatformProvider.invokeAllTests(JUnitPlatformProvider.java:148)\n\tat org.apache.maven.surefire.junitplatform.JUnitPlatformProvider.invoke(JUnitPlatformProvider.java:122)\n\tat org.apache.maven.surefire.booter.ForkedBooter.runSuitesInProcess(ForkedBooter.java:385)\n\tat org.apache.maven.surefire.booter.ForkedBooter.execute(ForkedBooter.java:162)\n\tat org.apache.maven.surefire.booter.ForkedBooter.run(ForkedBooter.java:507)\n\tat org.apache.maven.surefire.booter.ForkedBooter.main(ForkedBooter.java:495)\nCaused by: org.openqa.selenium.NoSuchElementException: no such element: Unable to locate element: {\"method\":\"css selector\",\"selector\":\"#url\"}\n  (Session info: chrome=121.0.6167.85)\nFor documentation on this error, please visit: https://www.selenium.dev/documentation/webdriver/troubleshooting/errors#no-such-element-exception\nBuild info: version: '4.29.0', revision: '5fc1ec94cb'\nSystem info: os.name: 'Linux', os.arch: 'amd64', os.version: '6.8.0-1021-azure', java.version: '17.0.14'\nDriver info: org.openqa.selenium.remote.RemoteWebDriver\nCommand: [a0cca413d306e9f0e40daed25bf0d877, findElement {value=#url, using=css selector}]\nCapabilities {acceptInsecureCerts: true, browserName: chrome, browserVersion: 121.0.6167.85, chrome: {chromedriverVersion: 121.0.6167.85 (3f98d690ad7e..., userDataDir: /tmp/.org.chromium.Chromium...}, fedcm:accounts: true, goog:chromeOptions: {debuggerAddress: localhost:44287}, networkConnectionEnabled: false, pageLoadStrategy: normal, platformName: linux, proxy: Proxy(), se:cdp: ws://localhost:4444/devtool..., se:cdpVersion: 121.0.6167.85, setWindowRect: true, strictFileInteractability: false, timeouts: {implicit: 0, pageLoad: 300000, script: 30000}, unhandledPromptBehavior: accept, webauthn:extension:credBlob: true, webauthn:extension:largeBlob: true, webauthn:extension:minPinLength: true, webauthn:extension:prf: true, webauthn:virtualAuthenticators: true}\nSession ID: a0cca413d306e9f0e40daed25bf0d877\n\tat jdk.internal.reflect.GeneratedConstructorAccessor32.newInstance(Unknown Source)\n\tat java.base/jdk.internal.reflect.DelegatingConstructorAccessorImpl.newInstance(DelegatingConstructorAccessorImpl.java:45)\n\tat java.base/java.lang.reflect.Constructor.newInstanceWithCaller(Constructor.java:500)\n\tat java.base/java.lang.reflect.Constructor.newInstance(Constructor.java:481)\n\tat org.openqa.selenium.remote.ErrorCodec.decode(ErrorCodec.java:167)\n\tat org.openqa.selenium.remote.codec.w3c.W3CHttpResponseCodec.decode(W3CHttpResponseCodec.java:138)\n\tat org.openqa.selenium.remote.codec.w3c.W3CHttpResponseCodec.decode(W3CHttpResponseCodec.java:50)\n\tat org.openqa.selenium.remote.HttpCommandExecutor.execute(HttpCommandExecutor.java:215)\n\tat org.openqa.selenium.remote.RemoteWebDriver.execute(RemoteWebDriver.java:545)\n\tat org.openqa.selenium.remote.ElementLocation$ElementFinder$2.findElement(ElementLocation.java:165)\n\tat org.openqa.selenium.remote.ElementLocation.findElement(ElementLocation.java:59)\n\tat org.openqa.selenium.remote.RemoteWebDriver.findElement(RemoteWebDriver.java:368)\n\tat org.openqa.selenium.remote.RemoteWebDriver.findElement(RemoteWebDriver.java:362)\n\tat com.codeborne.selenide.impl.WebElementSelector.findElement(WebElementSelector.java:64)\n\tat com.codeborne.selenide.impl.WebElementSelector.findElement(WebElementSelector.java:39)\n\tat com.codeborne.selenide.impl.WebElementSelector.findElement(WebElementSelector.java:30)\n\tat com.codeborne.selenide.impl.ElementFinder.getWebElement(ElementFinder.java:106)\n\tat com.codeborne.selenide.impl.WebElementSource.checkConditionAndReturnElement(WebElementSource.java:91)\n\t... 81 more\n","steps":[],"attachments":[{"uid":"67c425524f7d3e4a","name":"Screenshot","source":"67c425524f7d3e4a.png","type":"image/png","size":38257},{"uid":"f17519e83cc148b0","name":"Page source","source":"f17519e83cc148b0.html","type":"text/html","size":68032}],"parameters":[],"shouldDisplayMessage":true,"stepsCount":0,"attachmentsCount":2,"hasContent":true},{"name":"$(\"open\") http://172.17.0.1:8111/admin/createObjectMenu.html?projectId=test_yZMgVUTRPz&showMode=createBuildTypeMenu","time":{"start":1744667719582,"stop":1744667735395,"duration":15813},"status":"passed","steps":[],"attachments":[],"parameters":[],"shouldDisplayMessage":false,"stepsCount":0,"attachmentsCount":0,"hasContent":false},{"name":"$(\"#url\") should be([visible, 5 s.])","time":{"start":1744667735396,"stop":1744667736181,"duration":785},"status":"passed","steps":[],"attachments":[],"parameters":[],"shouldDisplayMessage":false,"stepsCount":0,"attachmentsCount":0,"hasContent":false},{"name":"$(\"#url\") should be([visible, 30 s.])","time":{"start":1744667736181,"stop":1744667736227,"duration":46},"status":"passed","steps":[],"attachments":[],"parameters":[],"shouldDisplayMessage":false,"stepsCount":0,"attachmentsCount":0,"hasContent":false},{"name":"$(\"#url\") val(https://github.com/ALexPshe/spring-core-for-qa)","time":{"start":1744667736227,"stop":1744667736469,"duration":242},"status":"passed","steps":[],"attachments":[],"parameters":[],"shouldDisplayMessage":false,"stepsCount":0,"attachmentsCount":0,"hasContent":false},{"name":"$(\"[value=\"Proceed\"]\") click()","time":{"start":1744667736469,"stop":1744667736595,"duration":126},"status":"passed","steps":[],"attachments":[],"parameters":[],"shouldDisplayMessage":false,"stepsCount":0,"attachmentsCount":0,"hasContent":false},{"name":"$(\".connectionSuccessful\") should([be visible, 30 s.])","time":{"start":1744667736597,"stop":1744667746914,"duration":10317},"status":"passed","steps":[],"attachments":[],"parameters":[],"shouldDisplayMessage":false,"stepsCount":0,"attachmentsCount":0,"hasContent":false},{"name":"$(\"#buildTypeName\") val()","time":{"start":1744667746914,"stop":1744667747031,"duration":117},"status":"passed","steps":[],"attachments":[],"parameters":[],"shouldDisplayMessage":false,"stepsCount":0,"attachmentsCount":0,"hasContent":false},{"name":"$(\"[value=\"Proceed\"]\") click()","time":{"start":1744667747031,"stop":1744667747153,"duration":122},"status":"passed","steps":[],"attachments":[],"parameters":[],"shouldDisplayMessage":false,"stepsCount":0,"attachmentsCount":0,"hasContent":false},{"name":"$(\"#error_buildTypeName\") should be(visible)","time":{"start":1744667747153,"stop":1744667747209,"duration":56},"status":"passed","steps":[],"attachments":[],"parameters":[],"shouldDisplayMessage":false,"stepsCount":0,"attachmentsCount":0,"hasContent":false},{"name":"$(\"#error_buildTypeName\") should have(text \"Name must not be empty\")","time":{"start":1744667747213,"stop":1744667747283,"duration":70},"status":"passed","steps":[],"attachments":[],"parameters":[],"shouldDisplayMessage":false,"stepsCount":0,"attachmentsCount":0,"hasContent":false},{"name":"Check that error message is displayed on Create Build Type Page","time":{"start":1744667747283,"stop":1744667747283,"duration":0},"status":"passed","steps":[],"attachments":[],"parameters":[],"shouldDisplayMessage":false,"stepsCount":0,"attachmentsCount":0,"hasContent":false},{"name":"$(\"#error_buildTypeName\") should be(visible)","time":{"start":1744667747283,"stop":1744667747309,"duration":26},"status":"passed","steps":[],"attachments":[],"parameters":[],"shouldDisplayMessage":false,"stepsCount":0,"attachmentsCount":0,"hasContent":false},{"name":"$(\"#error_buildTypeName\") should have(text \"Name must not be empty\")","time":{"start":1744667747309,"stop":1744667747342,"duration":33},"status":"passed","steps":[],"attachments":[],"parameters":[],"shouldDisplayMessage":false,"stepsCount":0,"attachmentsCount":0,"hasContent":false},{"name":"Check that build type was not created on API Level","time":{"start":1744667747342,"stop":1744667747342,"duration":0},"status":"passed","steps":[],"attachments":[],"parameters":[],"shouldDisplayMessage":false,"stepsCount":0,"attachmentsCount":0,"hasContent":false},{"name":"Check API response status code is 404","time":{"start":1744667747515,"stop":1744667747515,"duration":0},"status":"passed","steps":[],"attachments":[],"parameters":[],"shouldDisplayMessage":false,"stepsCount":0,"attachmentsCount":0,"hasContent":false},{"name":"Check that build type is null","time":{"start":1744667748501,"stop":1744667748501,"duration":0},"status":"passed","steps":[],"attachments":[],"parameters":[],"shouldDisplayMessage":false,"stepsCount":0,"attachmentsCount":0,"hasContent":false},{"name":"$(\"webdriver\") close()","time":{"start":1744667748975,"stop":1744667749143,"duration":168},"status":"passed","steps":[],"attachments":[],"parameters":[],"shouldDisplayMessage":false,"stepsCount":0,"attachmentsCount":0,"hasContent":false}],"attachments":[{"uid":"3b45d61dbe340b98","name":"Request","source":"3b45d61dbe340b98.html","type":"text/html","size":1037},{"uid":"96a91f94fe9fdd4","name":"HTTP/1.1 200 ","source":"96a91f94fe9fdd4.html","type":"text/html","size":2225},{"uid":"ea40b3f69157ec67","name":"Request","source":"ea40b3f69157ec67.html","type":"text/html","size":622},{"uid":"9f2513ef06ad3543","name":"HTTP/1.1 404 ","source":"9f2513ef06ad3543.html","type":"text/html","size":876}],"parameters":[],"shouldDisplayMessage":false,"stepsCount":29,"attachmentsCount":10,"hasContent":true},"afterStages":[],"labels":[{"name":"tag","value":"regression"},{"name":"tag","value":"negative"},{"name":"junit.platform.uniqueid","value":"[engine:junit-jupiter]/[class:com.example.teamcity.ui.CreateBuildTypeTest]/[method:userCannotCreateBuildConfigurationWithMissingRequiredFieldTest()]"},{"name":"host","value":"fv-az1680-551"},{"name":"thread","value":"4141@fv-az1680-551.main(1)"},{"name":"framework","value":"junit-platform"},{"name":"language","value":"java"},{"name":"package","value":"com.example.teamcity.ui.CreateBuildTypeTest"},{"name":"testClass","value":"com.example.teamcity.ui.CreateBuildTypeTest"},{"name":"testMethod","value":"userCannotCreateBuildConfigurationWithMissingRequiredFieldTest"},{"name":"suite","value":"com.example.teamcity.ui.CreateBuildTypeTest"},{"name":"resultFormat","value":"allure2"}],"parameters":[],"links":[],"hidden":false,"retry":false,"extra":{"severity":"normal","retries":[],"categories":[],"history":{"statistic":{"failed":16,"broken":0,"skipped":0,"passed":10,"unknown":0,"total":26},"items":[{"uid":"887af4ed809f571b","reportUrl":"https://paceville.github.io/teamcityTests/ui/59//#testresult/887af4ed809f571b","status":"passed","time":{"start":1744666936533,"stop":1744666995374,"duration":58841}},{"uid":"8aedb5d17e887888","reportUrl":"https://paceville.github.io/teamcityTests/ui/58//#testresult/8aedb5d17e887888","status":"passed","time":{"start":1744665755426,"stop":1744665813307,"duration":57881}},{"uid":"bf82f36e1bb0bd21","reportUrl":"https://paceville.github.io/teamcityTests/ui/57//#testresult/bf82f36e1bb0bd21","status":"passed","time":{"start":1744664577416,"stop":1744664628001,"duration":50585}},{"uid":"8390639f3e107daa","reportUrl":"https://paceville.github.io/teamcityTests/ui/56//#testresult/8390639f3e107daa","status":"passed","time":{"start":1744663334727,"stop":1744663395543,"duration":60816}},{"uid":"cc2bb8f3bae51d3c","reportUrl":"https://paceville.github.io/teamcityTests/ui/55//#testresult/cc2bb8f3bae51d3c","status":"passed","time":{"start":1744662092768,"stop":1744662147040,"duration":54272}},{"uid":"1eb86d145910bdcf","reportUrl":"https://paceville.github.io/teamcityTests/ui/54//#testresult/1eb86d145910bdcf","status":"passed","time":{"start":1744661114354,"stop":1744661164133,"duration":49779}},{"uid":"4120d345a07c0784","reportUrl":"https://paceville.github.io/teamcityTests/ui/53//#testresult/4120d345a07c0784","status":"passed","time":{"start":1744660462785,"stop":1744660514961,"duration":52176}},{"uid":"8a5b94fc9ac10a0c","reportUrl":"https://paceville.github.io/teamcityTests/ui/52//#testresult/8a5b94fc9ac10a0c","status":"passed","time":{"start":1744658854680,"stop":1744658903768,"duration":49088}},{"uid":"12a50f1573291204","reportUrl":"https://paceville.github.io/teamcityTests/ui/51//#testresult/12a50f1573291204","status":"passed","time":{"start":1744658549039,"stop":1744658601798,"duration":52759}},{"uid":"749ecb1379f4876a","reportUrl":"https://paceville.github.io/teamcityTests/ui/50//#testresult/749ecb1379f4876a","status":"failed","statusDetails":"Element not found {#url}\nExpected: visible\nScreenshot: file:/home/runner/work/teamcityTests/teamcityTests/build/reports/tests/1744658268907.0.png\nPage source: file:/home/runner/work/teamcityTests/teamcityTests/build/reports/tests/1744658268907.0.html\nTimeout: 30 s.\nCaused by: NoSuchElementException: no such element: Unable to locate element: {\"method\":\"css selector\",\"selector\":\"#url\"}","time":{"start":1744658203468,"stop":1744658269580,"duration":66112}},{"uid":"686e947279a4d2f6","reportUrl":"https://paceville.github.io/teamcityTests/ui/49//#testresult/686e947279a4d2f6","status":"failed","statusDetails":"Element not found {#url}\nExpected: visible\nScreenshot: file:/home/runner/work/teamcityTests/teamcityTests/build/reports/tests/1744657224224.0.png\nPage source: file:/home/runner/work/teamcityTests/teamcityTests/build/reports/tests/1744657224224.0.html\nTimeout: 180 s.\nCaused by: NoSuchElementException: no such element: Unable to locate element: {\"method\":\"css selector\",\"selector\":\"#url\"}","time":{"start":1744657027776,"stop":1744657224608,"duration":196832}},{"uid":"fe7612f5ff3c9138","reportUrl":"https://paceville.github.io/teamcityTests/ui/48//#testresult/fe7612f5ff3c9138","status":"failed","statusDetails":"Element not found {#url}\nExpected: visible\nScreenshot: file:/home/runner/work/teamcityTests/teamcityTests/build/reports/tests/1744655805225.0.png\nPage source: file:/home/runner/work/teamcityTests/teamcityTests/build/reports/tests/1744655805225.0.html\nTimeout: 30 s.\nCaused by: NoSuchElementException: no such element: Unable to locate element: {\"method\":\"css selector\",\"selector\":\"#url\"}","time":{"start":1744655740324,"stop":1744655805890,"duration":65566}},{"uid":"c15d91c2a92fd396","reportUrl":"https://paceville.github.io/teamcityTests/ui/46//#testresult/c15d91c2a92fd396","status":"failed","statusDetails":"Element not found {#url}\nExpected: visible\nScreenshot: file:/home/runner/work/teamcityTests/teamcityTests/build/reports/tests/1744641696890.0.png\nPage source: file:/home/runner/work/teamcityTests/teamcityTests/build/reports/tests/1744641696890.0.html\nTimeout: 30 s.\nCaused by: NoSuchElementException: no such element: Unable to locate element: {\"method\":\"css selector\",\"selector\":\"#url\"}","time":{"start":1744641652746,"stop":1744641697532,"duration":44786}},{"uid":"deb510b607745e4e","reportUrl":"https://paceville.github.io/teamcityTests/ui/45//#testresult/deb510b607745e4e","status":"failed","statusDetails":"Element not found {#url}\nExpected: visible\nScreenshot: file:/home/runner/work/teamcityTests/teamcityTests/build/reports/tests/1744639935009.0.png\nPage source: file:/home/runner/work/teamcityTests/teamcityTests/build/reports/tests/1744639935009.0.html\nTimeout: 30 s.\nCaused by: NoSuchElementException: no such element: Unable to locate element: {\"method\":\"css selector\",\"selector\":\"#url\"}","time":{"start":1744639888707,"stop":1744639935567,"duration":46860}},{"uid":"1aaf2fe9e79978c8","reportUrl":"https://paceville.github.io/teamcityTests/ui/44//#testresult/1aaf2fe9e79978c8","status":"failed","statusDetails":"Element not found {#url}\nExpected: visible\nScreenshot: file:/home/runner/work/teamcityTests/teamcityTests/build/reports/tests/1744638067863.0.png\nPage source: file:/home/runner/work/teamcityTests/teamcityTests/build/reports/tests/1744638067863.0.html\nTimeout: 30 s.\nCaused by: NoSuchElementException: no such element: Unable to locate element: {\"method\":\"css selector\",\"selector\":\"#url\"}","time":{"start":1744638021318,"stop":1744638068411,"duration":47093}},{"uid":"60137c39b4ce4e24","reportUrl":"https://paceville.github.io/teamcityTests/ui/42//#testresult/60137c39b4ce4e24","status":"failed","statusDetails":"Element not found {#url}\nExpected: visible\nScreenshot: file:/home/runner/work/teamcityTests/teamcityTests/build/reports/tests/1744620884483.0.png\nPage source: file:/home/runner/work/teamcityTests/teamcityTests/build/reports/tests/1744620884483.0.html\nTimeout: 30 s.\nCaused by: NoSuchElementException: no such element: Unable to locate element: {\"method\":\"css selector\",\"selector\":\"#url\"}","time":{"start":1744620819206,"stop":1744620885149,"duration":65943}},{"uid":"4c63bccfd4d39d0e","reportUrl":"https://paceville.github.io/teamcityTests/ui/41//#testresult/4c63bccfd4d39d0e","status":"failed","statusDetails":"Element not found {#url}\nExpected: visible\nScreenshot: file:/home/runner/work/teamcityTests/teamcityTests/build/reports/tests/1744584350509.0.png\nPage source: file:/home/runner/work/teamcityTests/teamcityTests/build/reports/tests/1744584350509.0.html\nTimeout: 30 s.\nCaused by: NoSuchElementException: no such element: Unable to locate element: {\"method\":\"css selector\",\"selector\":\"#url\"}","time":{"start":1744584305247,"stop":1744584351119,"duration":45872}},{"uid":"7e3e40a20085d948","reportUrl":"https://paceville.github.io/teamcityTests/ui/40//#testresult/7e3e40a20085d948","status":"failed","statusDetails":"Element not found {#url}\nExpected: visible\nScreenshot: file:/home/runner/work/teamcityTests/teamcityTests/build/reports/tests/1744583044978.0.png\nPage source: file:/home/runner/work/teamcityTests/teamcityTests/build/reports/tests/1744583044978.0.html\nTimeout: 30 s.\nCaused by: NoSuchElementException: no such element: Unable to locate element: {\"method\":\"css selector\",\"selector\":\"#url\"}","time":{"start":1744582997420,"stop":1744583045535,"duration":48115}},{"uid":"a5b280fad300784d","reportUrl":"https://paceville.github.io/teamcityTests/ui/39//#testresult/a5b280fad300784d","status":"failed","statusDetails":"Element not found {#url}\nExpected: visible\nScreenshot: file:/home/runner/work/teamcityTests/teamcityTests/build/reports/tests/1744581602183.0.png\nPage source: file:/home/runner/work/teamcityTests/teamcityTests/build/reports/tests/1744581602183.0.html\nTimeout: 30 s.\nCaused by: NoSuchElementException: no such element: Unable to locate element: {\"method\":\"css selector\",\"selector\":\"#url\"}","time":{"start":1744581537731,"stop":1744581602885,"duration":65154}},{"uid":"52ace8f6dfae687","reportUrl":"https://paceville.github.io/teamcityTests/ui/38//#testresult/52ace8f6dfae687","status":"failed","statusDetails":"Element not found {#url}\nExpected: visible\nScreenshot: file:/home/runner/work/teamcityTests/teamcityTests/build/reports/tests/1744580382434.0.png\nPage source: file:/home/runner/work/teamcityTests/teamcityTests/build/reports/tests/1744580382434.0.html\nTimeout: 30 s.\nCaused by: NoSuchElementException: no such element: Unable to locate element: {\"method\":\"css selector\",\"selector\":\"#url\"}","time":{"start":1744580316901,"stop":1744580383108,"duration":66207}}]},"tags":["negative","regression"]},"source":"1ca934b0040f2e7d.json","parameterValues":[]}