{"uid":"315026258d079fab","name":"User should be able to create a new build configuration via UI clicks","fullName":"com.example.teamcity.ui.CreateBuildTypeTest.userCreatesBuildConfigurationViaUiTest","historyId":"d559077cadb837c7ecb6eac28df8dc01","time":{"start":1744675572660,"stop":1744675576374,"duration":3714},"description":"","status":"broken","statusMessage":"Cannot invoke \"com.example.teamcity.ui.pages.admin.CreateBuildTypePage.openProjectViaUi(String)\" because \"this.createBuildTypePage\" is null","statusTrace":"java.lang.NullPointerException: Cannot invoke \"com.example.teamcity.ui.pages.admin.CreateBuildTypePage.openProjectViaUi(String)\" because \"this.createBuildTypePage\" is null\n\tat com.example.teamcity.ui.CreateBuildTypeTest.lambda$userCreatesBuildConfigurationViaUiTest$3(CreateBuildTypeTest.java:49)\n\tat io.qameta.allure.Allure.lambda$step$0(Allure.java:113)\n\tat io.qameta.allure.Allure.lambda$step$1(Allure.java:127)\n\tat io.qameta.allure.Allure.step(Allure.java:181)\n\tat io.qameta.allure.Allure.step(Allure.java:125)\n\tat io.qameta.allure.Allure.step(Allure.java:112)\n\tat com.example.teamcity.ui.CreateBuildTypeTest.userCreatesBuildConfigurationViaUiTest(CreateBuildTypeTest.java:48)\n\tat java.base/java.lang.reflect.Method.invoke(Method.java:569)\n\tat java.base/java.util.ArrayList.forEach(ArrayList.java:1511)\n\tat java.base/java.util.ArrayList.forEach(ArrayList.java:1511)\n","flaky":true,"newFailed":false,"newBroken":true,"newPassed":false,"retriesCount":0,"retriesStatusChange":false,"beforeStages":[],"testStage":{"description":"","status":"broken","statusMessage":"Cannot invoke \"com.example.teamcity.ui.pages.admin.CreateBuildTypePage.openProjectViaUi(String)\" because \"this.createBuildTypePage\" is null","statusTrace":"java.lang.NullPointerException: Cannot invoke \"com.example.teamcity.ui.pages.admin.CreateBuildTypePage.openProjectViaUi(String)\" because \"this.createBuildTypePage\" is null\n\tat com.example.teamcity.ui.CreateBuildTypeTest.lambda$userCreatesBuildConfigurationViaUiTest$3(CreateBuildTypeTest.java:49)\n\tat io.qameta.allure.Allure.lambda$step$0(Allure.java:113)\n\tat io.qameta.allure.Allure.lambda$step$1(Allure.java:127)\n\tat io.qameta.allure.Allure.step(Allure.java:181)\n\tat io.qameta.allure.Allure.step(Allure.java:125)\n\tat io.qameta.allure.Allure.step(Allure.java:112)\n\tat com.example.teamcity.ui.CreateBuildTypeTest.userCreatesBuildConfigurationViaUiTest(CreateBuildTypeTest.java:48)\n\tat java.base/java.lang.reflect.Method.invoke(Method.java:569)\n\tat java.base/java.util.ArrayList.forEach(ArrayList.java:1511)\n\tat java.base/java.util.ArrayList.forEach(ArrayList.java:1511)\n","steps":[{"name":"Create user","time":{"start":1744675572662,"stop":1744675572736,"duration":74},"status":"passed","steps":[],"attachments":[{"uid":"eae36be57df51767","name":"Request","source":"eae36be57df51767.html","type":"text/html","size":1381},{"uid":"c3f4c95f90fd264","name":"HTTP/1.1 200 ","source":"c3f4c95f90fd264.html","type":"text/html","size":2088}],"parameters":[],"shouldDisplayMessage":false,"stepsCount":0,"attachmentsCount":2,"hasContent":true},{"name":"Create a project via API","time":{"start":1744675572737,"stop":1744675572850,"duration":113},"status":"passed","steps":[],"attachments":[{"uid":"6de25583cf30ae66","name":"Request","source":"6de25583cf30ae66.html","type":"text/html","size":1037},{"uid":"b3b392da8fbfec89","name":"HTTP/1.1 200 ","source":"b3b392da8fbfec89.html","type":"text/html","size":2225}],"parameters":[],"shouldDisplayMessage":false,"stepsCount":0,"attachmentsCount":2,"hasContent":true},{"name":"Login as user","time":{"start":1744675572851,"stop":1744675576306,"duration":3455},"status":"passed","steps":[{"name":"Create user","time":{"start":1744675572851,"stop":1744675572956,"duration":105},"status":"passed","steps":[],"attachments":[{"uid":"1ee8c8e4ad22c7ed","name":"Request","source":"1ee8c8e4ad22c7ed.html","type":"text/html","size":1381},{"uid":"da0e5f425e3a2b4b","name":"HTTP/1.1 200 ","source":"da0e5f425e3a2b4b.html","type":"text/html","size":2088}],"parameters":[],"shouldDisplayMessage":false,"stepsCount":0,"attachmentsCount":2,"hasContent":true},{"name":"$(\"open\") http://172.17.0.1:8111/login.html","time":{"start":1744675572956,"stop":1744675575589,"duration":2633},"status":"passed","steps":[{"name":"$(\"webdriver\") create()","time":{"start":1744675572957,"stop":1744675574666,"duration":1709},"status":"passed","steps":[],"attachments":[],"parameters":[],"shouldDisplayMessage":false,"stepsCount":0,"attachmentsCount":0,"hasContent":false}],"attachments":[],"parameters":[],"shouldDisplayMessage":false,"stepsCount":1,"attachmentsCount":0,"hasContent":true},{"name":"$(\"#username\") val(test_YarICeFuLl)","time":{"start":1744675575589,"stop":1744675576011,"duration":422},"status":"passed","steps":[],"attachments":[],"parameters":[],"shouldDisplayMessage":false,"stepsCount":0,"attachmentsCount":0,"hasContent":false},{"name":"$(\"#password\") val(test_nzndaFdOKd)","time":{"start":1744675576011,"stop":1744675576187,"duration":176},"status":"passed","steps":[],"attachments":[],"parameters":[],"shouldDisplayMessage":false,"stepsCount":0,"attachmentsCount":0,"hasContent":false},{"name":"$(\".loginButton\") click()","time":{"start":1744675576187,"stop":1744675576306,"duration":119},"status":"passed","steps":[],"attachments":[],"parameters":[],"shouldDisplayMessage":false,"stepsCount":0,"attachmentsCount":0,"hasContent":false}],"attachments":[],"parameters":[],"shouldDisplayMessage":false,"stepsCount":6,"attachmentsCount":2,"hasContent":true},{"name":"Open project page via UI","time":{"start":1744675576307,"stop":1744675576307,"duration":0},"status":"broken","statusMessage":"Cannot invoke \"com.example.teamcity.ui.pages.admin.CreateBuildTypePage.openProjectViaUi(String)\" because \"this.createBuildTypePage\" is null","statusTrace":"java.lang.NullPointerException: Cannot invoke \"com.example.teamcity.ui.pages.admin.CreateBuildTypePage.openProjectViaUi(String)\" because \"this.createBuildTypePage\" is null\n\tat com.example.teamcity.ui.CreateBuildTypeTest.lambda$userCreatesBuildConfigurationViaUiTest$3(CreateBuildTypeTest.java:49)\n\tat io.qameta.allure.Allure.lambda$step$0(Allure.java:113)\n\tat io.qameta.allure.Allure.lambda$step$1(Allure.java:127)\n\tat io.qameta.allure.Allure.step(Allure.java:181)\n\tat io.qameta.allure.Allure.step(Allure.java:125)\n\tat io.qameta.allure.Allure.step(Allure.java:112)\n\tat com.example.teamcity.ui.CreateBuildTypeTest.userCreatesBuildConfigurationViaUiTest(CreateBuildTypeTest.java:48)\n\tat java.base/jdk.internal.reflect.NativeMethodAccessorImpl.invoke0(Native Method)\n\tat java.base/jdk.internal.reflect.NativeMethodAccessorImpl.invoke(NativeMethodAccessorImpl.java:77)\n\tat java.base/jdk.internal.reflect.DelegatingMethodAccessorImpl.invoke(DelegatingMethodAccessorImpl.java:43)\n\tat java.base/java.lang.reflect.Method.invoke(Method.java:569)\n\tat org.junit.platform.commons.util.ReflectionUtils.invokeMethod(ReflectionUtils.java:767)\n\tat org.junit.jupiter.engine.execution.MethodInvocation.proceed(MethodInvocation.java:60)\n\tat org.junit.jupiter.engine.execution.InvocationInterceptorChain$ValidatingInvocation.proceed(InvocationInterceptorChain.java:131)\n\tat org.junit.jupiter.engine.extension.TimeoutExtension.intercept(TimeoutExtension.java:156)\n\tat org.junit.jupiter.engine.extension.TimeoutExtension.interceptTestableMethod(TimeoutExtension.java:147)\n\tat org.junit.jupiter.engine.extension.TimeoutExtension.interceptTestMethod(TimeoutExtension.java:86)\n\tat org.junit.jupiter.engine.execution.InterceptingExecutableInvoker$ReflectiveInterceptorCall.lambda$ofVoidMethod$0(InterceptingExecutableInvoker.java:103)\n\tat org.junit.jupiter.engine.execution.InterceptingExecutableInvoker.lambda$invoke$0(InterceptingExecutableInvoker.java:93)\n\tat org.junit.jupiter.engine.execution.InvocationInterceptorChain$InterceptedInvocation.proceed(InvocationInterceptorChain.java:106)\n\tat org.junit.jupiter.engine.execution.InvocationInterceptorChain.proceed(InvocationInterceptorChain.java:64)\n\tat org.junit.jupiter.engine.execution.InvocationInterceptorChain.chainAndInvoke(InvocationInterceptorChain.java:45)\n\tat org.junit.jupiter.engine.execution.InvocationInterceptorChain.invoke(InvocationInterceptorChain.java:37)\n\tat org.junit.jupiter.engine.execution.InterceptingExecutableInvoker.invoke(InterceptingExecutableInvoker.java:92)\n\tat org.junit.jupiter.engine.execution.InterceptingExecutableInvoker.invoke(InterceptingExecutableInvoker.java:86)\n\tat org.junit.jupiter.engine.descriptor.TestMethodTestDescriptor.lambda$invokeTestMethod$8(TestMethodTestDescriptor.java:217)\n\tat org.junit.platform.engine.support.hierarchical.ThrowableCollector.execute(ThrowableCollector.java:73)\n\tat org.junit.jupiter.engine.descriptor.TestMethodTestDescriptor.invokeTestMethod(TestMethodTestDescriptor.java:213)\n\tat org.junit.jupiter.engine.descriptor.TestMethodTestDescriptor.execute(TestMethodTestDescriptor.java:138)\n\tat org.junit.jupiter.engine.descriptor.TestMethodTestDescriptor.execute(TestMethodTestDescriptor.java:68)\n\tat org.junit.platform.engine.support.hierarchical.NodeTestTask.lambda$executeRecursively$6(NodeTestTask.java:156)\n\tat org.junit.platform.engine.support.hierarchical.ThrowableCollector.execute(ThrowableCollector.java:73)\n\tat org.junit.platform.engine.support.hierarchical.NodeTestTask.lambda$executeRecursively$8(NodeTestTask.java:146)\n\tat org.junit.platform.engine.support.hierarchical.Node.around(Node.java:137)\n\tat org.junit.platform.engine.support.hierarchical.NodeTestTask.lambda$executeRecursively$9(NodeTestTask.java:144)\n\tat org.junit.platform.engine.support.hierarchical.ThrowableCollector.execute(ThrowableCollector.java:73)\n\tat org.junit.platform.engine.support.hierarchical.NodeTestTask.executeRecursively(NodeTestTask.java:143)\n\tat org.junit.platform.engine.support.hierarchical.NodeTestTask.execute(NodeTestTask.java:100)\n\tat java.base/java.util.ArrayList.forEach(ArrayList.java:1511)\n\tat org.junit.platform.engine.support.hierarchical.SameThreadHierarchicalTestExecutorService.invokeAll(SameThreadHierarchicalTestExecutorService.java:41)\n\tat org.junit.platform.engine.support.hierarchical.NodeTestTask.lambda$executeRecursively$6(NodeTestTask.java:160)\n\tat org.junit.platform.engine.support.hierarchical.ThrowableCollector.execute(ThrowableCollector.java:73)\n\tat org.junit.platform.engine.support.hierarchical.NodeTestTask.lambda$executeRecursively$8(NodeTestTask.java:146)\n\tat org.junit.platform.engine.support.hierarchical.Node.around(Node.java:137)\n\tat org.junit.platform.engine.support.hierarchical.NodeTestTask.lambda$executeRecursively$9(NodeTestTask.java:144)\n\tat org.junit.platform.engine.support.hierarchical.ThrowableCollector.execute(ThrowableCollector.java:73)\n\tat org.junit.platform.engine.support.hierarchical.NodeTestTask.executeRecursively(NodeTestTask.java:143)\n\tat org.junit.platform.engine.support.hierarchical.NodeTestTask.execute(NodeTestTask.java:100)\n\tat java.base/java.util.ArrayList.forEach(ArrayList.java:1511)\n\tat org.junit.platform.engine.support.hierarchical.SameThreadHierarchicalTestExecutorService.invokeAll(SameThreadHierarchicalTestExecutorService.java:41)\n\tat org.junit.platform.engine.support.hierarchical.NodeTestTask.lambda$executeRecursively$6(NodeTestTask.java:160)\n\tat org.junit.platform.engine.support.hierarchical.ThrowableCollector.execute(ThrowableCollector.java:73)\n\tat org.junit.platform.engine.support.hierarchical.NodeTestTask.lambda$executeRecursively$8(NodeTestTask.java:146)\n\tat org.junit.platform.engine.support.hierarchical.Node.around(Node.java:137)\n\tat org.junit.platform.engine.support.hierarchical.NodeTestTask.lambda$executeRecursively$9(NodeTestTask.java:144)\n\tat org.junit.platform.engine.support.hierarchical.ThrowableCollector.execute(ThrowableCollector.java:73)\n\tat org.junit.platform.engine.support.hierarchical.NodeTestTask.executeRecursively(NodeTestTask.java:143)\n\tat org.junit.platform.engine.support.hierarchical.NodeTestTask.execute(NodeTestTask.java:100)\n\tat org.junit.platform.engine.support.hierarchical.SameThreadHierarchicalTestExecutorService.submit(SameThreadHierarchicalTestExecutorService.java:35)\n\tat org.junit.platform.engine.support.hierarchical.HierarchicalTestExecutor.execute(HierarchicalTestExecutor.java:57)\n\tat org.junit.platform.engine.support.hierarchical.HierarchicalTestEngine.execute(HierarchicalTestEngine.java:54)\n\tat org.junit.platform.launcher.core.EngineExecutionOrchestrator.execute(EngineExecutionOrchestrator.java:198)\n\tat org.junit.platform.launcher.core.EngineExecutionOrchestrator.execute(EngineExecutionOrchestrator.java:169)\n\tat org.junit.platform.launcher.core.EngineExecutionOrchestrator.execute(EngineExecutionOrchestrator.java:93)\n\tat org.junit.platform.launcher.core.EngineExecutionOrchestrator.lambda$execute$0(EngineExecutionOrchestrator.java:58)\n\tat org.junit.platform.launcher.core.EngineExecutionOrchestrator.withInterceptedStreams(EngineExecutionOrchestrator.java:141)\n\tat org.junit.platform.launcher.core.EngineExecutionOrchestrator.execute(EngineExecutionOrchestrator.java:57)\n\tat org.junit.platform.launcher.core.DefaultLauncher.execute(DefaultLauncher.java:103)\n\tat org.junit.platform.launcher.core.DefaultLauncher.execute(DefaultLauncher.java:85)\n\tat org.junit.platform.launcher.core.DelegatingLauncher.execute(DelegatingLauncher.java:47)\n\tat org.apache.maven.surefire.junitplatform.LazyLauncher.execute(LazyLauncher.java:56)\n\tat org.apache.maven.surefire.junitplatform.JUnitPlatformProvider.execute(JUnitPlatformProvider.java:184)\n\tat org.apache.maven.surefire.junitplatform.JUnitPlatformProvider.invokeAllTests(JUnitPlatformProvider.java:148)\n\tat org.apache.maven.surefire.junitplatform.JUnitPlatformProvider.invoke(JUnitPlatformProvider.java:122)\n\tat org.apache.maven.surefire.booter.ForkedBooter.runSuitesInProcess(ForkedBooter.java:385)\n\tat org.apache.maven.surefire.booter.ForkedBooter.execute(ForkedBooter.java:162)\n\tat org.apache.maven.surefire.booter.ForkedBooter.run(ForkedBooter.java:507)\n\tat org.apache.maven.surefire.booter.ForkedBooter.main(ForkedBooter.java:495)\n","steps":[],"attachments":[],"parameters":[],"shouldDisplayMessage":true,"stepsCount":0,"attachmentsCount":0,"hasContent":true},{"name":"$(\"webdriver\") close()","time":{"start":1744675576308,"stop":1744675576372,"duration":64},"status":"passed","steps":[],"attachments":[],"parameters":[],"shouldDisplayMessage":false,"stepsCount":0,"attachmentsCount":0,"hasContent":false}],"attachments":[],"parameters":[],"shouldDisplayMessage":false,"stepsCount":11,"attachmentsCount":6,"hasContent":true},"afterStages":[],"labels":[{"name":"tag","value":"regression"},{"name":"tag","value":"positive"},{"name":"junit.platform.uniqueid","value":"[engine:junit-jupiter]/[class:com.example.teamcity.ui.CreateBuildTypeTest]/[method:userCreatesBuildConfigurationViaUiTest()]"},{"name":"host","value":"fv-az1044-747"},{"name":"thread","value":"4090@fv-az1044-747.main(1)"},{"name":"framework","value":"junit-platform"},{"name":"language","value":"java"},{"name":"package","value":"com.example.teamcity.ui.CreateBuildTypeTest"},{"name":"testClass","value":"com.example.teamcity.ui.CreateBuildTypeTest"},{"name":"testMethod","value":"userCreatesBuildConfigurationViaUiTest"},{"name":"suite","value":"com.example.teamcity.ui.CreateBuildTypeTest"},{"name":"resultFormat","value":"allure2"}],"parameters":[],"links":[],"hidden":false,"retry":false,"extra":{"severity":"normal","retries":[],"categories":[{"name":"Test defects","matchedStatuses":[],"flaky":false}],"history":{"statistic":{"failed":6,"broken":2,"skipped":0,"passed":6,"unknown":0,"total":14},"items":[{"uid":"fef18fd84e8db9d3","reportUrl":"https://paceville.github.io/teamcityTests/ui/64//#testresult/fef18fd84e8db9d3","status":"passed","time":{"start":1744672381453,"stop":1744672405682,"duration":24229}},{"uid":"365b3eb9a691b40d","reportUrl":"https://paceville.github.io/teamcityTests/ui/63//#testresult/365b3eb9a691b40d","status":"passed","time":{"start":1744671329741,"stop":1744671354104,"duration":24363}},{"uid":"6f0a99446bf8ce0e","reportUrl":"https://paceville.github.io/teamcityTests/ui/62//#testresult/6f0a99446bf8ce0e","status":"failed","statusDetails":"Element not found {span[title='test_fGADTNjntF'] span.MiddleEllipsis__searchable--uZ}\nExpected: visible\nScreenshot: file:/home/runner/work/teamcityTests/teamcityTests/build/reports/tests/1744669822019.5.png\nPage source: file:/home/runner/work/teamcityTests/teamcityTests/build/reports/tests/1744669822019.5.html\nTimeout: 10 s.\nCaused by: NoSuchElementException: no such element: Unable to locate element: {\"method\":\"css selector\",\"selector\":\"span[title='test_fGADTNjntF'] span.MiddleEllipsis__searchable--uZ\"}","time":{"start":1744669799994,"stop":1744669823442,"duration":23448}},{"uid":"ba65c2a5433b73dd","reportUrl":"https://paceville.github.io/teamcityTests/ui/61//#testresult/ba65c2a5433b73dd","status":"passed","time":{"start":1744668554606,"stop":1744668575230,"duration":20624}},{"uid":"a65097cf96523155","reportUrl":"https://paceville.github.io/teamcityTests/ui/60//#testresult/a65097cf96523155","status":"passed","time":{"start":1744667749248,"stop":1744667776082,"duration":26834}},{"uid":"279a36c2b48e4da6","reportUrl":"https://paceville.github.io/teamcityTests/ui/59//#testresult/279a36c2b48e4da6","status":"passed","time":{"start":1744666995481,"stop":1744667013152,"duration":17671}},{"uid":"2a9da1d0a1173177","reportUrl":"https://paceville.github.io/teamcityTests/ui/58//#testresult/2a9da1d0a1173177","status":"passed","time":{"start":1744665813463,"stop":1744665832933,"duration":19470}},{"uid":"fa5506e9094c0fe9","reportUrl":"https://paceville.github.io/teamcityTests/ui/57//#testresult/fa5506e9094c0fe9","status":"failed","statusDetails":"Element not found {by text: New build configuration}\nExpected: clickable: interactable and enabled\nScreenshot: file:/home/runner/work/teamcityTests/teamcityTests/build/reports/tests/1744664639243.1.png\nPage source: file:/home/runner/work/teamcityTests/teamcityTests/build/reports/tests/1744664639243.1.html\nTimeout: 4 s.\nCaused by: NoSuchElementException: no such element: Unable to locate element: {\"method\":\"xpath\",\"selector\":\".//*/text()[normalize-space(translate(string(.), '","time":{"start":1744664628192,"stop":1744664639956,"duration":11764}},{"uid":"7d61cae4a0f9539f","reportUrl":"https://paceville.github.io/teamcityTests/ui/56//#testresult/7d61cae4a0f9539f","status":"broken","statusDetails":"invalid selector: Unable to locate an element with the xpath expression html > body > div:nth-of-type(9) > div > div > div:nth-of-type(2) > div > div > div:nth-of-type(2) > div > a > span because of the following error:\nSyntaxError: Failed to execute 'evaluate' on 'Document': The string 'html > body > div:nth-of-type(9) > div > div > div:nth-of-type(2) > div > div > div:nth-of-type(2) > div > a > span' is not a valid XPath expression.\n  (Session info: chrome=121.0.6167.85)\nFor documentation on this error, please visit: https://www.selenium.dev/documentation/webdriver/troubleshooting/errors#invalid-selector-exception\nBuild info: version: '4.29.0', revision: '5fc1ec94cb'\nSystem info: os.name: 'Linux', os.arch: 'amd64', os.version: '6.8.0-1021-azure', java.version: '17.0.14'\nDriver info: org.openqa.selenium.remote.RemoteWebDriver\nCommand: [50717eadbeb0ce0ab44b10abfb6de6f0, findElement {value=html > body > div:nth-of-type(9) > div > div > div:nth-of-type(2) > div > div > div:nth-of-type(2) > div > a > span, using=xpath}]\nCapabilities {acceptInsecureCerts: true, browserName: chrome, browserVersion: 121.0.6167.85, chrome: {chromedriverVersion: 121.0.6167.85 (3f98d690ad7e..., userDataDir: /tmp/.org.chromium.Chromium...}, fedcm:accounts: true, goog:chromeOptions: {debuggerAddress: localhost:43101}, networkConnectionEnabled: false, pageLoadStrategy: normal, platformName: linux, proxy: Proxy(), se:cdp: ws://localhost:4444/devtool..., se:cdpVersion: 121.0.6167.85, setWindowRect: true, strictFileInteractability: false, timeouts: {implicit: 0, pageLoad: 300000, script: 30000}, unhandledPromptBehavior: accept, webauthn:extension:credBlob: true, webauthn:extension:largeBlob: true, webauthn:extension:minPinLength: true, webauthn:extension:prf: true, webauthn:virtualAuthenticators: true}\nSession ID: 50717eadbeb0ce0ab44b10abfb6de6f0","time":{"start":1744663395724,"stop":1744663403599,"duration":7875}},{"uid":"e97e01968171f644","reportUrl":"https://paceville.github.io/teamcityTests/ui/55//#testresult/e97e01968171f644","status":"failed","statusDetails":"Element not found {button[title='New project...']}\nExpected: clickable: interactable and enabled\nScreenshot: file:/home/runner/work/teamcityTests/teamcityTests/build/reports/tests/1744662164749.1.png\nPage source: file:/home/runner/work/teamcityTests/teamcityTests/build/reports/tests/1744662164749.1.html\nTimeout: 4 s.\nCaused by: NoSuchElementException: no such element: Unable to locate element: {\"method\":\"css selector\",\"selector\":\"button[title='New project...']\"}","time":{"start":1744662147281,"stop":1744662165344,"duration":18063}},{"uid":"ca217f2084736afe","reportUrl":"https://paceville.github.io/teamcityTests/ui/54//#testresult/ca217f2084736afe","status":"failed","statusDetails":"Element not found {span[title=projectname] span[class='MiddleEllipsis__searchable--uZ']}\nExpected: visible\nScreenshot: file:/home/runner/work/teamcityTests/teamcityTests/build/reports/tests/1744661468473.1.png\nPage source: file:/home/runner/work/teamcityTests/teamcityTests/build/reports/tests/1744661468473.1.html\nTimeout: 300 s.\nCaused by: NoSuchElementException: no such element: Unable to locate element: {\"method\":\"css selector\",\"selector\":\"span[title=projectname] span[class='MiddleEllipsis__searchable--uZ']\"}","time":{"start":1744661164391,"stop":1744661468853,"duration":304462}},{"uid":"9b5466904fde4c68","reportUrl":"https://paceville.github.io/teamcityTests/ui/53//#testresult/9b5466904fde4c68","status":"failed","statusDetails":"Element not found {span[title='test_maskRcSTEy'] span[class='MiddleEllipsis__searchable--uZ']}\nExpected: visible\nScreenshot: file:/home/runner/work/teamcityTests/teamcityTests/build/reports/tests/1744660527567.1.png\nPage source: file:/home/runner/work/teamcityTests/teamcityTests/build/reports/tests/1744660527567.1.html\nTimeout: 4 s.\nCaused by: NoSuchElementException: no such element: Unable to locate element: {\"method\":\"css selector\",\"selector\":\"span[title='test_maskRcSTEy'] span[class='MiddleEllipsis__searchable--uZ']\"}","time":{"start":1744660515217,"stop":1744660528439,"duration":13222}},{"uid":"6160681ecdaff805","reportUrl":"https://paceville.github.io/teamcityTests/ui/52//#testresult/6160681ecdaff805","status":"failed","statusDetails":"Element should have exact text \"test_xXEHAcDTsT\" {span[class*='ProjectPageHeader__title']}\nElement: '<span class=\"ProjectPageHeader__title--ih\">All Projects</span>'\nActual value: text=\"All Projects\"\nScreenshot: file:/home/runner/work/teamcityTests/teamcityTests/build/reports/tests/1744658913630.1.png\nPage source: file:/home/runner/work/teamcityTests/teamcityTests/build/reports/tests/1744658913630.1.html\nTimeout: 4 s.","time":{"start":1744658903959,"stop":1744658914195,"duration":10236}}]},"tags":["regression","positive"]},"source":"315026258d079fab.json","parameterValues":[]}