{"uid":"2f4a9829eb5517e8","name":"User cannot create a new build configuration with missing required field","fullName":"com.example.teamcity.ui.CreateBuildTypeTest.userCannotCreateBuildConfigurationWithMissingRequiredFieldTest","historyId":"cc9eb997e50a139e0f03003d19cb65f6","time":{"start":1744671282993,"stop":1744671329705,"duration":46712},"description":"","status":"passed","flaky":false,"newFailed":false,"newBroken":false,"newPassed":true,"retriesCount":0,"retriesStatusChange":false,"beforeStages":[],"testStage":{"description":"","status":"passed","steps":[{"name":"Create user","time":{"start":1744671283000,"stop":1744671283203,"duration":203},"status":"passed","steps":[],"attachments":[{"uid":"8764f894f7ea30c9","name":"Request","source":"8764f894f7ea30c9.html","type":"text/html","size":1381},{"uid":"62c3f1f9bd89b8b4","name":"HTTP/1.1 200 ","source":"62c3f1f9bd89b8b4.html","type":"text/html","size":2088}],"parameters":[],"shouldDisplayMessage":false,"stepsCount":0,"attachmentsCount":2,"hasContent":true},{"name":"Create a project via API","time":{"start":1744671283203,"stop":1744671283203,"duration":0},"status":"passed","steps":[],"attachments":[],"parameters":[],"shouldDisplayMessage":false,"stepsCount":0,"attachmentsCount":0,"hasContent":false},{"name":"Login as user","time":{"start":1744671283305,"stop":1744671283305,"duration":0},"status":"passed","steps":[],"attachments":[],"parameters":[],"shouldDisplayMessage":false,"stepsCount":0,"attachmentsCount":0,"hasContent":false},{"name":"Create user","time":{"start":1744671283306,"stop":1744671283408,"duration":102},"status":"passed","steps":[],"attachments":[{"uid":"4d8ead2a5871ddc5","name":"Request","source":"4d8ead2a5871ddc5.html","type":"text/html","size":1381},{"uid":"f975ede9b904069e","name":"HTTP/1.1 200 ","source":"f975ede9b904069e.html","type":"text/html","size":2088}],"parameters":[],"shouldDisplayMessage":false,"stepsCount":0,"attachmentsCount":2,"hasContent":true},{"name":"$(\"open\") http://172.17.0.1:8111/login.html","time":{"start":1744671283433,"stop":1744671293799,"duration":10366},"status":"passed","steps":[{"name":"$(\"webdriver\") create()","time":{"start":1744671283444,"stop":1744671291076,"duration":7632},"status":"passed","steps":[],"attachments":[],"parameters":[],"shouldDisplayMessage":false,"stepsCount":0,"attachmentsCount":0,"hasContent":false}],"attachments":[],"parameters":[],"shouldDisplayMessage":false,"stepsCount":1,"attachmentsCount":0,"hasContent":true},{"name":"$(\"#username\") val(test_ieDtINmEJL)","time":{"start":1744671293865,"stop":1744671294327,"duration":462},"status":"passed","steps":[],"attachments":[],"parameters":[],"shouldDisplayMessage":false,"stepsCount":0,"attachmentsCount":0,"hasContent":false},{"name":"$(\"#password\") val(test_CbDxKcTPEc)","time":{"start":1744671294327,"stop":1744671294514,"duration":187},"status":"passed","steps":[],"attachments":[],"parameters":[],"shouldDisplayMessage":false,"stepsCount":0,"attachmentsCount":0,"hasContent":false},{"name":"$(\".loginButton\") click()","time":{"start":1744671294514,"stop":1744671294678,"duration":164},"status":"passed","steps":[],"attachments":[],"parameters":[],"shouldDisplayMessage":false,"stepsCount":0,"attachmentsCount":0,"hasContent":false},{"name":"Open 'Create Build Configuration Page'","time":{"start":1744671294681,"stop":1744671294681,"duration":0},"status":"passed","steps":[],"attachments":[],"parameters":[],"shouldDisplayMessage":false,"stepsCount":0,"attachmentsCount":0,"hasContent":false},{"name":"$(\"open\") http://172.17.0.1:8111/admin/createObjectMenu.html?projectId=test_AAnvaIszqs&showMode=createBuildTypeMenu","time":{"start":1744671294682,"stop":1744671295318,"duration":636},"status":"passed","steps":[],"attachments":[],"parameters":[],"shouldDisplayMessage":false,"stepsCount":0,"attachmentsCount":0,"hasContent":false},{"name":"$(\"#url\") should be([visible, 5 s.])","time":{"start":1744671295331,"stop":1744671300814,"duration":5483},"status":"failed","statusMessage":"Element not found {#url}\nExpected: visible\nScreenshot: file:/home/runner/work/teamcityTests/teamcityTests/build/reports/tests/1744671300346.0.png\nPage source: file:/home/runner/work/teamcityTests/teamcityTests/build/reports/tests/1744671300346.0.html\nTimeout: 5 s.\nCaused by: NoSuchElementException: no such element: Unable to locate element: {\"method\":\"css selector\",\"selector\":\"#url\"}","statusTrace":"Element not found {#url}\nExpected: visible\nScreenshot: file:/home/runner/work/teamcityTests/teamcityTests/build/reports/tests/1744671300346.0.png\nPage source: file:/home/runner/work/teamcityTests/teamcityTests/build/reports/tests/1744671300346.0.html\nTimeout: 5 s.\nCaused by: NoSuchElementException: no such element: Unable to locate element: {\"method\":\"css selector\",\"selector\":\"#url\"}\n\tat com.codeborne.selenide.impl.WebElementSource.createElementNotFoundError(WebElementSource.java:68)\n\tat com.codeborne.selenide.impl.ElementFinder.createElementNotFoundError(ElementFinder.java:122)\n\tat com.codeborne.selenide.impl.WebElementSource.handleError(WebElementSource.java:119)\n\tat com.codeborne.selenide.impl.WebElementSource.checkConditionAndReturnElement(WebElementSource.java:102)\n\tat com.codeborne.selenide.impl.WebElementSource.checkCondition(WebElementSource.java:78)\n\tat com.codeborne.selenide.commands.Should.execute(Should.java:24)\n\tat com.codeborne.selenide.FluentCommand.execute(FluentCommand.java:27)\n\tat com.codeborne.selenide.FluentCommand.execute(FluentCommand.java:19)\n\tat com.codeborne.selenide.commands.Commands.execute(Commands.java:160)\n\tat com.codeborne.selenide.impl.SelenideElementProxy.dispatchAndRetry(SelenideElementProxy.java:131)\n\tat com.codeborne.selenide.impl.SelenideElementProxy.invoke(SelenideElementProxy.java:83)\n\tat jdk.proxy2/jdk.proxy2.$Proxy72.shouldBe(Unknown Source)\n\tat com.example.teamcity.ui.pages.admin.CreateBuildTypePage.openWithRetry(CreateBuildTypePage.java:38)\n\tat com.example.teamcity.ui.CreateBuildTypeTest.userCannotCreateBuildConfigurationWithMissingRequiredFieldTest(CreateBuildTypeTest.java:110)\n\tat java.base/jdk.internal.reflect.NativeMethodAccessorImpl.invoke0(Native Method)\n\tat java.base/jdk.internal.reflect.NativeMethodAccessorImpl.invoke(NativeMethodAccessorImpl.java:77)\n\tat java.base/jdk.internal.reflect.DelegatingMethodAccessorImpl.invoke(DelegatingMethodAccessorImpl.java:43)\n\tat java.base/java.lang.reflect.Method.invoke(Method.java:569)\n\tat org.junit.platform.commons.util.ReflectionUtils.invokeMethod(ReflectionUtils.java:767)\n\tat org.junit.jupiter.engine.execution.MethodInvocation.proceed(MethodInvocation.java:60)\n\tat org.junit.jupiter.engine.execution.InvocationInterceptorChain$ValidatingInvocation.proceed(InvocationInterceptorChain.java:131)\n\tat org.junit.jupiter.engine.extension.TimeoutExtension.intercept(TimeoutExtension.java:156)\n\tat org.junit.jupiter.engine.extension.TimeoutExtension.interceptTestableMethod(TimeoutExtension.java:147)\n\tat org.junit.jupiter.engine.extension.TimeoutExtension.interceptTestMethod(TimeoutExtension.java:86)\n\tat org.junit.jupiter.engine.execution.InterceptingExecutableInvoker$ReflectiveInterceptorCall.lambda$ofVoidMethod$0(InterceptingExecutableInvoker.java:103)\n\tat org.junit.jupiter.engine.execution.InterceptingExecutableInvoker.lambda$invoke$0(InterceptingExecutableInvoker.java:93)\n\tat org.junit.jupiter.engine.execution.InvocationInterceptorChain$InterceptedInvocation.proceed(InvocationInterceptorChain.java:106)\n\tat org.junit.jupiter.engine.execution.InvocationInterceptorChain.proceed(InvocationInterceptorChain.java:64)\n\tat org.junit.jupiter.engine.execution.InvocationInterceptorChain.chainAndInvoke(InvocationInterceptorChain.java:45)\n\tat org.junit.jupiter.engine.execution.InvocationInterceptorChain.invoke(InvocationInterceptorChain.java:37)\n\tat org.junit.jupiter.engine.execution.InterceptingExecutableInvoker.invoke(InterceptingExecutableInvoker.java:92)\n\tat org.junit.jupiter.engine.execution.InterceptingExecutableInvoker.invoke(InterceptingExecutableInvoker.java:86)\n\tat org.junit.jupiter.engine.descriptor.TestMethodTestDescriptor.lambda$invokeTestMethod$8(TestMethodTestDescriptor.java:217)\n\tat org.junit.platform.engine.support.hierarchical.ThrowableCollector.execute(ThrowableCollector.java:73)\n\tat org.junit.jupiter.engine.descriptor.TestMethodTestDescriptor.invokeTestMethod(TestMethodTestDescriptor.java:213)\n\tat org.junit.jupiter.engine.descriptor.TestMethodTestDescriptor.execute(TestMethodTestDescriptor.java:138)\n\tat org.junit.jupiter.engine.descriptor.TestMethodTestDescriptor.execute(TestMethodTestDescriptor.java:68)\n\tat org.junit.platform.engine.support.hierarchical.NodeTestTask.lambda$executeRecursively$6(NodeTestTask.java:156)\n\tat org.junit.platform.engine.support.hierarchical.ThrowableCollector.execute(ThrowableCollector.java:73)\n\tat org.junit.platform.engine.support.hierarchical.NodeTestTask.lambda$executeRecursively$8(NodeTestTask.java:146)\n\tat org.junit.platform.engine.support.hierarchical.Node.around(Node.java:137)\n\tat org.junit.platform.engine.support.hierarchical.NodeTestTask.lambda$executeRecursively$9(NodeTestTask.java:144)\n\tat org.junit.platform.engine.support.hierarchical.ThrowableCollector.execute(ThrowableCollector.java:73)\n\tat org.junit.platform.engine.support.hierarchical.NodeTestTask.executeRecursively(NodeTestTask.java:143)\n\tat org.junit.platform.engine.support.hierarchical.NodeTestTask.execute(NodeTestTask.java:100)\n\tat java.base/java.util.ArrayList.forEach(ArrayList.java:1511)\n\tat org.junit.platform.engine.support.hierarchical.SameThreadHierarchicalTestExecutorService.invokeAll(SameThreadHierarchicalTestExecutorService.java:41)\n\tat org.junit.platform.engine.support.hierarchical.NodeTestTask.lambda$executeRecursively$6(NodeTestTask.java:160)\n\tat org.junit.platform.engine.support.hierarchical.ThrowableCollector.execute(ThrowableCollector.java:73)\n\tat org.junit.platform.engine.support.hierarchical.NodeTestTask.lambda$executeRecursively$8(NodeTestTask.java:146)\n\tat org.junit.platform.engine.support.hierarchical.Node.around(Node.java:137)\n\tat org.junit.platform.engine.support.hierarchical.NodeTestTask.lambda$executeRecursively$9(NodeTestTask.java:144)\n\tat org.junit.platform.engine.support.hierarchical.ThrowableCollector.execute(ThrowableCollector.java:73)\n\tat org.junit.platform.engine.support.hierarchical.NodeTestTask.executeRecursively(NodeTestTask.java:143)\n\tat org.junit.platform.engine.support.hierarchical.NodeTestTask.execute(NodeTestTask.java:100)\n\tat java.base/java.util.ArrayList.forEach(ArrayList.java:1511)\n\tat org.junit.platform.engine.support.hierarchical.SameThreadHierarchicalTestExecutorService.invokeAll(SameThreadHierarchicalTestExecutorService.java:41)\n\tat org.junit.platform.engine.support.hierarchical.NodeTestTask.lambda$executeRecursively$6(NodeTestTask.java:160)\n\tat org.junit.platform.engine.support.hierarchical.ThrowableCollector.execute(ThrowableCollector.java:73)\n\tat org.junit.platform.engine.support.hierarchical.NodeTestTask.lambda$executeRecursively$8(NodeTestTask.java:146)\n\tat org.junit.platform.engine.support.hierarchical.Node.around(Node.java:137)\n\tat org.junit.platform.engine.support.hierarchical.NodeTestTask.lambda$executeRecursively$9(NodeTestTask.java:144)\n\tat org.junit.platform.engine.support.hierarchical.ThrowableCollector.execute(ThrowableCollector.java:73)\n\tat org.junit.platform.engine.support.hierarchical.NodeTestTask.executeRecursively(NodeTestTask.java:143)\n\tat org.junit.platform.engine.support.hierarchical.NodeTestTask.execute(NodeTestTask.java:100)\n\tat org.junit.platform.engine.support.hierarchical.SameThreadHierarchicalTestExecutorService.submit(SameThreadHierarchicalTestExecutorService.java:35)\n\tat org.junit.platform.engine.support.hierarchical.HierarchicalTestExecutor.execute(HierarchicalTestExecutor.java:57)\n\tat org.junit.platform.engine.support.hierarchical.HierarchicalTestEngine.execute(HierarchicalTestEngine.java:54)\n\tat org.junit.platform.launcher.core.EngineExecutionOrchestrator.execute(EngineExecutionOrchestrator.java:198)\n\tat org.junit.platform.launcher.core.EngineExecutionOrchestrator.execute(EngineExecutionOrchestrator.java:169)\n\tat org.junit.platform.launcher.core.EngineExecutionOrchestrator.execute(EngineExecutionOrchestrator.java:93)\n\tat org.junit.platform.launcher.core.EngineExecutionOrchestrator.lambda$execute$0(EngineExecutionOrchestrator.java:58)\n\tat org.junit.platform.launcher.core.EngineExecutionOrchestrator.withInterceptedStreams(EngineExecutionOrchestrator.java:141)\n\tat org.junit.platform.launcher.core.EngineExecutionOrchestrator.execute(EngineExecutionOrchestrator.java:57)\n\tat org.junit.platform.launcher.core.DefaultLauncher.execute(DefaultLauncher.java:103)\n\tat org.junit.platform.launcher.core.DefaultLauncher.execute(DefaultLauncher.java:85)\n\tat org.junit.platform.launcher.core.DelegatingLauncher.execute(DelegatingLauncher.java:47)\n\tat org.apache.maven.surefire.junitplatform.LazyLauncher.execute(LazyLauncher.java:56)\n\tat org.apache.maven.surefire.junitplatform.JUnitPlatformProvider.execute(JUnitPlatformProvider.java:184)\n\tat org.apache.maven.surefire.junitplatform.JUnitPlatformProvider.invokeAllTests(JUnitPlatformProvider.java:148)\n\tat org.apache.maven.surefire.junitplatform.JUnitPlatformProvider.invoke(JUnitPlatformProvider.java:122)\n\tat org.apache.maven.surefire.booter.ForkedBooter.runSuitesInProcess(ForkedBooter.java:385)\n\tat org.apache.maven.surefire.booter.ForkedBooter.execute(ForkedBooter.java:162)\n\tat org.apache.maven.surefire.booter.ForkedBooter.run(ForkedBooter.java:507)\n\tat org.apache.maven.surefire.booter.ForkedBooter.main(ForkedBooter.java:495)\nCaused by: org.openqa.selenium.NoSuchElementException: no such element: Unable to locate element: {\"method\":\"css selector\",\"selector\":\"#url\"}\n  (Session info: chrome=121.0.6167.85)\nFor documentation on this error, please visit: https://www.selenium.dev/documentation/webdriver/troubleshooting/errors#no-such-element-exception\nBuild info: version: '4.29.0', revision: '5fc1ec94cb'\nSystem info: os.name: 'Linux', os.arch: 'amd64', os.version: '6.8.0-1021-azure', java.version: '17.0.14'\nDriver info: org.openqa.selenium.remote.RemoteWebDriver\nCommand: [4ede8fb1bd098f2a2eab900673caaae5, findElement {value=#url, using=css selector}]\nCapabilities {acceptInsecureCerts: true, browserName: chrome, browserVersion: 121.0.6167.85, chrome: {chromedriverVersion: 121.0.6167.85 (3f98d690ad7e..., userDataDir: /tmp/.org.chromium.Chromium...}, fedcm:accounts: true, goog:chromeOptions: {debuggerAddress: localhost:33213}, networkConnectionEnabled: false, pageLoadStrategy: normal, platformName: linux, proxy: Proxy(), se:cdp: ws://localhost:4444/devtool..., se:cdpVersion: 121.0.6167.85, setWindowRect: true, strictFileInteractability: false, timeouts: {implicit: 0, pageLoad: 300000, script: 30000}, unhandledPromptBehavior: accept, webauthn:extension:credBlob: true, webauthn:extension:largeBlob: true, webauthn:extension:minPinLength: true, webauthn:extension:prf: true, webauthn:virtualAuthenticators: true}\nSession ID: 4ede8fb1bd098f2a2eab900673caaae5\n\tat jdk.internal.reflect.GeneratedConstructorAccessor59.newInstance(Unknown Source)\n\tat java.base/jdk.internal.reflect.DelegatingConstructorAccessorImpl.newInstance(DelegatingConstructorAccessorImpl.java:45)\n\tat java.base/java.lang.reflect.Constructor.newInstanceWithCaller(Constructor.java:500)\n\tat java.base/java.lang.reflect.Constructor.newInstance(Constructor.java:481)\n\tat org.openqa.selenium.remote.ErrorCodec.decode(ErrorCodec.java:167)\n\tat org.openqa.selenium.remote.codec.w3c.W3CHttpResponseCodec.decode(W3CHttpResponseCodec.java:138)\n\tat org.openqa.selenium.remote.codec.w3c.W3CHttpResponseCodec.decode(W3CHttpResponseCodec.java:50)\n\tat org.openqa.selenium.remote.HttpCommandExecutor.execute(HttpCommandExecutor.java:215)\n\tat org.openqa.selenium.remote.RemoteWebDriver.execute(RemoteWebDriver.java:545)\n\tat org.openqa.selenium.remote.ElementLocation$ElementFinder$2.findElement(ElementLocation.java:165)\n\tat org.openqa.selenium.remote.ElementLocation.findElement(ElementLocation.java:59)\n\tat org.openqa.selenium.remote.RemoteWebDriver.findElement(RemoteWebDriver.java:368)\n\tat org.openqa.selenium.remote.RemoteWebDriver.findElement(RemoteWebDriver.java:362)\n\tat com.codeborne.selenide.impl.WebElementSelector.findElement(WebElementSelector.java:64)\n\tat com.codeborne.selenide.impl.WebElementSelector.findElement(WebElementSelector.java:39)\n\tat com.codeborne.selenide.impl.WebElementSelector.findElement(WebElementSelector.java:30)\n\tat com.codeborne.selenide.impl.ElementFinder.getWebElement(ElementFinder.java:106)\n\tat com.codeborne.selenide.impl.WebElementSource.checkConditionAndReturnElement(WebElementSource.java:91)\n\t... 81 more\n","steps":[],"attachments":[{"uid":"c5d7972f0a07ae5e","name":"Screenshot","source":"c5d7972f0a07ae5e.png","type":"image/png","size":38257},{"uid":"b2a8842aaad7768c","name":"Page source","source":"b2a8842aaad7768c.html","type":"text/html","size":68032}],"parameters":[],"shouldDisplayMessage":true,"stepsCount":0,"attachmentsCount":2,"hasContent":true},{"name":"$(\"open\") http://172.17.0.1:8111/admin/createObjectMenu.html?projectId=test_AAnvaIszqs&showMode=createBuildTypeMenu","time":{"start":1744671303815,"stop":1744671318498,"duration":14683},"status":"passed","steps":[],"attachments":[],"parameters":[],"shouldDisplayMessage":false,"stepsCount":0,"attachmentsCount":0,"hasContent":false},{"name":"$(\"#url\") should be([visible, 5 s.])","time":{"start":1744671318499,"stop":1744671319224,"duration":725},"status":"passed","steps":[],"attachments":[],"parameters":[],"shouldDisplayMessage":false,"stepsCount":0,"attachmentsCount":0,"hasContent":false},{"name":"$(\"#url\") should be([visible, 30 s.])","time":{"start":1744671319224,"stop":1744671319252,"duration":28},"status":"passed","steps":[],"attachments":[],"parameters":[],"shouldDisplayMessage":false,"stepsCount":0,"attachmentsCount":0,"hasContent":false},{"name":"$(\"#url\") val(https://github.com/ALexPshe/spring-core-for-qa)","time":{"start":1744671319252,"stop":1744671319435,"duration":183},"status":"passed","steps":[],"attachments":[],"parameters":[],"shouldDisplayMessage":false,"stepsCount":0,"attachmentsCount":0,"hasContent":false},{"name":"$(\"[value=\"Proceed\"]\") click()","time":{"start":1744671319436,"stop":1744671319556,"duration":120},"status":"passed","steps":[],"attachments":[],"parameters":[],"shouldDisplayMessage":false,"stepsCount":0,"attachmentsCount":0,"hasContent":false},{"name":"$(\".connectionSuccessful\") should([be visible, 30 s.])","time":{"start":1744671319559,"stop":1744671328859,"duration":9300},"status":"passed","steps":[],"attachments":[],"parameters":[],"shouldDisplayMessage":false,"stepsCount":0,"attachmentsCount":0,"hasContent":false},{"name":"$(\"#buildTypeName\") val()","time":{"start":1744671328859,"stop":1744671328992,"duration":133},"status":"passed","steps":[],"attachments":[],"parameters":[],"shouldDisplayMessage":false,"stepsCount":0,"attachmentsCount":0,"hasContent":false},{"name":"$(\"[value=\"Proceed\"]\") click()","time":{"start":1744671328994,"stop":1744671329082,"duration":88},"status":"passed","steps":[],"attachments":[],"parameters":[],"shouldDisplayMessage":false,"stepsCount":0,"attachmentsCount":0,"hasContent":false},{"name":"$(\"#error_buildTypeName\") should be(visible)","time":{"start":1744671329082,"stop":1744671329126,"duration":44},"status":"passed","steps":[],"attachments":[],"parameters":[],"shouldDisplayMessage":false,"stepsCount":0,"attachmentsCount":0,"hasContent":false},{"name":"$(\"#error_buildTypeName\") should have(text \"Name must not be empty\")","time":{"start":1744671329127,"stop":1744671329178,"duration":51},"status":"passed","steps":[],"attachments":[],"parameters":[],"shouldDisplayMessage":false,"stepsCount":0,"attachmentsCount":0,"hasContent":false},{"name":"Check that error message is displayed on Create Build Type Page","time":{"start":1744671329178,"stop":1744671329178,"duration":0},"status":"passed","steps":[],"attachments":[],"parameters":[],"shouldDisplayMessage":false,"stepsCount":0,"attachmentsCount":0,"hasContent":false},{"name":"$(\"#error_buildTypeName\") should be(visible)","time":{"start":1744671329179,"stop":1744671329202,"duration":23},"status":"passed","steps":[],"attachments":[],"parameters":[],"shouldDisplayMessage":false,"stepsCount":0,"attachmentsCount":0,"hasContent":false},{"name":"$(\"#error_buildTypeName\") should have(text \"Name must not be empty\")","time":{"start":1744671329202,"stop":1744671329232,"duration":30},"status":"passed","steps":[],"attachments":[],"parameters":[],"shouldDisplayMessage":false,"stepsCount":0,"attachmentsCount":0,"hasContent":false},{"name":"Check that build type was not created on API Level","time":{"start":1744671329232,"stop":1744671329232,"duration":0},"status":"passed","steps":[],"attachments":[],"parameters":[],"shouldDisplayMessage":false,"stepsCount":0,"attachmentsCount":0,"hasContent":false},{"name":"Check API response status code is 404","time":{"start":1744671329337,"stop":1744671329337,"duration":0},"status":"passed","steps":[],"attachments":[],"parameters":[],"shouldDisplayMessage":false,"stepsCount":0,"attachmentsCount":0,"hasContent":false},{"name":"Check that build type is null","time":{"start":1744671329617,"stop":1744671329617,"duration":0},"status":"passed","steps":[],"attachments":[],"parameters":[],"shouldDisplayMessage":false,"stepsCount":0,"attachmentsCount":0,"hasContent":false},{"name":"$(\"webdriver\") close()","time":{"start":1744671329621,"stop":1744671329694,"duration":73},"status":"passed","steps":[],"attachments":[],"parameters":[],"shouldDisplayMessage":false,"stepsCount":0,"attachmentsCount":0,"hasContent":false}],"attachments":[{"uid":"d99c3c211f41260d","name":"Request","source":"d99c3c211f41260d.html","type":"text/html","size":1037},{"uid":"44844ac87c7d58f2","name":"HTTP/1.1 200 ","source":"44844ac87c7d58f2.html","type":"text/html","size":2225},{"uid":"f87dd31cdf63e995","name":"Request","source":"f87dd31cdf63e995.html","type":"text/html","size":622},{"uid":"faea5f7fc91a2f89","name":"HTTP/1.1 404 ","source":"faea5f7fc91a2f89.html","type":"text/html","size":876}],"parameters":[],"shouldDisplayMessage":false,"stepsCount":29,"attachmentsCount":10,"hasContent":true},"afterStages":[],"labels":[{"name":"tag","value":"regression"},{"name":"tag","value":"negative"},{"name":"junit.platform.uniqueid","value":"[engine:junit-jupiter]/[class:com.example.teamcity.ui.CreateBuildTypeTest]/[method:userCannotCreateBuildConfigurationWithMissingRequiredFieldTest()]"},{"name":"host","value":"fv-az1118-677"},{"name":"thread","value":"4133@fv-az1118-677.main(1)"},{"name":"framework","value":"junit-platform"},{"name":"language","value":"java"},{"name":"package","value":"com.example.teamcity.ui.CreateBuildTypeTest"},{"name":"testClass","value":"com.example.teamcity.ui.CreateBuildTypeTest"},{"name":"testMethod","value":"userCannotCreateBuildConfigurationWithMissingRequiredFieldTest"},{"name":"suite","value":"com.example.teamcity.ui.CreateBuildTypeTest"},{"name":"resultFormat","value":"allure2"}],"parameters":[],"links":[],"hidden":false,"retry":false,"extra":{"severity":"normal","retries":[],"categories":[],"history":{"statistic":{"failed":16,"broken":1,"skipped":0,"passed":12,"unknown":0,"total":29},"items":[{"uid":"b846994b85d89140","reportUrl":"https://paceville.github.io/teamcityTests/ui/62//#testresult/b846994b85d89140","status":"broken","statusDetails":"Create Build page didn't load after retries","time":{"start":1744669742784,"stop":1744669799941,"duration":57157}},{"uid":"c5e95195ac8061c2","reportUrl":"https://paceville.github.io/teamcityTests/ui/61//#testresult/c5e95195ac8061c2","status":"passed","time":{"start":1744668495885,"stop":1744668554558,"duration":58673}},{"uid":"1ca934b0040f2e7d","reportUrl":"https://paceville.github.io/teamcityTests/ui/60//#testresult/1ca934b0040f2e7d","status":"passed","time":{"start":1744667697229,"stop":1744667749159,"duration":51930}},{"uid":"887af4ed809f571b","reportUrl":"https://paceville.github.io/teamcityTests/ui/59//#testresult/887af4ed809f571b","status":"passed","time":{"start":1744666936533,"stop":1744666995374,"duration":58841}},{"uid":"8aedb5d17e887888","reportUrl":"https://paceville.github.io/teamcityTests/ui/58//#testresult/8aedb5d17e887888","status":"passed","time":{"start":1744665755426,"stop":1744665813307,"duration":57881}},{"uid":"bf82f36e1bb0bd21","reportUrl":"https://paceville.github.io/teamcityTests/ui/57//#testresult/bf82f36e1bb0bd21","status":"passed","time":{"start":1744664577416,"stop":1744664628001,"duration":50585}},{"uid":"8390639f3e107daa","reportUrl":"https://paceville.github.io/teamcityTests/ui/56//#testresult/8390639f3e107daa","status":"passed","time":{"start":1744663334727,"stop":1744663395543,"duration":60816}},{"uid":"cc2bb8f3bae51d3c","reportUrl":"https://paceville.github.io/teamcityTests/ui/55//#testresult/cc2bb8f3bae51d3c","status":"passed","time":{"start":1744662092768,"stop":1744662147040,"duration":54272}},{"uid":"1eb86d145910bdcf","reportUrl":"https://paceville.github.io/teamcityTests/ui/54//#testresult/1eb86d145910bdcf","status":"passed","time":{"start":1744661114354,"stop":1744661164133,"duration":49779}},{"uid":"4120d345a07c0784","reportUrl":"https://paceville.github.io/teamcityTests/ui/53//#testresult/4120d345a07c0784","status":"passed","time":{"start":1744660462785,"stop":1744660514961,"duration":52176}},{"uid":"8a5b94fc9ac10a0c","reportUrl":"https://paceville.github.io/teamcityTests/ui/52//#testresult/8a5b94fc9ac10a0c","status":"passed","time":{"start":1744658854680,"stop":1744658903768,"duration":49088}},{"uid":"12a50f1573291204","reportUrl":"https://paceville.github.io/teamcityTests/ui/51//#testresult/12a50f1573291204","status":"passed","time":{"start":1744658549039,"stop":1744658601798,"duration":52759}},{"uid":"749ecb1379f4876a","reportUrl":"https://paceville.github.io/teamcityTests/ui/50//#testresult/749ecb1379f4876a","status":"failed","statusDetails":"Element not found {#url}\nExpected: visible\nScreenshot: file:/home/runner/work/teamcityTests/teamcityTests/build/reports/tests/1744658268907.0.png\nPage source: file:/home/runner/work/teamcityTests/teamcityTests/build/reports/tests/1744658268907.0.html\nTimeout: 30 s.\nCaused by: NoSuchElementException: no such element: Unable to locate element: {\"method\":\"css selector\",\"selector\":\"#url\"}","time":{"start":1744658203468,"stop":1744658269580,"duration":66112}},{"uid":"686e947279a4d2f6","reportUrl":"https://paceville.github.io/teamcityTests/ui/49//#testresult/686e947279a4d2f6","status":"failed","statusDetails":"Element not found {#url}\nExpected: visible\nScreenshot: file:/home/runner/work/teamcityTests/teamcityTests/build/reports/tests/1744657224224.0.png\nPage source: file:/home/runner/work/teamcityTests/teamcityTests/build/reports/tests/1744657224224.0.html\nTimeout: 180 s.\nCaused by: NoSuchElementException: no such element: Unable to locate element: {\"method\":\"css selector\",\"selector\":\"#url\"}","time":{"start":1744657027776,"stop":1744657224608,"duration":196832}},{"uid":"fe7612f5ff3c9138","reportUrl":"https://paceville.github.io/teamcityTests/ui/48//#testresult/fe7612f5ff3c9138","status":"failed","statusDetails":"Element not found {#url}\nExpected: visible\nScreenshot: file:/home/runner/work/teamcityTests/teamcityTests/build/reports/tests/1744655805225.0.png\nPage source: file:/home/runner/work/teamcityTests/teamcityTests/build/reports/tests/1744655805225.0.html\nTimeout: 30 s.\nCaused by: NoSuchElementException: no such element: Unable to locate element: {\"method\":\"css selector\",\"selector\":\"#url\"}","time":{"start":1744655740324,"stop":1744655805890,"duration":65566}},{"uid":"c15d91c2a92fd396","reportUrl":"https://paceville.github.io/teamcityTests/ui/46//#testresult/c15d91c2a92fd396","status":"failed","statusDetails":"Element not found {#url}\nExpected: visible\nScreenshot: file:/home/runner/work/teamcityTests/teamcityTests/build/reports/tests/1744641696890.0.png\nPage source: file:/home/runner/work/teamcityTests/teamcityTests/build/reports/tests/1744641696890.0.html\nTimeout: 30 s.\nCaused by: NoSuchElementException: no such element: Unable to locate element: {\"method\":\"css selector\",\"selector\":\"#url\"}","time":{"start":1744641652746,"stop":1744641697532,"duration":44786}},{"uid":"deb510b607745e4e","reportUrl":"https://paceville.github.io/teamcityTests/ui/45//#testresult/deb510b607745e4e","status":"failed","statusDetails":"Element not found {#url}\nExpected: visible\nScreenshot: file:/home/runner/work/teamcityTests/teamcityTests/build/reports/tests/1744639935009.0.png\nPage source: file:/home/runner/work/teamcityTests/teamcityTests/build/reports/tests/1744639935009.0.html\nTimeout: 30 s.\nCaused by: NoSuchElementException: no such element: Unable to locate element: {\"method\":\"css selector\",\"selector\":\"#url\"}","time":{"start":1744639888707,"stop":1744639935567,"duration":46860}},{"uid":"1aaf2fe9e79978c8","reportUrl":"https://paceville.github.io/teamcityTests/ui/44//#testresult/1aaf2fe9e79978c8","status":"failed","statusDetails":"Element not found {#url}\nExpected: visible\nScreenshot: file:/home/runner/work/teamcityTests/teamcityTests/build/reports/tests/1744638067863.0.png\nPage source: file:/home/runner/work/teamcityTests/teamcityTests/build/reports/tests/1744638067863.0.html\nTimeout: 30 s.\nCaused by: NoSuchElementException: no such element: Unable to locate element: {\"method\":\"css selector\",\"selector\":\"#url\"}","time":{"start":1744638021318,"stop":1744638068411,"duration":47093}},{"uid":"60137c39b4ce4e24","reportUrl":"https://paceville.github.io/teamcityTests/ui/42//#testresult/60137c39b4ce4e24","status":"failed","statusDetails":"Element not found {#url}\nExpected: visible\nScreenshot: file:/home/runner/work/teamcityTests/teamcityTests/build/reports/tests/1744620884483.0.png\nPage source: file:/home/runner/work/teamcityTests/teamcityTests/build/reports/tests/1744620884483.0.html\nTimeout: 30 s.\nCaused by: NoSuchElementException: no such element: Unable to locate element: {\"method\":\"css selector\",\"selector\":\"#url\"}","time":{"start":1744620819206,"stop":1744620885149,"duration":65943}},{"uid":"4c63bccfd4d39d0e","reportUrl":"https://paceville.github.io/teamcityTests/ui/41//#testresult/4c63bccfd4d39d0e","status":"failed","statusDetails":"Element not found {#url}\nExpected: visible\nScreenshot: file:/home/runner/work/teamcityTests/teamcityTests/build/reports/tests/1744584350509.0.png\nPage source: file:/home/runner/work/teamcityTests/teamcityTests/build/reports/tests/1744584350509.0.html\nTimeout: 30 s.\nCaused by: NoSuchElementException: no such element: Unable to locate element: {\"method\":\"css selector\",\"selector\":\"#url\"}","time":{"start":1744584305247,"stop":1744584351119,"duration":45872}}]},"tags":["negative","regression"]},"source":"2f4a9829eb5517e8.json","parameterValues":[]}