{"uuid":"349dbe96-a30e-4dca-bad3-598fafc2b3a9","historyId":"4d4e0f5be2afd15142bca479147f57a3","testCaseId":"[engine:junit-jupiter]/[class:com.example.teamcity.ui.CreateBuildTypeTest]/[method:userCreatesBuildConfigurationTest()]","testCaseName":"User should be able to create a new build configuration","fullName":"com.example.teamcity.ui.CreateBuildTypeTest.userCreatesBuildConfigurationTest","labels":[{"name":"tag","value":"positive"},{"name":"junit.platform.uniqueid","value":"[engine:junit-jupiter]/[class:com.example.teamcity.ui.CreateBuildTypeTest]/[method:userCreatesBuildConfigurationTest()]"},{"name":"host","value":"MacBook-Pro-Elena.local"},{"name":"thread","value":"4876@MacBook-Pro-Elena.local.main(1)"},{"name":"framework","value":"junit-platform"},{"name":"language","value":"java"},{"name":"package","value":"com.example.teamcity.ui.CreateBuildTypeTest"},{"name":"testClass","value":"com.example.teamcity.ui.CreateBuildTypeTest"},{"name":"testMethod","value":"userCreatesBuildConfigurationTest"},{"name":"suite","value":"com.example.teamcity.ui.CreateBuildTypeTest"}],"links":[],"name":"User should be able to create a new build configuration","status":"failed","statusDetails":{"known":false,"muted":false,"flaky":false,"message":"Element not found {#url}\nExpected: editable\nScreenshot: file:/Users/elena/study/test_automation/noBugs_pro/tests/noBugsTestFramework/build/reports/tests/1744127873844.0.png\nPage source: file:/Users/elena/study/test_automation/noBugs_pro/tests/noBugsTestFramework/build/reports/tests/1744127873844.0.html\nTimeout: 4 s.\nCaused by: NoSuchElementException: no such element: Unable to locate element: {\"method\":\"css selector\",\"selector\":\"#url\"}","trace":"Element not found {#url}\nExpected: editable\nScreenshot: file:/Users/elena/study/test_automation/noBugs_pro/tests/noBugsTestFramework/build/reports/tests/1744127873844.0.png\nPage source: file:/Users/elena/study/test_automation/noBugs_pro/tests/noBugsTestFramework/build/reports/tests/1744127873844.0.html\nTimeout: 4 s.\nCaused by: NoSuchElementException: no such element: Unable to locate element: {\"method\":\"css selector\",\"selector\":\"#url\"}\n\tat com.codeborne.selenide.impl.WebElementSource.createElementNotFoundError(WebElementSource.java:68)\n\tat com.codeborne.selenide.impl.ElementFinder.createElementNotFoundError(ElementFinder.java:122)\n\tat com.codeborne.selenide.impl.WebElementSource.handleError(WebElementSource.java:119)\n\tat com.codeborne.selenide.impl.WebElementSource.checkConditionAndReturnElement(WebElementSource.java:102)\n\tat com.codeborne.selenide.impl.WebElementSource.findAndAssertElementIsEditable(WebElementSource.java:156)\n\tat com.codeborne.selenide.commands.SetValue.setValueForTextInput(SetValue.java:52)\n\tat com.codeborne.selenide.commands.SetValue.execute(SetValue.java:38)\n\tat com.codeborne.selenide.FluentCommand.execute(FluentCommand.java:27)\n\tat com.codeborne.selenide.commands.Val.execute(Val.java:29)\n\tat com.codeborne.selenide.commands.Commands.execute(Commands.java:160)\n\tat com.codeborne.selenide.impl.SelenideElementProxy.dispatchAndRetry(SelenideElementProxy.java:131)\n\tat com.codeborne.selenide.impl.SelenideElementProxy.invoke(SelenideElementProxy.java:83)\n\tat jdk.proxy2/jdk.proxy2.$Proxy43.val(Unknown Source)\n\tat com.example.teamcity.ui.pages.admin.CreateBasePage.baseCreateForm(CreateBasePage.java:19)\n\tat com.example.teamcity.ui.pages.admin.CreateBuildTypePage.createForm(CreateBuildTypePage.java:30)\n\tat com.example.teamcity.ui.CreateBuildTypeTest.userCreatesBuildConfigurationTest(CreateBuildTypeTest.java:43)\n\tat java.base/java.lang.reflect.Method.invoke(Method.java:580)\n\tat java.base/java.util.ArrayList.forEach(ArrayList.java:1597)\n\tat java.base/java.util.ArrayList.forEach(ArrayList.java:1597)\nCaused by: org.openqa.selenium.NoSuchElementException: no such element: Unable to locate element: {\"method\":\"css selector\",\"selector\":\"#url\"}\n  (Session info: chrome=91.0.4472.106)\nFor documentation on this error, please visit: https://www.selenium.dev/documentation/webdriver/troubleshooting/errors#no-such-element-exception\nBuild info: version: '4.29.0', revision: '5fc1ec94cb'\nSystem info: os.name: 'Mac OS X', os.arch: 'aarch64', os.version: '15.3.1', java.version: '23.0.1'\nDriver info: org.openqa.selenium.remote.RemoteWebDriver\nCommand: [72bb13b4c18eace1c07a17335fe75f17, findElement {value=#url, using=css selector}]\nCapabilities {acceptInsecureCerts: true, browserName: chrome, browserVersion: 91.0.4472.106, chrome: {chromedriverVersion: 91.0.4472.101 (af52a90bf870..., userDataDir: /tmp/.com.google.Chrome.09q78W}, goog:chromeOptions: {debuggerAddress: localhost:41761}, networkConnectionEnabled: false, pageLoadStrategy: normal, platformName: linux, proxy: Proxy(), se:cdp: ws://localhost:4444/devtool..., se:cdpVersion: 91.0.4472.106, setWindowRect: true, strictFileInteractability: false, timeouts: {implicit: 0, pageLoad: 300000, script: 30000}, unhandledPromptBehavior: accept, webauthn:extension:largeBlob: true, webauthn:virtualAuthenticators: true}\nSession ID: 72bb13b4c18eace1c07a17335fe75f17\n\tat java.base/jdk.internal.reflect.DirectConstructorHandleAccessor.newInstance(DirectConstructorHandleAccessor.java:62)\n\tat java.base/java.lang.reflect.Constructor.newInstanceWithCaller(Constructor.java:501)\n\tat java.base/java.lang.reflect.Constructor.newInstance(Constructor.java:485)\n\tat org.openqa.selenium.remote.ErrorCodec.decode(ErrorCodec.java:167)\n\tat org.openqa.selenium.remote.codec.w3c.W3CHttpResponseCodec.decode(W3CHttpResponseCodec.java:138)\n\tat org.openqa.selenium.remote.codec.w3c.W3CHttpResponseCodec.decode(W3CHttpResponseCodec.java:50)\n\tat org.openqa.selenium.remote.HttpCommandExecutor.execute(HttpCommandExecutor.java:215)\n\tat org.openqa.selenium.remote.RemoteWebDriver.execute(RemoteWebDriver.java:545)\n\tat org.openqa.selenium.remote.ElementLocation$ElementFinder$2.findElement(ElementLocation.java:165)\n\tat org.openqa.selenium.remote.ElementLocation.findElement(ElementLocation.java:59)\n\tat org.openqa.selenium.remote.RemoteWebDriver.findElement(RemoteWebDriver.java:368)\n\tat org.openqa.selenium.remote.RemoteWebDriver.findElement(RemoteWebDriver.java:362)\n\tat com.codeborne.selenide.impl.WebElementSelector.findElement(WebElementSelector.java:64)\n\tat com.codeborne.selenide.impl.WebElementSelector.findElement(WebElementSelector.java:39)\n\tat com.codeborne.selenide.impl.WebElementSelector.findElement(WebElementSelector.java:30)\n\tat com.codeborne.selenide.impl.ElementFinder.getWebElement(ElementFinder.java:106)\n\tat com.codeborne.selenide.impl.WebElementSource.checkConditionAndReturnElement(WebElementSource.java:91)\n\t... 15 more\n"},"stage":"finished","description":"","steps":[{"name":"Create a project via API","status":"passed","stage":"finished","steps":[],"attachments":[],"parameters":[],"start":1744127844432,"stop":1744127844432},{"name":"Login as user","status":"passed","stage":"finished","steps":[],"attachments":[],"parameters":[],"start":1744127847649,"stop":1744127847649},{"name":"Create user","status":"passed","stage":"finished","steps":[],"attachments":[],"parameters":[],"start":1744127847650,"stop":1744127848580},{"name":"Open 'Create Build Configuration Page'","status":"passed","stage":"finished","steps":[],"attachments":[],"parameters":[],"start":1744127858514,"stop":1744127858514}],"attachments":[],"parameters":[],"start":1744127844362,"stop":1744127874295}