{"uuid":"6c93423d-a2ba-4fc4-8f86-00d9570e22ff","historyId":"e6d6545ed16a4ce482a3e780aec43422","testCaseId":"[engine:junit-jupiter]/[class:com.example.teamcity.ui.CreateProjectTest]/[method:userCannotCreateProjectWithMissingOptionalFieldTest()]","testCaseName":"User cannot create a new project with missing optional field","fullName":"com.example.teamcity.ui.CreateProjectTest.userCannotCreateProjectWithMissingOptionalFieldTest","labels":[{"name":"tag","value":"negative"},{"name":"tag","value":"regression"},{"name":"junit.platform.uniqueid","value":"[engine:junit-jupiter]/[class:com.example.teamcity.ui.CreateProjectTest]/[method:userCannotCreateProjectWithMissingOptionalFieldTest()]"},{"name":"host","value":"MacBook-Pro-Elena.local"},{"name":"thread","value":"2891@MacBook-Pro-Elena.local.main(1)"},{"name":"framework","value":"junit-platform"},{"name":"language","value":"java"},{"name":"package","value":"com.example.teamcity.ui.CreateProjectTest"},{"name":"testClass","value":"com.example.teamcity.ui.CreateProjectTest"},{"name":"testMethod","value":"userCannotCreateProjectWithMissingOptionalFieldTest"},{"name":"suite","value":"com.example.teamcity.ui.CreateProjectTest"}],"links":[],"name":"User cannot create a new project with missing optional field","status":"failed","statusDetails":{"known":false,"muted":false,"flaky":false,"message":"Element not found {#error-message}\nExpected: visible\nScreenshot: file:/Users/elena/study/test_automation/noBugs_pro/tests/noBugsTestFramework/build/reports/tests/1744118109877.0.png\nPage source: file:/Users/elena/study/test_automation/noBugs_pro/tests/noBugsTestFramework/build/reports/tests/1744118109877.0.html\nTimeout: 4 s.\nCaused by: NoSuchElementException: no such element: Unable to locate element: {\"method\":\"css selector\",\"selector\":\"#error-message\"}","trace":"Element not found {#error-message}\nExpected: visible\nScreenshot: file:/Users/elena/study/test_automation/noBugs_pro/tests/noBugsTestFramework/build/reports/tests/1744118109877.0.png\nPage source: file:/Users/elena/study/test_automation/noBugs_pro/tests/noBugsTestFramework/build/reports/tests/1744118109877.0.html\nTimeout: 4 s.\nCaused by: NoSuchElementException: no such element: Unable to locate element: {\"method\":\"css selector\",\"selector\":\"#error-message\"}\n\tat com.codeborne.selenide.impl.WebElementSource.createElementNotFoundError(WebElementSource.java:68)\n\tat com.codeborne.selenide.impl.ElementFinder.createElementNotFoundError(ElementFinder.java:122)\n\tat com.codeborne.selenide.impl.WebElementSource.handleError(WebElementSource.java:119)\n\tat com.codeborne.selenide.impl.WebElementSource.checkConditionAndReturnElement(WebElementSource.java:102)\n\tat com.codeborne.selenide.impl.WebElementSource.checkCondition(WebElementSource.java:78)\n\tat com.codeborne.selenide.commands.Should.execute(Should.java:24)\n\tat com.codeborne.selenide.FluentCommand.execute(FluentCommand.java:27)\n\tat com.codeborne.selenide.FluentCommand.execute(FluentCommand.java:19)\n\tat com.codeborne.selenide.commands.Commands.execute(Commands.java:160)\n\tat com.codeborne.selenide.impl.SelenideElementProxy.dispatchAndRetry(SelenideElementProxy.java:131)\n\tat com.codeborne.selenide.impl.SelenideElementProxy.invoke(SelenideElementProxy.java:83)\n\tat jdk.proxy2/jdk.proxy2.$Proxy43.shouldBe(Unknown Source)\n\tat com.example.teamcity.ui.pages.admin.CreateBuildTypePage.verifyErrorMessage(CreateBuildTypePage.java:62)\n\tat com.example.teamcity.ui.CreateProjectTest.userCannotCreateProjectWithMissingOptionalFieldTest(CreateProjectTest.java:64)\n\tat java.base/java.lang.reflect.Method.invoke(Method.java:580)\n\tat java.base/java.util.ArrayList.forEach(ArrayList.java:1597)\n\tat java.base/java.util.ArrayList.forEach(ArrayList.java:1597)\nCaused by: org.openqa.selenium.NoSuchElementException: no such element: Unable to locate element: {\"method\":\"css selector\",\"selector\":\"#error-message\"}\n  (Session info: chrome=91.0.4472.106)\nFor documentation on this error, please visit: https://www.selenium.dev/documentation/webdriver/troubleshooting/errors#no-such-element-exception\nBuild info: version: '4.29.0', revision: '5fc1ec94cb'\nSystem info: os.name: 'Mac OS X', os.arch: 'aarch64', os.version: '15.3.1', java.version: '23.0.1'\nDriver info: org.openqa.selenium.remote.RemoteWebDriver\nCommand: [5bb6d32a2d447399ae66ff3acd3d3edc, findElement {value=#error-message, using=css selector}]\nCapabilities {acceptInsecureCerts: true, browserName: chrome, browserVersion: 91.0.4472.106, chrome: {chromedriverVersion: 91.0.4472.101 (af52a90bf870..., userDataDir: /tmp/.com.google.Chrome.tH5BK8}, goog:chromeOptions: {debuggerAddress: localhost:44299}, networkConnectionEnabled: false, pageLoadStrategy: normal, platformName: linux, proxy: Proxy(), se:cdp: ws://localhost:4444/devtool..., se:cdpVersion: 91.0.4472.106, setWindowRect: true, strictFileInteractability: false, timeouts: {implicit: 0, pageLoad: 300000, script: 30000}, unhandledPromptBehavior: accept, webauthn:extension:largeBlob: true, webauthn:virtualAuthenticators: true}\nSession ID: 5bb6d32a2d447399ae66ff3acd3d3edc\n\tat java.base/jdk.internal.reflect.DirectConstructorHandleAccessor.newInstance(DirectConstructorHandleAccessor.java:62)\n\tat java.base/java.lang.reflect.Constructor.newInstanceWithCaller(Constructor.java:501)\n\tat java.base/java.lang.reflect.Constructor.newInstance(Constructor.java:485)\n\tat org.openqa.selenium.remote.ErrorCodec.decode(ErrorCodec.java:167)\n\tat org.openqa.selenium.remote.codec.w3c.W3CHttpResponseCodec.decode(W3CHttpResponseCodec.java:138)\n\tat org.openqa.selenium.remote.codec.w3c.W3CHttpResponseCodec.decode(W3CHttpResponseCodec.java:50)\n\tat org.openqa.selenium.remote.HttpCommandExecutor.execute(HttpCommandExecutor.java:215)\n\tat org.openqa.selenium.remote.RemoteWebDriver.execute(RemoteWebDriver.java:545)\n\tat org.openqa.selenium.remote.ElementLocation$ElementFinder$2.findElement(ElementLocation.java:165)\n\tat org.openqa.selenium.remote.ElementLocation.findElement(ElementLocation.java:59)\n\tat org.openqa.selenium.remote.RemoteWebDriver.findElement(RemoteWebDriver.java:368)\n\tat org.openqa.selenium.remote.RemoteWebDriver.findElement(RemoteWebDriver.java:362)\n\tat com.codeborne.selenide.impl.WebElementSelector.findElement(WebElementSelector.java:64)\n\tat com.codeborne.selenide.impl.WebElementSelector.findElement(WebElementSelector.java:39)\n\tat com.codeborne.selenide.impl.WebElementSelector.findElement(WebElementSelector.java:30)\n\tat com.codeborne.selenide.impl.ElementFinder.getWebElement(ElementFinder.java:106)\n\tat com.codeborne.selenide.impl.WebElementSource.checkConditionAndReturnElement(WebElementSource.java:91)\n\t... 13 more\n"},"stage":"finished","description":"","steps":[{"name":"Login as user","status":"passed","stage":"finished","steps":[],"attachments":[],"parameters":[],"start":1744118092267,"stop":1744118092267},{"name":"Create user","status":"passed","stage":"finished","steps":[],"attachments":[],"parameters":[],"start":1744118092268,"stop":1744118092843},{"name":"Open 'Create Project Page' (http://localhost:8111/admin/createObjectMenu.html)","status":"passed","stage":"finished","steps":[],"attachments":[],"parameters":[],"start":1744118098242,"stop":1744118098242},{"name":"Check that error message is displayed on Create Build Type Page","status":"passed","stage":"finished","steps":[],"attachments":[],"parameters":[],"start":1744118105869,"stop":1744118105869}],"attachments":[],"parameters":[],"start":1744118092197,"stop":1744118110216}