{"uuid":"b48939d2-89d9-4e33-9083-dcabb9caa9b4","historyId":"f936ad07ce1140cf2dad7c392ac9468a","testCaseId":"[engine:junit-jupiter]/[class:com.example.teamcity.ui.CreateProjectTest]/[method:userCreatesProjectTest()]","testCaseName":"User should be able to create a new project","fullName":"com.example.teamcity.ui.CreateProjectTest.userCreatesProjectTest","labels":[{"name":"tag","value":"positive"},{"name":"tag","value":"regression"},{"name":"junit.platform.uniqueid","value":"[engine:junit-jupiter]/[class:com.example.teamcity.ui.CreateProjectTest]/[method:userCreatesProjectTest()]"},{"name":"host","value":"MacBook-Pro-Elena.local"},{"name":"thread","value":"50413@MacBook-Pro-Elena.local.main(1)"},{"name":"framework","value":"junit-platform"},{"name":"language","value":"java"},{"name":"package","value":"com.example.teamcity.ui.CreateProjectTest"},{"name":"testClass","value":"com.example.teamcity.ui.CreateProjectTest"},{"name":"testMethod","value":"userCreatesProjectTest"},{"name":"suite","value":"com.example.teamcity.ui.CreateProjectTest"}],"links":[],"name":"User should be able to create a new project","status":"failed","statusDetails":{"known":false,"muted":false,"flaky":false,"message":"Element not found {#url}\nExpected: editable\nScreenshot: file:/Users/elena/study/test_automation/noBugs_pro/tests/noBugsTestFramework/build/reports/tests/1743245450745.0.png\nPage source: file:/Users/elena/study/test_automation/noBugs_pro/tests/noBugsTestFramework/build/reports/tests/1743245450745.0.html\nTimeout: 4 s.\nCaused by: NoSuchElementException: no such element: Unable to locate element: {\"method\":\"css selector\",\"selector\":\"#url\"}","trace":"Element not found {#url}\nExpected: editable\nScreenshot: file:/Users/elena/study/test_automation/noBugs_pro/tests/noBugsTestFramework/build/reports/tests/1743245450745.0.png\nPage source: file:/Users/elena/study/test_automation/noBugs_pro/tests/noBugsTestFramework/build/reports/tests/1743245450745.0.html\nTimeout: 4 s.\nCaused by: NoSuchElementException: no such element: Unable to locate element: {\"method\":\"css selector\",\"selector\":\"#url\"}\n\tat com.codeborne.selenide.impl.WebElementSource.createElementNotFoundError(WebElementSource.java:68)\n\tat com.codeborne.selenide.impl.ElementFinder.createElementNotFoundError(ElementFinder.java:122)\n\tat com.codeborne.selenide.impl.WebElementSource.handleError(WebElementSource.java:119)\n\tat com.codeborne.selenide.impl.WebElementSource.checkConditionAndReturnElement(WebElementSource.java:102)\n\tat com.codeborne.selenide.impl.WebElementSource.findAndAssertElementIsEditable(WebElementSource.java:156)\n\tat com.codeborne.selenide.commands.SetValue.setValueForTextInput(SetValue.java:52)\n\tat com.codeborne.selenide.commands.SetValue.execute(SetValue.java:38)\n\tat com.codeborne.selenide.FluentCommand.execute(FluentCommand.java:27)\n\tat com.codeborne.selenide.commands.Val.execute(Val.java:29)\n\tat com.codeborne.selenide.commands.Commands.execute(Commands.java:160)\n\tat com.codeborne.selenide.impl.SelenideElementProxy.dispatchAndRetry(SelenideElementProxy.java:131)\n\tat com.codeborne.selenide.impl.SelenideElementProxy.invoke(SelenideElementProxy.java:83)\n\tat jdk.proxy2/jdk.proxy2.$Proxy42.val(Unknown Source)\n\tat com.example.teamcity.ui.pages.admin.CreateBasePage.baseCreateForm(CreateBasePage.java:20)\n\tat com.example.teamcity.ui.pages.admin.CreateProjectPage.createForm(CreateProjectPage.java:20)\n\tat com.example.teamcity.ui.CreateProjectTest.userCreatesProjectTest(CreateProjectTest.java:37)\n\tat java.base/java.lang.reflect.Method.invoke(Method.java:580)\n\tat java.base/java.util.ArrayList.forEach(ArrayList.java:1597)\n\tat java.base/java.util.ArrayList.forEach(ArrayList.java:1597)\nCaused by: org.openqa.selenium.NoSuchElementException: no such element: Unable to locate element: {\"method\":\"css selector\",\"selector\":\"#url\"}\n  (Session info: chrome=91.0.4472.106)\nFor documentation on this error, please visit: https://www.selenium.dev/documentation/webdriver/troubleshooting/errors#no-such-element-exception\nBuild info: version: '4.29.0', revision: '5fc1ec94cb'\nSystem info: os.name: 'Mac OS X', os.arch: 'aarch64', os.version: '15.3.1', java.version: '23.0.1'\nDriver info: org.openqa.selenium.remote.RemoteWebDriver\nCommand: [820675e11d71bbe9bd89e3da49c722ee, findElement {using=css selector, value=#url}]\nCapabilities {acceptInsecureCerts: true, browserName: chrome, browserVersion: 91.0.4472.106, chrome: {chromedriverVersion: 91.0.4472.101 (af52a90bf870..., userDataDir: /tmp/.com.google.Chrome.bHToHi}, goog:chromeOptions: {debuggerAddress: localhost:43193}, networkConnectionEnabled: false, pageLoadStrategy: normal, platformName: linux, proxy: Proxy(), se:cdp: ws://localhost:4444/devtool..., se:cdpVersion: 91.0.4472.106, setWindowRect: true, strictFileInteractability: false, timeouts: {implicit: 0, pageLoad: 300000, script: 30000}, unhandledPromptBehavior: accept, webauthn:extension:largeBlob: true, webauthn:virtualAuthenticators: true}\nSession ID: 820675e11d71bbe9bd89e3da49c722ee\n\tat java.base/jdk.internal.reflect.DirectConstructorHandleAccessor.newInstance(DirectConstructorHandleAccessor.java:62)\n\tat java.base/java.lang.reflect.Constructor.newInstanceWithCaller(Constructor.java:501)\n\tat java.base/java.lang.reflect.Constructor.newInstance(Constructor.java:485)\n\tat org.openqa.selenium.remote.ErrorCodec.decode(ErrorCodec.java:167)\n\tat org.openqa.selenium.remote.codec.w3c.W3CHttpResponseCodec.decode(W3CHttpResponseCodec.java:138)\n\tat org.openqa.selenium.remote.codec.w3c.W3CHttpResponseCodec.decode(W3CHttpResponseCodec.java:50)\n\tat org.openqa.selenium.remote.HttpCommandExecutor.execute(HttpCommandExecutor.java:215)\n\tat org.openqa.selenium.remote.RemoteWebDriver.execute(RemoteWebDriver.java:545)\n\tat org.openqa.selenium.remote.ElementLocation$ElementFinder$2.findElement(ElementLocation.java:165)\n\tat org.openqa.selenium.remote.ElementLocation.findElement(ElementLocation.java:59)\n\tat org.openqa.selenium.remote.RemoteWebDriver.findElement(RemoteWebDriver.java:368)\n\tat org.openqa.selenium.remote.RemoteWebDriver.findElement(RemoteWebDriver.java:362)\n\tat com.codeborne.selenide.impl.WebElementSelector.findElement(WebElementSelector.java:64)\n\tat com.codeborne.selenide.impl.WebElementSelector.findElement(WebElementSelector.java:39)\n\tat com.codeborne.selenide.impl.WebElementSelector.findElement(WebElementSelector.java:30)\n\tat com.codeborne.selenide.impl.ElementFinder.getWebElement(ElementFinder.java:106)\n\tat com.codeborne.selenide.impl.WebElementSource.checkConditionAndReturnElement(WebElementSource.java:91)\n\t... 15 more\n"},"stage":"finished","description":"","steps":[{"name":"Login as user","status":"passed","stage":"finished","steps":[],"attachments":[],"parameters":[],"start":1743245167515,"stop":1743245167515},{"name":"Create user","status":"passed","stage":"finished","steps":[],"attachments":[],"parameters":[],"start":1743245167519,"stop":1743245432752},{"name":"Open 'Create Project Page' (http://localhost:8111/admin/createObjectMenu.html)","status":"passed","stage":"finished","steps":[],"attachments":[],"parameters":[],"start":1743245444916,"stop":1743245444916},{"name":"Send all project parameters (repository URL)","status":"passed","stage":"finished","steps":[],"attachments":[],"parameters":[],"start":1743245444916,"stop":1743245444916},{"name":"Click 'Proceed'","status":"passed","stage":"finished","steps":[],"attachments":[],"parameters":[],"start":1743245444916,"stop":1743245444916},{"name":"Fix Project Name and Build Type values","status":"passed","stage":"finished","steps":[],"attachments":[],"parameters":[],"start":1743245444916,"stop":1743245444916},{"name":"Click 'Proceed'","status":"passed","stage":"finished","steps":[],"attachments":[],"parameters":[],"start":1743245444916,"stop":1743245444916}],"attachments":[],"parameters":[],"start":1743245167435,"stop":1743245451201}