{"uid":"870082b90b2cc270","name":"User cannot create a new build configuration with missing required field","fullName":"com.example.teamcity.ui.CreateBuildTypeTest.userCannotCreateBuildConfigurationWithMissingRequiredFieldTest","historyId":"cc9eb997e50a139e0f03003d19cb65f6","time":{"start":1744678068490,"stop":1744678120983,"duration":52493},"description":"","status":"passed","flaky":false,"newFailed":false,"newBroken":false,"newPassed":false,"retriesCount":0,"retriesStatusChange":false,"beforeStages":[],"testStage":{"description":"","status":"passed","steps":[{"name":"Create user","time":{"start":1744678068499,"stop":1744678068699,"duration":200},"status":"passed","steps":[],"attachments":[{"uid":"b990dc3d6c444f42","name":"Request","source":"b990dc3d6c444f42.html","type":"text/html","size":1381},{"uid":"cc68a8dc1461b591","name":"HTTP/1.1 200 ","source":"cc68a8dc1461b591.html","type":"text/html","size":2088}],"parameters":[],"shouldDisplayMessage":false,"stepsCount":0,"attachmentsCount":2,"hasContent":true},{"name":"Create a project via API","time":{"start":1744678068700,"stop":1744678068700,"duration":0},"status":"passed","steps":[],"attachments":[],"parameters":[],"shouldDisplayMessage":false,"stepsCount":0,"attachmentsCount":0,"hasContent":false},{"name":"Login as user","time":{"start":1744678068805,"stop":1744678068805,"duration":0},"status":"passed","steps":[],"attachments":[],"parameters":[],"shouldDisplayMessage":false,"stepsCount":0,"attachmentsCount":0,"hasContent":false},{"name":"Create user","time":{"start":1744678068806,"stop":1744678068913,"duration":107},"status":"passed","steps":[],"attachments":[{"uid":"49670bdfd2d0da89","name":"Request","source":"49670bdfd2d0da89.html","type":"text/html","size":1381},{"uid":"bb161e45a7ac157e","name":"HTTP/1.1 200 ","source":"bb161e45a7ac157e.html","type":"text/html","size":2088}],"parameters":[],"shouldDisplayMessage":false,"stepsCount":0,"attachmentsCount":2,"hasContent":true},{"name":"$(\"open\") http://172.17.0.1:8111/login.html","time":{"start":1744678068960,"stop":1744678077891,"duration":8931},"status":"passed","steps":[{"name":"$(\"webdriver\") create()","time":{"start":1744678068962,"stop":1744678073979,"duration":5017},"status":"passed","steps":[],"attachments":[],"parameters":[],"shouldDisplayMessage":false,"stepsCount":0,"attachmentsCount":0,"hasContent":false}],"attachments":[],"parameters":[],"shouldDisplayMessage":false,"stepsCount":1,"attachmentsCount":0,"hasContent":true},{"name":"$(\"#username\") val(test_rVmZgqWzuK)","time":{"start":1744678077937,"stop":1744678078422,"duration":485},"status":"passed","steps":[],"attachments":[],"parameters":[],"shouldDisplayMessage":false,"stepsCount":0,"attachmentsCount":0,"hasContent":false},{"name":"$(\"#password\") val(test_iuXPwwtAHY)","time":{"start":1744678078422,"stop":1744678078588,"duration":166},"status":"passed","steps":[],"attachments":[],"parameters":[],"shouldDisplayMessage":false,"stepsCount":0,"attachmentsCount":0,"hasContent":false},{"name":"$(\".loginButton\") click()","time":{"start":1744678078588,"stop":1744678078741,"duration":153},"status":"passed","steps":[],"attachments":[],"parameters":[],"shouldDisplayMessage":false,"stepsCount":0,"attachmentsCount":0,"hasContent":false},{"name":"Open 'Create Build Configuration Page'","time":{"start":1744678078742,"stop":1744678078742,"duration":0},"status":"passed","steps":[],"attachments":[],"parameters":[],"shouldDisplayMessage":false,"stepsCount":0,"attachmentsCount":0,"hasContent":false},{"name":"$(\"open\") http://172.17.0.1:8111/admin/createObjectMenu.html?projectId=test_icLQSAoIMw&showMode=createBuildTypeMenu","time":{"start":1744678078742,"stop":1744678097865,"duration":19123},"status":"passed","steps":[],"attachments":[],"parameters":[],"shouldDisplayMessage":false,"stepsCount":0,"attachmentsCount":0,"hasContent":false},{"name":"$(\"#url\") should be([visible, 5 s.])","time":{"start":1744678097877,"stop":1744678103741,"duration":5864},"status":"failed","statusMessage":"Element not found {#url}\nExpected: visible\nScreenshot: file:/home/runner/work/teamcityTests/teamcityTests/build/reports/tests/1744678103045.0.png\nPage source: file:/home/runner/work/teamcityTests/teamcityTests/build/reports/tests/1744678103045.0.html\nTimeout: 5 s.\nCaused by: NoSuchElementException: no such element: Unable to locate element: {\"method\":\"css selector\",\"selector\":\"#url\"}","statusTrace":"Element not found {#url}\nExpected: visible\nScreenshot: file:/home/runner/work/teamcityTests/teamcityTests/build/reports/tests/1744678103045.0.png\nPage source: file:/home/runner/work/teamcityTests/teamcityTests/build/reports/tests/1744678103045.0.html\nTimeout: 5 s.\nCaused by: NoSuchElementException: no such element: Unable to locate element: {\"method\":\"css selector\",\"selector\":\"#url\"}\n\tat com.codeborne.selenide.impl.WebElementSource.createElementNotFoundError(WebElementSource.java:68)\n\tat com.codeborne.selenide.impl.ElementFinder.createElementNotFoundError(ElementFinder.java:122)\n\tat com.codeborne.selenide.impl.WebElementSource.handleError(WebElementSource.java:119)\n\tat com.codeborne.selenide.impl.WebElementSource.checkConditionAndReturnElement(WebElementSource.java:102)\n\tat com.codeborne.selenide.impl.WebElementSource.checkCondition(WebElementSource.java:78)\n\tat com.codeborne.selenide.commands.Should.execute(Should.java:24)\n\tat com.codeborne.selenide.FluentCommand.execute(FluentCommand.java:27)\n\tat com.codeborne.selenide.FluentCommand.execute(FluentCommand.java:19)\n\tat com.codeborne.selenide.commands.Commands.execute(Commands.java:160)\n\tat com.codeborne.selenide.impl.SelenideElementProxy.dispatchAndRetry(SelenideElementProxy.java:131)\n\tat com.codeborne.selenide.impl.SelenideElementProxy.invoke(SelenideElementProxy.java:83)\n\tat jdk.proxy2/jdk.proxy2.$Proxy72.shouldBe(Unknown Source)\n\tat com.example.teamcity.ui.pages.admin.CreateBuildTypePage.openWithRetry(CreateBuildTypePage.java:40)\n\tat com.example.teamcity.ui.CreateBuildTypeTest.userCannotCreateBuildConfigurationWithMissingRequiredFieldTest(CreateBuildTypeTest.java:97)\n\tat java.base/jdk.internal.reflect.NativeMethodAccessorImpl.invoke0(Native Method)\n\tat java.base/jdk.internal.reflect.NativeMethodAccessorImpl.invoke(NativeMethodAccessorImpl.java:77)\n\tat java.base/jdk.internal.reflect.DelegatingMethodAccessorImpl.invoke(DelegatingMethodAccessorImpl.java:43)\n\tat java.base/java.lang.reflect.Method.invoke(Method.java:569)\n\tat org.junit.platform.commons.util.ReflectionUtils.invokeMethod(ReflectionUtils.java:767)\n\tat org.junit.jupiter.engine.execution.MethodInvocation.proceed(MethodInvocation.java:60)\n\tat org.junit.jupiter.engine.execution.InvocationInterceptorChain$ValidatingInvocation.proceed(InvocationInterceptorChain.java:131)\n\tat org.junit.jupiter.engine.extension.TimeoutExtension.intercept(TimeoutExtension.java:156)\n\tat org.junit.jupiter.engine.extension.TimeoutExtension.interceptTestableMethod(TimeoutExtension.java:147)\n\tat org.junit.jupiter.engine.extension.TimeoutExtension.interceptTestMethod(TimeoutExtension.java:86)\n\tat org.junit.jupiter.engine.execution.InterceptingExecutableInvoker$ReflectiveInterceptorCall.lambda$ofVoidMethod$0(InterceptingExecutableInvoker.java:103)\n\tat org.junit.jupiter.engine.execution.InterceptingExecutableInvoker.lambda$invoke$0(InterceptingExecutableInvoker.java:93)\n\tat org.junit.jupiter.engine.execution.InvocationInterceptorChain$InterceptedInvocation.proceed(InvocationInterceptorChain.java:106)\n\tat org.junit.jupiter.engine.execution.InvocationInterceptorChain.proceed(InvocationInterceptorChain.java:64)\n\tat org.junit.jupiter.engine.execution.InvocationInterceptorChain.chainAndInvoke(InvocationInterceptorChain.java:45)\n\tat org.junit.jupiter.engine.execution.InvocationInterceptorChain.invoke(InvocationInterceptorChain.java:37)\n\tat org.junit.jupiter.engine.execution.InterceptingExecutableInvoker.invoke(InterceptingExecutableInvoker.java:92)\n\tat org.junit.jupiter.engine.execution.InterceptingExecutableInvoker.invoke(InterceptingExecutableInvoker.java:86)\n\tat org.junit.jupiter.engine.descriptor.TestMethodTestDescriptor.lambda$invokeTestMethod$8(TestMethodTestDescriptor.java:217)\n\tat org.junit.platform.engine.support.hierarchical.ThrowableCollector.execute(ThrowableCollector.java:73)\n\tat org.junit.jupiter.engine.descriptor.TestMethodTestDescriptor.invokeTestMethod(TestMethodTestDescriptor.java:213)\n\tat org.junit.jupiter.engine.descriptor.TestMethodTestDescriptor.execute(TestMethodTestDescriptor.java:138)\n\tat org.junit.jupiter.engine.descriptor.TestMethodTestDescriptor.execute(TestMethodTestDescriptor.java:68)\n\tat org.junit.platform.engine.support.hierarchical.NodeTestTask.lambda$executeRecursively$6(NodeTestTask.java:156)\n\tat org.junit.platform.engine.support.hierarchical.ThrowableCollector.execute(ThrowableCollector.java:73)\n\tat org.junit.platform.engine.support.hierarchical.NodeTestTask.lambda$executeRecursively$8(NodeTestTask.java:146)\n\tat org.junit.platform.engine.support.hierarchical.Node.around(Node.java:137)\n\tat org.junit.platform.engine.support.hierarchical.NodeTestTask.lambda$executeRecursively$9(NodeTestTask.java:144)\n\tat org.junit.platform.engine.support.hierarchical.ThrowableCollector.execute(ThrowableCollector.java:73)\n\tat org.junit.platform.engine.support.hierarchical.NodeTestTask.executeRecursively(NodeTestTask.java:143)\n\tat org.junit.platform.engine.support.hierarchical.NodeTestTask.execute(NodeTestTask.java:100)\n\tat java.base/java.util.ArrayList.forEach(ArrayList.java:1511)\n\tat org.junit.platform.engine.support.hierarchical.SameThreadHierarchicalTestExecutorService.invokeAll(SameThreadHierarchicalTestExecutorService.java:41)\n\tat org.junit.platform.engine.support.hierarchical.NodeTestTask.lambda$executeRecursively$6(NodeTestTask.java:160)\n\tat org.junit.platform.engine.support.hierarchical.ThrowableCollector.execute(ThrowableCollector.java:73)\n\tat org.junit.platform.engine.support.hierarchical.NodeTestTask.lambda$executeRecursively$8(NodeTestTask.java:146)\n\tat org.junit.platform.engine.support.hierarchical.Node.around(Node.java:137)\n\tat org.junit.platform.engine.support.hierarchical.NodeTestTask.lambda$executeRecursively$9(NodeTestTask.java:144)\n\tat org.junit.platform.engine.support.hierarchical.ThrowableCollector.execute(ThrowableCollector.java:73)\n\tat org.junit.platform.engine.support.hierarchical.NodeTestTask.executeRecursively(NodeTestTask.java:143)\n\tat org.junit.platform.engine.support.hierarchical.NodeTestTask.execute(NodeTestTask.java:100)\n\tat java.base/java.util.ArrayList.forEach(ArrayList.java:1511)\n\tat org.junit.platform.engine.support.hierarchical.SameThreadHierarchicalTestExecutorService.invokeAll(SameThreadHierarchicalTestExecutorService.java:41)\n\tat org.junit.platform.engine.support.hierarchical.NodeTestTask.lambda$executeRecursively$6(NodeTestTask.java:160)\n\tat org.junit.platform.engine.support.hierarchical.ThrowableCollector.execute(ThrowableCollector.java:73)\n\tat org.junit.platform.engine.support.hierarchical.NodeTestTask.lambda$executeRecursively$8(NodeTestTask.java:146)\n\tat org.junit.platform.engine.support.hierarchical.Node.around(Node.java:137)\n\tat org.junit.platform.engine.support.hierarchical.NodeTestTask.lambda$executeRecursively$9(NodeTestTask.java:144)\n\tat org.junit.platform.engine.support.hierarchical.ThrowableCollector.execute(ThrowableCollector.java:73)\n\tat org.junit.platform.engine.support.hierarchical.NodeTestTask.executeRecursively(NodeTestTask.java:143)\n\tat org.junit.platform.engine.support.hierarchical.NodeTestTask.execute(NodeTestTask.java:100)\n\tat org.junit.platform.engine.support.hierarchical.SameThreadHierarchicalTestExecutorService.submit(SameThreadHierarchicalTestExecutorService.java:35)\n\tat org.junit.platform.engine.support.hierarchical.HierarchicalTestExecutor.execute(HierarchicalTestExecutor.java:57)\n\tat org.junit.platform.engine.support.hierarchical.HierarchicalTestEngine.execute(HierarchicalTestEngine.java:54)\n\tat org.junit.platform.launcher.core.EngineExecutionOrchestrator.execute(EngineExecutionOrchestrator.java:198)\n\tat org.junit.platform.launcher.core.EngineExecutionOrchestrator.execute(EngineExecutionOrchestrator.java:169)\n\tat org.junit.platform.launcher.core.EngineExecutionOrchestrator.execute(EngineExecutionOrchestrator.java:93)\n\tat org.junit.platform.launcher.core.EngineExecutionOrchestrator.lambda$execute$0(EngineExecutionOrchestrator.java:58)\n\tat org.junit.platform.launcher.core.EngineExecutionOrchestrator.withInterceptedStreams(EngineExecutionOrchestrator.java:141)\n\tat org.junit.platform.launcher.core.EngineExecutionOrchestrator.execute(EngineExecutionOrchestrator.java:57)\n\tat org.junit.platform.launcher.core.DefaultLauncher.execute(DefaultLauncher.java:103)\n\tat org.junit.platform.launcher.core.DefaultLauncher.execute(DefaultLauncher.java:85)\n\tat org.junit.platform.launcher.core.DelegatingLauncher.execute(DelegatingLauncher.java:47)\n\tat org.apache.maven.surefire.junitplatform.LazyLauncher.execute(LazyLauncher.java:56)\n\tat org.apache.maven.surefire.junitplatform.JUnitPlatformProvider.execute(JUnitPlatformProvider.java:184)\n\tat org.apache.maven.surefire.junitplatform.JUnitPlatformProvider.invokeAllTests(JUnitPlatformProvider.java:148)\n\tat org.apache.maven.surefire.junitplatform.JUnitPlatformProvider.invoke(JUnitPlatformProvider.java:122)\n\tat org.apache.maven.surefire.booter.ForkedBooter.runSuitesInProcess(ForkedBooter.java:385)\n\tat org.apache.maven.surefire.booter.ForkedBooter.execute(ForkedBooter.java:162)\n\tat org.apache.maven.surefire.booter.ForkedBooter.run(ForkedBooter.java:507)\n\tat org.apache.maven.surefire.booter.ForkedBooter.main(ForkedBooter.java:495)\nCaused by: org.openqa.selenium.NoSuchElementException: no such element: Unable to locate element: {\"method\":\"css selector\",\"selector\":\"#url\"}\n  (Session info: chrome=121.0.6167.85)\nFor documentation on this error, please visit: https://www.selenium.dev/documentation/webdriver/troubleshooting/errors#no-such-element-exception\nBuild info: version: '4.29.0', revision: '5fc1ec94cb'\nSystem info: os.name: 'Linux', os.arch: 'amd64', os.version: '6.8.0-1021-azure', java.version: '17.0.14'\nDriver info: org.openqa.selenium.remote.RemoteWebDriver\nCommand: [208a3bc4e9acad82131b3912bcb24d23, findElement {using=css selector, value=#url}]\nCapabilities {acceptInsecureCerts: true, browserName: chrome, browserVersion: 121.0.6167.85, chrome: {chromedriverVersion: 121.0.6167.85 (3f98d690ad7e..., userDataDir: /tmp/.org.chromium.Chromium...}, fedcm:accounts: true, goog:chromeOptions: {debuggerAddress: localhost:44139}, networkConnectionEnabled: false, pageLoadStrategy: normal, platformName: linux, proxy: Proxy(), se:cdp: ws://localhost:4444/devtool..., se:cdpVersion: 121.0.6167.85, setWindowRect: true, strictFileInteractability: false, timeouts: {implicit: 0, pageLoad: 300000, script: 30000}, unhandledPromptBehavior: accept, webauthn:extension:credBlob: true, webauthn:extension:largeBlob: true, webauthn:extension:minPinLength: true, webauthn:extension:prf: true, webauthn:virtualAuthenticators: true}\nSession ID: 208a3bc4e9acad82131b3912bcb24d23\n\tat jdk.internal.reflect.GeneratedConstructorAccessor60.newInstance(Unknown Source)\n\tat java.base/jdk.internal.reflect.DelegatingConstructorAccessorImpl.newInstance(DelegatingConstructorAccessorImpl.java:45)\n\tat java.base/java.lang.reflect.Constructor.newInstanceWithCaller(Constructor.java:500)\n\tat java.base/java.lang.reflect.Constructor.newInstance(Constructor.java:481)\n\tat org.openqa.selenium.remote.ErrorCodec.decode(ErrorCodec.java:167)\n\tat org.openqa.selenium.remote.codec.w3c.W3CHttpResponseCodec.decode(W3CHttpResponseCodec.java:138)\n\tat org.openqa.selenium.remote.codec.w3c.W3CHttpResponseCodec.decode(W3CHttpResponseCodec.java:50)\n\tat org.openqa.selenium.remote.HttpCommandExecutor.execute(HttpCommandExecutor.java:215)\n\tat org.openqa.selenium.remote.RemoteWebDriver.execute(RemoteWebDriver.java:545)\n\tat org.openqa.selenium.remote.ElementLocation$ElementFinder$2.findElement(ElementLocation.java:165)\n\tat org.openqa.selenium.remote.ElementLocation.findElement(ElementLocation.java:59)\n\tat org.openqa.selenium.remote.RemoteWebDriver.findElement(RemoteWebDriver.java:368)\n\tat org.openqa.selenium.remote.RemoteWebDriver.findElement(RemoteWebDriver.java:362)\n\tat com.codeborne.selenide.impl.WebElementSelector.findElement(WebElementSelector.java:64)\n\tat com.codeborne.selenide.impl.WebElementSelector.findElement(WebElementSelector.java:39)\n\tat com.codeborne.selenide.impl.WebElementSelector.findElement(WebElementSelector.java:30)\n\tat com.codeborne.selenide.impl.ElementFinder.getWebElement(ElementFinder.java:106)\n\tat com.codeborne.selenide.impl.WebElementSource.checkConditionAndReturnElement(WebElementSource.java:91)\n\t... 81 more\n","steps":[],"attachments":[{"uid":"122abf3ce0cdc3de","name":"Screenshot","source":"122abf3ce0cdc3de.png","type":"image/png","size":80772},{"uid":"4325d82b2952cd77","name":"Page source","source":"4325d82b2952cd77.html","type":"text/html","size":202621}],"parameters":[],"shouldDisplayMessage":true,"stepsCount":0,"attachmentsCount":2,"hasContent":true},{"name":"$(\"open\") http://172.17.0.1:8111/admin/createObjectMenu.html?projectId=test_icLQSAoIMw&showMode=createBuildTypeMenu","time":{"start":1744678106741,"stop":1744678109407,"duration":2666},"status":"passed","steps":[],"attachments":[],"parameters":[],"shouldDisplayMessage":false,"stepsCount":0,"attachmentsCount":0,"hasContent":false},{"name":"$(\"#url\") should be([visible, 5 s.])","time":{"start":1744678109407,"stop":1744678110005,"duration":598},"status":"passed","steps":[],"attachments":[],"parameters":[],"shouldDisplayMessage":false,"stepsCount":0,"attachmentsCount":0,"hasContent":false},{"name":"$(\"#url\") should be([visible, 30 s.])","time":{"start":1744678110005,"stop":1744678110050,"duration":45},"status":"passed","steps":[],"attachments":[],"parameters":[],"shouldDisplayMessage":false,"stepsCount":0,"attachmentsCount":0,"hasContent":false},{"name":"$(\"#url\") val(https://github.com/ALexPshe/spring-core-for-qa)","time":{"start":1744678110051,"stop":1744678110247,"duration":196},"status":"passed","steps":[],"attachments":[],"parameters":[],"shouldDisplayMessage":false,"stepsCount":0,"attachmentsCount":0,"hasContent":false},{"name":"$(\"[value=\"Proceed\"]\") click()","time":{"start":1744678110248,"stop":1744678110340,"duration":92},"status":"passed","steps":[],"attachments":[],"parameters":[],"shouldDisplayMessage":false,"stepsCount":0,"attachmentsCount":0,"hasContent":false},{"name":"$(\".connectionSuccessful\") should([be visible, 30 s.])","time":{"start":1744678110340,"stop":1744678119704,"duration":9364},"status":"passed","steps":[],"attachments":[],"parameters":[],"shouldDisplayMessage":false,"stepsCount":0,"attachmentsCount":0,"hasContent":false},{"name":"$(\"#buildTypeName\") val()","time":{"start":1744678119705,"stop":1744678119854,"duration":149},"status":"passed","steps":[],"attachments":[],"parameters":[],"shouldDisplayMessage":false,"stepsCount":0,"attachmentsCount":0,"hasContent":false},{"name":"$(\"[value=\"Proceed\"]\") click()","time":{"start":1744678119854,"stop":1744678119961,"duration":107},"status":"passed","steps":[],"attachments":[],"parameters":[],"shouldDisplayMessage":false,"stepsCount":0,"attachmentsCount":0,"hasContent":false},{"name":"$(\"#error_buildTypeName\") should be(visible)","time":{"start":1744678119962,"stop":1744678120022,"duration":60},"status":"passed","steps":[],"attachments":[],"parameters":[],"shouldDisplayMessage":false,"stepsCount":0,"attachmentsCount":0,"hasContent":false},{"name":"$(\"#error_buildTypeName\") should have(text \"Name must not be empty\")","time":{"start":1744678120023,"stop":1744678120081,"duration":58},"status":"passed","steps":[],"attachments":[],"parameters":[],"shouldDisplayMessage":false,"stepsCount":0,"attachmentsCount":0,"hasContent":false},{"name":"Check that error message is displayed on Create Build Type Page","time":{"start":1744678120081,"stop":1744678120081,"duration":0},"status":"passed","steps":[],"attachments":[],"parameters":[],"shouldDisplayMessage":false,"stepsCount":0,"attachmentsCount":0,"hasContent":false},{"name":"$(\"#error_buildTypeName\") should be(visible)","time":{"start":1744678120082,"stop":1744678120109,"duration":27},"status":"passed","steps":[],"attachments":[],"parameters":[],"shouldDisplayMessage":false,"stepsCount":0,"attachmentsCount":0,"hasContent":false},{"name":"$(\"#error_buildTypeName\") should have(text \"Name must not be empty\")","time":{"start":1744678120109,"stop":1744678120145,"duration":36},"status":"passed","steps":[],"attachments":[],"parameters":[],"shouldDisplayMessage":false,"stepsCount":0,"attachmentsCount":0,"hasContent":false},{"name":"Check that build type was not created on API Level","time":{"start":1744678120145,"stop":1744678120145,"duration":0},"status":"passed","steps":[],"attachments":[],"parameters":[],"shouldDisplayMessage":false,"stepsCount":0,"attachmentsCount":0,"hasContent":false},{"name":"Check API response status code is 404","time":{"start":1744678120264,"stop":1744678120264,"duration":0},"status":"passed","steps":[],"attachments":[],"parameters":[],"shouldDisplayMessage":false,"stepsCount":0,"attachmentsCount":0,"hasContent":false},{"name":"Check that build type is null","time":{"start":1744678120590,"stop":1744678120590,"duration":0},"status":"passed","steps":[],"attachments":[],"parameters":[],"shouldDisplayMessage":false,"stepsCount":0,"attachmentsCount":0,"hasContent":false},{"name":"$(\"webdriver\") close()","time":{"start":1744678120883,"stop":1744678120983,"duration":100},"status":"passed","steps":[],"attachments":[],"parameters":[],"shouldDisplayMessage":false,"stepsCount":0,"attachmentsCount":0,"hasContent":false}],"attachments":[{"uid":"b0e019dff8db22ee","name":"Request","source":"b0e019dff8db22ee.html","type":"text/html","size":1037},{"uid":"30bf376d716ec291","name":"HTTP/1.1 200 ","source":"30bf376d716ec291.html","type":"text/html","size":2225},{"uid":"45e93de62416f42b","name":"Request","source":"45e93de62416f42b.html","type":"text/html","size":622},{"uid":"359c461eb0423311","name":"HTTP/1.1 404 ","source":"359c461eb0423311.html","type":"text/html","size":876}],"parameters":[],"shouldDisplayMessage":false,"stepsCount":29,"attachmentsCount":10,"hasContent":true},"afterStages":[],"labels":[{"name":"tag","value":"regression"},{"name":"tag","value":"negative"},{"name":"junit.platform.uniqueid","value":"[engine:junit-jupiter]/[class:com.example.teamcity.ui.CreateBuildTypeTest]/[method:userCannotCreateBuildConfigurationWithMissingRequiredFieldTest()]"},{"name":"host","value":"fv-az802-713"},{"name":"thread","value":"4110@fv-az802-713.main(1)"},{"name":"framework","value":"junit-platform"},{"name":"language","value":"java"},{"name":"package","value":"com.example.teamcity.ui.CreateBuildTypeTest"},{"name":"testClass","value":"com.example.teamcity.ui.CreateBuildTypeTest"},{"name":"testMethod","value":"userCannotCreateBuildConfigurationWithMissingRequiredFieldTest"},{"name":"suite","value":"com.example.teamcity.ui.CreateBuildTypeTest"},{"name":"resultFormat","value":"allure2"}],"parameters":[],"links":[],"hidden":false,"retry":false,"extra":{"severity":"normal","retries":[],"categories":[],"history":{"statistic":{"failed":16,"broken":1,"skipped":0,"passed":16,"unknown":0,"total":33},"items":[{"uid":"4769abd667258e7f","reportUrl":"https://paceville.github.io/teamcityTests/ui/67//#testresult/4769abd667258e7f","status":"passed","time":{"start":1744676256088,"stop":1744676301916,"duration":45828}},{"uid":"d88c3403e5210677","reportUrl":"https://paceville.github.io/teamcityTests/ui/66//#testresult/d88c3403e5210677","status":"passed","time":{"start":1744675531817,"stop":1744675572632,"duration":40815}},{"uid":"9c1de26eb831143c","reportUrl":"https://paceville.github.io/teamcityTests/ui/64//#testresult/9c1de26eb831143c","status":"passed","time":{"start":1744672335294,"stop":1744672381428,"duration":46134}},{"uid":"2f4a9829eb5517e8","reportUrl":"https://paceville.github.io/teamcityTests/ui/63//#testresult/2f4a9829eb5517e8","status":"passed","time":{"start":1744671282993,"stop":1744671329705,"duration":46712}},{"uid":"b846994b85d89140","reportUrl":"https://paceville.github.io/teamcityTests/ui/62//#testresult/b846994b85d89140","status":"broken","statusDetails":"Create Build page didn't load after retries","time":{"start":1744669742784,"stop":1744669799941,"duration":57157}},{"uid":"c5e95195ac8061c2","reportUrl":"https://paceville.github.io/teamcityTests/ui/61//#testresult/c5e95195ac8061c2","status":"passed","time":{"start":1744668495885,"stop":1744668554558,"duration":58673}},{"uid":"1ca934b0040f2e7d","reportUrl":"https://paceville.github.io/teamcityTests/ui/60//#testresult/1ca934b0040f2e7d","status":"passed","time":{"start":1744667697229,"stop":1744667749159,"duration":51930}},{"uid":"887af4ed809f571b","reportUrl":"https://paceville.github.io/teamcityTests/ui/59//#testresult/887af4ed809f571b","status":"passed","time":{"start":1744666936533,"stop":1744666995374,"duration":58841}},{"uid":"8aedb5d17e887888","reportUrl":"https://paceville.github.io/teamcityTests/ui/58//#testresult/8aedb5d17e887888","status":"passed","time":{"start":1744665755426,"stop":1744665813307,"duration":57881}},{"uid":"bf82f36e1bb0bd21","reportUrl":"https://paceville.github.io/teamcityTests/ui/57//#testresult/bf82f36e1bb0bd21","status":"passed","time":{"start":1744664577416,"stop":1744664628001,"duration":50585}},{"uid":"8390639f3e107daa","reportUrl":"https://paceville.github.io/teamcityTests/ui/56//#testresult/8390639f3e107daa","status":"passed","time":{"start":1744663334727,"stop":1744663395543,"duration":60816}},{"uid":"cc2bb8f3bae51d3c","reportUrl":"https://paceville.github.io/teamcityTests/ui/55//#testresult/cc2bb8f3bae51d3c","status":"passed","time":{"start":1744662092768,"stop":1744662147040,"duration":54272}},{"uid":"1eb86d145910bdcf","reportUrl":"https://paceville.github.io/teamcityTests/ui/54//#testresult/1eb86d145910bdcf","status":"passed","time":{"start":1744661114354,"stop":1744661164133,"duration":49779}},{"uid":"4120d345a07c0784","reportUrl":"https://paceville.github.io/teamcityTests/ui/53//#testresult/4120d345a07c0784","status":"passed","time":{"start":1744660462785,"stop":1744660514961,"duration":52176}},{"uid":"8a5b94fc9ac10a0c","reportUrl":"https://paceville.github.io/teamcityTests/ui/52//#testresult/8a5b94fc9ac10a0c","status":"passed","time":{"start":1744658854680,"stop":1744658903768,"duration":49088}},{"uid":"12a50f1573291204","reportUrl":"https://paceville.github.io/teamcityTests/ui/51//#testresult/12a50f1573291204","status":"passed","time":{"start":1744658549039,"stop":1744658601798,"duration":52759}},{"uid":"749ecb1379f4876a","reportUrl":"https://paceville.github.io/teamcityTests/ui/50//#testresult/749ecb1379f4876a","status":"failed","statusDetails":"Element not found {#url}\nExpected: visible\nScreenshot: file:/home/runner/work/teamcityTests/teamcityTests/build/reports/tests/1744658268907.0.png\nPage source: file:/home/runner/work/teamcityTests/teamcityTests/build/reports/tests/1744658268907.0.html\nTimeout: 30 s.\nCaused by: NoSuchElementException: no such element: Unable to locate element: {\"method\":\"css selector\",\"selector\":\"#url\"}","time":{"start":1744658203468,"stop":1744658269580,"duration":66112}},{"uid":"686e947279a4d2f6","reportUrl":"https://paceville.github.io/teamcityTests/ui/49//#testresult/686e947279a4d2f6","status":"failed","statusDetails":"Element not found {#url}\nExpected: visible\nScreenshot: file:/home/runner/work/teamcityTests/teamcityTests/build/reports/tests/1744657224224.0.png\nPage source: file:/home/runner/work/teamcityTests/teamcityTests/build/reports/tests/1744657224224.0.html\nTimeout: 180 s.\nCaused by: NoSuchElementException: no such element: Unable to locate element: {\"method\":\"css selector\",\"selector\":\"#url\"}","time":{"start":1744657027776,"stop":1744657224608,"duration":196832}},{"uid":"fe7612f5ff3c9138","reportUrl":"https://paceville.github.io/teamcityTests/ui/48//#testresult/fe7612f5ff3c9138","status":"failed","statusDetails":"Element not found {#url}\nExpected: visible\nScreenshot: file:/home/runner/work/teamcityTests/teamcityTests/build/reports/tests/1744655805225.0.png\nPage source: file:/home/runner/work/teamcityTests/teamcityTests/build/reports/tests/1744655805225.0.html\nTimeout: 30 s.\nCaused by: NoSuchElementException: no such element: Unable to locate element: {\"method\":\"css selector\",\"selector\":\"#url\"}","time":{"start":1744655740324,"stop":1744655805890,"duration":65566}},{"uid":"c15d91c2a92fd396","reportUrl":"https://paceville.github.io/teamcityTests/ui/46//#testresult/c15d91c2a92fd396","status":"failed","statusDetails":"Element not found {#url}\nExpected: visible\nScreenshot: file:/home/runner/work/teamcityTests/teamcityTests/build/reports/tests/1744641696890.0.png\nPage source: file:/home/runner/work/teamcityTests/teamcityTests/build/reports/tests/1744641696890.0.html\nTimeout: 30 s.\nCaused by: NoSuchElementException: no such element: Unable to locate element: {\"method\":\"css selector\",\"selector\":\"#url\"}","time":{"start":1744641652746,"stop":1744641697532,"duration":44786}}]},"tags":["negative","regression"]},"source":"870082b90b2cc270.json","parameterValues":[]}