{"uid":"7b862a62373f3ab9","name":"setupTeamCityServerTest()","fullName":"com.example.teamcity.ui.SetupServerTest.setupTeamCityServerTest","historyId":"ebd86ee0e338cf9052a9f3089434f178","time":{"start":1744672405742,"stop":1744672589009,"duration":183267},"description":"","status":"broken","statusMessage":"Failed to create new instance of class com.example.teamcity.ui.setup.FirstStartPage","statusTrace":"com.codeborne.selenide.ex.PageObjectException: Failed to create new instance of class com.example.teamcity.ui.setup.FirstStartPage\n\tat com.codeborne.selenide.impl.SelenidePageFactory.page(SelenidePageFactory.java:46)\n\tat com.codeborne.selenide.SelenideDriver.page(SelenideDriver.java:131)\n\tat com.codeborne.selenide.SelenideDriver.open(SelenideDriver.java:108)\n\tat com.codeborne.selenide.Selenide.open(Selenide.java:180)\n\tat com.example.teamcity.ui.setup.FirstStartPage.open(FirstStartPage.java:22)\n\tat com.example.teamcity.ui.SetupServerTest.setupTeamCityServerTest(SetupServerTest.java:12)\n\tat java.base/java.lang.reflect.Method.invoke(Method.java:569)\n\tat java.base/java.util.ArrayList.forEach(ArrayList.java:1511)\n\tat java.base/java.util.ArrayList.forEach(ArrayList.java:1511)\nCaused by: java.lang.reflect.InvocationTargetException\n\tat java.base/jdk.internal.reflect.NativeConstructorAccessorImpl.newInstance0(Native Method)\n\tat java.base/jdk.internal.reflect.NativeConstructorAccessorImpl.newInstance(NativeConstructorAccessorImpl.java:77)\n\tat java.base/jdk.internal.reflect.DelegatingConstructorAccessorImpl.newInstance(DelegatingConstructorAccessorImpl.java:45)\n\tat java.base/java.lang.reflect.Constructor.newInstanceWithCaller(Constructor.java:500)\n\tat java.base/java.lang.reflect.Constructor.newInstance(Constructor.java:481)\n\tat com.codeborne.selenide.impl.SelenidePageFactory.page(SelenidePageFactory.java:43)\n\t... 8 more\nCaused by: Element not found {#restoreButton}\nExpected: visible\nScreenshot: file:/home/runner/work/teamcityTests/teamcityTests/build/reports/tests/1744672588692.1.png\nPage source: file:/home/runner/work/teamcityTests/teamcityTests/build/reports/tests/1744672588692.1.html\nTimeout: 180 s.\nCaused by: NoSuchElementException: no such element: Unable to locate element: {\"method\":\"css selector\",\"selector\":\"#restoreButton\"}\n\tat com.codeborne.selenide.impl.WebElementSource.createElementNotFoundError(WebElementSource.java:68)\n\tat com.codeborne.selenide.impl.ElementFinder.createElementNotFoundError(ElementFinder.java:122)\n\tat com.codeborne.selenide.impl.WebElementSource.handleError(WebElementSource.java:119)\n\tat com.codeborne.selenide.impl.WebElementSource.checkConditionAndReturnElement(WebElementSource.java:102)\n\tat com.codeborne.selenide.impl.WebElementSource.checkCondition(WebElementSource.java:78)\n\tat com.codeborne.selenide.commands.Should.execute(Should.java:24)\n\tat com.codeborne.selenide.FluentCommand.execute(FluentCommand.java:27)\n\tat com.codeborne.selenide.FluentCommand.execute(FluentCommand.java:19)\n\tat com.codeborne.selenide.commands.Commands.execute(Commands.java:160)\n\tat com.codeborne.selenide.impl.SelenideElementProxy.dispatchAndRetry(SelenideElementProxy.java:131)\n\tat com.codeborne.selenide.impl.SelenideElementProxy.invoke(SelenideElementProxy.java:83)\n\tat jdk.proxy2/jdk.proxy2.$Proxy72.shouldBe(Unknown Source)\n\tat com.example.teamcity.ui.setup.FirstStartPage.<init>(FirstStartPage.java:18)\n\t... 14 more\nCaused by: org.openqa.selenium.NoSuchElementException: no such element: Unable to locate element: {\"method\":\"css selector\",\"selector\":\"#restoreButton\"}\n  (Session info: chrome=121.0.6167.85)\nFor documentation on this error, please visit: https://www.selenium.dev/documentation/webdriver/troubleshooting/errors#no-such-element-exception\nBuild info: version: '4.29.0', revision: '5fc1ec94cb'\nSystem info: os.name: 'Linux', os.arch: 'amd64', os.version: '6.8.0-1021-azure', java.version: '17.0.14'\nDriver info: org.openqa.selenium.remote.RemoteWebDriver\nCommand: [2f88608a7112a265155070917dc63a81, findElement {value=#restoreButton, using=css selector}]\nCapabilities {acceptInsecureCerts: true, browserName: chrome, browserVersion: 121.0.6167.85, chrome: {chromedriverVersion: 121.0.6167.85 (3f98d690ad7e..., userDataDir: /tmp/.org.chromium.Chromium...}, fedcm:accounts: true, goog:chromeOptions: {debuggerAddress: localhost:34987}, networkConnectionEnabled: false, pageLoadStrategy: normal, platformName: linux, proxy: Proxy(), se:cdp: ws://localhost:4444/devtool..., se:cdpVersion: 121.0.6167.85, setWindowRect: true, strictFileInteractability: false, timeouts: {implicit: 0, pageLoad: 300000, script: 30000}, unhandledPromptBehavior: accept, webauthn:extension:credBlob: true, webauthn:extension:largeBlob: true, webauthn:extension:minPinLength: true, webauthn:extension:prf: true, webauthn:virtualAuthenticators: true}\nSession ID: 2f88608a7112a265155070917dc63a81\n\tat jdk.internal.reflect.GeneratedConstructorAccessor59.newInstance(Unknown Source)\n\tat java.base/jdk.internal.reflect.DelegatingConstructorAccessorImpl.newInstance(DelegatingConstructorAccessorImpl.java:45)\n\tat java.base/java.lang.reflect.Constructor.newInstanceWithCaller(Constructor.java:500)\n\tat java.base/java.lang.reflect.Constructor.newInstance(Constructor.java:481)\n\tat org.openqa.selenium.remote.ErrorCodec.decode(ErrorCodec.java:167)\n\tat org.openqa.selenium.remote.codec.w3c.W3CHttpResponseCodec.decode(W3CHttpResponseCodec.java:138)\n\tat org.openqa.selenium.remote.codec.w3c.W3CHttpResponseCodec.decode(W3CHttpResponseCodec.java:50)\n\tat org.openqa.selenium.remote.HttpCommandExecutor.execute(HttpCommandExecutor.java:215)\n\tat org.openqa.selenium.remote.RemoteWebDriver.execute(RemoteWebDriver.java:545)\n\tat org.openqa.selenium.remote.ElementLocation$ElementFinder$2.findElement(ElementLocation.java:165)\n\tat org.openqa.selenium.remote.ElementLocation.findElement(ElementLocation.java:59)\n\tat org.openqa.selenium.remote.RemoteWebDriver.findElement(RemoteWebDriver.java:368)\n\tat org.openqa.selenium.remote.RemoteWebDriver.findElement(RemoteWebDriver.java:362)\n\tat com.codeborne.selenide.impl.WebElementSelector.findElement(WebElementSelector.java:64)\n\tat com.codeborne.selenide.impl.WebElementSelector.findElement(WebElementSelector.java:39)\n\tat com.codeborne.selenide.impl.WebElementSelector.findElement(WebElementSelector.java:30)\n\tat com.codeborne.selenide.impl.ElementFinder.getWebElement(ElementFinder.java:106)\n\tat com.codeborne.selenide.impl.WebElementSource.checkConditionAndReturnElement(WebElementSource.java:91)\n\t... 23 more\n","flaky":false,"newFailed":false,"newBroken":false,"newPassed":false,"retriesCount":1,"retriesStatusChange":true,"beforeStages":[],"testStage":{"description":"","status":"broken","statusMessage":"Failed to create new instance of class com.example.teamcity.ui.setup.FirstStartPage","statusTrace":"com.codeborne.selenide.ex.PageObjectException: Failed to create new instance of class com.example.teamcity.ui.setup.FirstStartPage\n\tat com.codeborne.selenide.impl.SelenidePageFactory.page(SelenidePageFactory.java:46)\n\tat com.codeborne.selenide.SelenideDriver.page(SelenideDriver.java:131)\n\tat com.codeborne.selenide.SelenideDriver.open(SelenideDriver.java:108)\n\tat com.codeborne.selenide.Selenide.open(Selenide.java:180)\n\tat com.example.teamcity.ui.setup.FirstStartPage.open(FirstStartPage.java:22)\n\tat com.example.teamcity.ui.SetupServerTest.setupTeamCityServerTest(SetupServerTest.java:12)\n\tat java.base/java.lang.reflect.Method.invoke(Method.java:569)\n\tat java.base/java.util.ArrayList.forEach(ArrayList.java:1511)\n\tat java.base/java.util.ArrayList.forEach(ArrayList.java:1511)\nCaused by: java.lang.reflect.InvocationTargetException\n\tat java.base/jdk.internal.reflect.NativeConstructorAccessorImpl.newInstance0(Native Method)\n\tat java.base/jdk.internal.reflect.NativeConstructorAccessorImpl.newInstance(NativeConstructorAccessorImpl.java:77)\n\tat java.base/jdk.internal.reflect.DelegatingConstructorAccessorImpl.newInstance(DelegatingConstructorAccessorImpl.java:45)\n\tat java.base/java.lang.reflect.Constructor.newInstanceWithCaller(Constructor.java:500)\n\tat java.base/java.lang.reflect.Constructor.newInstance(Constructor.java:481)\n\tat com.codeborne.selenide.impl.SelenidePageFactory.page(SelenidePageFactory.java:43)\n\t... 8 more\nCaused by: Element not found {#restoreButton}\nExpected: visible\nScreenshot: file:/home/runner/work/teamcityTests/teamcityTests/build/reports/tests/1744672588692.1.png\nPage source: file:/home/runner/work/teamcityTests/teamcityTests/build/reports/tests/1744672588692.1.html\nTimeout: 180 s.\nCaused by: NoSuchElementException: no such element: Unable to locate element: {\"method\":\"css selector\",\"selector\":\"#restoreButton\"}\n\tat com.codeborne.selenide.impl.WebElementSource.createElementNotFoundError(WebElementSource.java:68)\n\tat com.codeborne.selenide.impl.ElementFinder.createElementNotFoundError(ElementFinder.java:122)\n\tat com.codeborne.selenide.impl.WebElementSource.handleError(WebElementSource.java:119)\n\tat com.codeborne.selenide.impl.WebElementSource.checkConditionAndReturnElement(WebElementSource.java:102)\n\tat com.codeborne.selenide.impl.WebElementSource.checkCondition(WebElementSource.java:78)\n\tat com.codeborne.selenide.commands.Should.execute(Should.java:24)\n\tat com.codeborne.selenide.FluentCommand.execute(FluentCommand.java:27)\n\tat com.codeborne.selenide.FluentCommand.execute(FluentCommand.java:19)\n\tat com.codeborne.selenide.commands.Commands.execute(Commands.java:160)\n\tat com.codeborne.selenide.impl.SelenideElementProxy.dispatchAndRetry(SelenideElementProxy.java:131)\n\tat com.codeborne.selenide.impl.SelenideElementProxy.invoke(SelenideElementProxy.java:83)\n\tat jdk.proxy2/jdk.proxy2.$Proxy72.shouldBe(Unknown Source)\n\tat com.example.teamcity.ui.setup.FirstStartPage.<init>(FirstStartPage.java:18)\n\t... 14 more\nCaused by: org.openqa.selenium.NoSuchElementException: no such element: Unable to locate element: {\"method\":\"css selector\",\"selector\":\"#restoreButton\"}\n  (Session info: chrome=121.0.6167.85)\nFor documentation on this error, please visit: https://www.selenium.dev/documentation/webdriver/troubleshooting/errors#no-such-element-exception\nBuild info: version: '4.29.0', revision: '5fc1ec94cb'\nSystem info: os.name: 'Linux', os.arch: 'amd64', os.version: '6.8.0-1021-azure', java.version: '17.0.14'\nDriver info: org.openqa.selenium.remote.RemoteWebDriver\nCommand: [2f88608a7112a265155070917dc63a81, findElement {value=#restoreButton, using=css selector}]\nCapabilities {acceptInsecureCerts: true, browserName: chrome, browserVersion: 121.0.6167.85, chrome: {chromedriverVersion: 121.0.6167.85 (3f98d690ad7e..., userDataDir: /tmp/.org.chromium.Chromium...}, fedcm:accounts: true, goog:chromeOptions: {debuggerAddress: localhost:34987}, networkConnectionEnabled: false, pageLoadStrategy: normal, platformName: linux, proxy: Proxy(), se:cdp: ws://localhost:4444/devtool..., se:cdpVersion: 121.0.6167.85, setWindowRect: true, strictFileInteractability: false, timeouts: {implicit: 0, pageLoad: 300000, script: 30000}, unhandledPromptBehavior: accept, webauthn:extension:credBlob: true, webauthn:extension:largeBlob: true, webauthn:extension:minPinLength: true, webauthn:extension:prf: true, webauthn:virtualAuthenticators: true}\nSession ID: 2f88608a7112a265155070917dc63a81\n\tat jdk.internal.reflect.GeneratedConstructorAccessor59.newInstance(Unknown Source)\n\tat java.base/jdk.internal.reflect.DelegatingConstructorAccessorImpl.newInstance(DelegatingConstructorAccessorImpl.java:45)\n\tat java.base/java.lang.reflect.Constructor.newInstanceWithCaller(Constructor.java:500)\n\tat java.base/java.lang.reflect.Constructor.newInstance(Constructor.java:481)\n\tat org.openqa.selenium.remote.ErrorCodec.decode(ErrorCodec.java:167)\n\tat org.openqa.selenium.remote.codec.w3c.W3CHttpResponseCodec.decode(W3CHttpResponseCodec.java:138)\n\tat org.openqa.selenium.remote.codec.w3c.W3CHttpResponseCodec.decode(W3CHttpResponseCodec.java:50)\n\tat org.openqa.selenium.remote.HttpCommandExecutor.execute(HttpCommandExecutor.java:215)\n\tat org.openqa.selenium.remote.RemoteWebDriver.execute(RemoteWebDriver.java:545)\n\tat org.openqa.selenium.remote.ElementLocation$ElementFinder$2.findElement(ElementLocation.java:165)\n\tat org.openqa.selenium.remote.ElementLocation.findElement(ElementLocation.java:59)\n\tat org.openqa.selenium.remote.RemoteWebDriver.findElement(RemoteWebDriver.java:368)\n\tat org.openqa.selenium.remote.RemoteWebDriver.findElement(RemoteWebDriver.java:362)\n\tat com.codeborne.selenide.impl.WebElementSelector.findElement(WebElementSelector.java:64)\n\tat com.codeborne.selenide.impl.WebElementSelector.findElement(WebElementSelector.java:39)\n\tat com.codeborne.selenide.impl.WebElementSelector.findElement(WebElementSelector.java:30)\n\tat com.codeborne.selenide.impl.ElementFinder.getWebElement(ElementFinder.java:106)\n\tat com.codeborne.selenide.impl.WebElementSource.checkConditionAndReturnElement(WebElementSource.java:91)\n\t... 23 more\n","steps":[{"name":"$(\"open\") http://172.17.0.1:8111/","time":{"start":1744672405744,"stop":1744672408513,"duration":2769},"status":"passed","steps":[{"name":"$(\"webdriver\") create()","time":{"start":1744672405744,"stop":1744672407554,"duration":1810},"status":"passed","steps":[],"attachments":[],"parameters":[],"attachmentsCount":0,"hasContent":false,"shouldDisplayMessage":false,"stepsCount":0}],"attachments":[],"parameters":[],"attachmentsCount":0,"hasContent":true,"shouldDisplayMessage":false,"stepsCount":1},{"name":"$(\"#restoreButton\") should be([visible, 180 s.])","time":{"start":1744672408514,"stop":1744672588950,"duration":180436},"status":"failed","statusMessage":"Element not found {#restoreButton}\nExpected: visible\nScreenshot: file:/home/runner/work/teamcityTests/teamcityTests/build/reports/tests/1744672588692.1.png\nPage source: file:/home/runner/work/teamcityTests/teamcityTests/build/reports/tests/1744672588692.1.html\nTimeout: 180 s.\nCaused by: NoSuchElementException: no such element: Unable to locate element: {\"method\":\"css selector\",\"selector\":\"#restoreButton\"}","statusTrace":"Element not found {#restoreButton}\nExpected: visible\nScreenshot: file:/home/runner/work/teamcityTests/teamcityTests/build/reports/tests/1744672588692.1.png\nPage source: file:/home/runner/work/teamcityTests/teamcityTests/build/reports/tests/1744672588692.1.html\nTimeout: 180 s.\nCaused by: NoSuchElementException: no such element: Unable to locate element: {\"method\":\"css selector\",\"selector\":\"#restoreButton\"}\n\tat com.codeborne.selenide.impl.WebElementSource.createElementNotFoundError(WebElementSource.java:68)\n\tat com.codeborne.selenide.impl.ElementFinder.createElementNotFoundError(ElementFinder.java:122)\n\tat com.codeborne.selenide.impl.WebElementSource.handleError(WebElementSource.java:119)\n\tat com.codeborne.selenide.impl.WebElementSource.checkConditionAndReturnElement(WebElementSource.java:102)\n\tat com.codeborne.selenide.impl.WebElementSource.checkCondition(WebElementSource.java:78)\n\tat com.codeborne.selenide.commands.Should.execute(Should.java:24)\n\tat com.codeborne.selenide.FluentCommand.execute(FluentCommand.java:27)\n\tat com.codeborne.selenide.FluentCommand.execute(FluentCommand.java:19)\n\tat com.codeborne.selenide.commands.Commands.execute(Commands.java:160)\n\tat com.codeborne.selenide.impl.SelenideElementProxy.dispatchAndRetry(SelenideElementProxy.java:131)\n\tat com.codeborne.selenide.impl.SelenideElementProxy.invoke(SelenideElementProxy.java:83)\n\tat jdk.proxy2/jdk.proxy2.$Proxy72.shouldBe(Unknown Source)\n\tat com.example.teamcity.ui.setup.FirstStartPage.<init>(FirstStartPage.java:18)\n\tat java.base/jdk.internal.reflect.NativeConstructorAccessorImpl.newInstance0(Native Method)\n\tat java.base/jdk.internal.reflect.NativeConstructorAccessorImpl.newInstance(NativeConstructorAccessorImpl.java:77)\n\tat java.base/jdk.internal.reflect.DelegatingConstructorAccessorImpl.newInstance(DelegatingConstructorAccessorImpl.java:45)\n\tat java.base/java.lang.reflect.Constructor.newInstanceWithCaller(Constructor.java:500)\n\tat java.base/java.lang.reflect.Constructor.newInstance(Constructor.java:481)\n\tat com.codeborne.selenide.impl.SelenidePageFactory.page(SelenidePageFactory.java:43)\n\tat com.codeborne.selenide.SelenideDriver.page(SelenideDriver.java:131)\n\tat com.codeborne.selenide.SelenideDriver.open(SelenideDriver.java:108)\n\tat com.codeborne.selenide.Selenide.open(Selenide.java:180)\n\tat com.example.teamcity.ui.setup.FirstStartPage.open(FirstStartPage.java:22)\n\tat com.example.teamcity.ui.SetupServerTest.setupTeamCityServerTest(SetupServerTest.java:12)\n\tat java.base/jdk.internal.reflect.NativeMethodAccessorImpl.invoke0(Native Method)\n\tat java.base/jdk.internal.reflect.NativeMethodAccessorImpl.invoke(NativeMethodAccessorImpl.java:77)\n\tat java.base/jdk.internal.reflect.DelegatingMethodAccessorImpl.invoke(DelegatingMethodAccessorImpl.java:43)\n\tat java.base/java.lang.reflect.Method.invoke(Method.java:569)\n\tat org.junit.platform.commons.util.ReflectionUtils.invokeMethod(ReflectionUtils.java:767)\n\tat org.junit.jupiter.engine.execution.MethodInvocation.proceed(MethodInvocation.java:60)\n\tat org.junit.jupiter.engine.execution.InvocationInterceptorChain$ValidatingInvocation.proceed(InvocationInterceptorChain.java:131)\n\tat org.junit.jupiter.engine.extension.TimeoutExtension.intercept(TimeoutExtension.java:156)\n\tat org.junit.jupiter.engine.extension.TimeoutExtension.interceptTestableMethod(TimeoutExtension.java:147)\n\tat org.junit.jupiter.engine.extension.TimeoutExtension.interceptTestMethod(TimeoutExtension.java:86)\n\tat org.junit.jupiter.engine.execution.InterceptingExecutableInvoker$ReflectiveInterceptorCall.lambda$ofVoidMethod$0(InterceptingExecutableInvoker.java:103)\n\tat org.junit.jupiter.engine.execution.InterceptingExecutableInvoker.lambda$invoke$0(InterceptingExecutableInvoker.java:93)\n\tat org.junit.jupiter.engine.execution.InvocationInterceptorChain$InterceptedInvocation.proceed(InvocationInterceptorChain.java:106)\n\tat org.junit.jupiter.engine.execution.InvocationInterceptorChain.proceed(InvocationInterceptorChain.java:64)\n\tat org.junit.jupiter.engine.execution.InvocationInterceptorChain.chainAndInvoke(InvocationInterceptorChain.java:45)\n\tat org.junit.jupiter.engine.execution.InvocationInterceptorChain.invoke(InvocationInterceptorChain.java:37)\n\tat org.junit.jupiter.engine.execution.InterceptingExecutableInvoker.invoke(InterceptingExecutableInvoker.java:92)\n\tat org.junit.jupiter.engine.execution.InterceptingExecutableInvoker.invoke(InterceptingExecutableInvoker.java:86)\n\tat org.junit.jupiter.engine.descriptor.TestMethodTestDescriptor.lambda$invokeTestMethod$8(TestMethodTestDescriptor.java:217)\n\tat org.junit.platform.engine.support.hierarchical.ThrowableCollector.execute(ThrowableCollector.java:73)\n\tat org.junit.jupiter.engine.descriptor.TestMethodTestDescriptor.invokeTestMethod(TestMethodTestDescriptor.java:213)\n\tat org.junit.jupiter.engine.descriptor.TestMethodTestDescriptor.execute(TestMethodTestDescriptor.java:138)\n\tat org.junit.jupiter.engine.descriptor.TestMethodTestDescriptor.execute(TestMethodTestDescriptor.java:68)\n\tat org.junit.platform.engine.support.hierarchical.NodeTestTask.lambda$executeRecursively$6(NodeTestTask.java:156)\n\tat org.junit.platform.engine.support.hierarchical.ThrowableCollector.execute(ThrowableCollector.java:73)\n\tat org.junit.platform.engine.support.hierarchical.NodeTestTask.lambda$executeRecursively$8(NodeTestTask.java:146)\n\tat org.junit.platform.engine.support.hierarchical.Node.around(Node.java:137)\n\tat org.junit.platform.engine.support.hierarchical.NodeTestTask.lambda$executeRecursively$9(NodeTestTask.java:144)\n\tat org.junit.platform.engine.support.hierarchical.ThrowableCollector.execute(ThrowableCollector.java:73)\n\tat org.junit.platform.engine.support.hierarchical.NodeTestTask.executeRecursively(NodeTestTask.java:143)\n\tat org.junit.platform.engine.support.hierarchical.NodeTestTask.execute(NodeTestTask.java:100)\n\tat java.base/java.util.ArrayList.forEach(ArrayList.java:1511)\n\tat org.junit.platform.engine.support.hierarchical.SameThreadHierarchicalTestExecutorService.invokeAll(SameThreadHierarchicalTestExecutorService.java:41)\n\tat org.junit.platform.engine.support.hierarchical.NodeTestTask.lambda$executeRecursively$6(NodeTestTask.java:160)\n\tat org.junit.platform.engine.support.hierarchical.ThrowableCollector.execute(ThrowableCollector.java:73)\n\tat org.junit.platform.engine.support.hierarchical.NodeTestTask.lambda$executeRecursively$8(NodeTestTask.java:146)\n\tat org.junit.platform.engine.support.hierarchical.Node.around(Node.java:137)\n\tat org.junit.platform.engine.support.hierarchical.NodeTestTask.lambda$executeRecursively$9(NodeTestTask.java:144)\n\tat org.junit.platform.engine.support.hierarchical.ThrowableCollector.execute(ThrowableCollector.java:73)\n\tat org.junit.platform.engine.support.hierarchical.NodeTestTask.executeRecursively(NodeTestTask.java:143)\n\tat org.junit.platform.engine.support.hierarchical.NodeTestTask.execute(NodeTestTask.java:100)\n\tat java.base/java.util.ArrayList.forEach(ArrayList.java:1511)\n\tat org.junit.platform.engine.support.hierarchical.SameThreadHierarchicalTestExecutorService.invokeAll(SameThreadHierarchicalTestExecutorService.java:41)\n\tat org.junit.platform.engine.support.hierarchical.NodeTestTask.lambda$executeRecursively$6(NodeTestTask.java:160)\n\tat org.junit.platform.engine.support.hierarchical.ThrowableCollector.execute(ThrowableCollector.java:73)\n\tat org.junit.platform.engine.support.hierarchical.NodeTestTask.lambda$executeRecursively$8(NodeTestTask.java:146)\n\tat org.junit.platform.engine.support.hierarchical.Node.around(Node.java:137)\n\tat org.junit.platform.engine.support.hierarchical.NodeTestTask.lambda$executeRecursively$9(NodeTestTask.java:144)\n\tat org.junit.platform.engine.support.hierarchical.ThrowableCollector.execute(ThrowableCollector.java:73)\n\tat org.junit.platform.engine.support.hierarchical.NodeTestTask.executeRecursively(NodeTestTask.java:143)\n\tat org.junit.platform.engine.support.hierarchical.NodeTestTask.execute(NodeTestTask.java:100)\n\tat org.junit.platform.engine.support.hierarchical.SameThreadHierarchicalTestExecutorService.submit(SameThreadHierarchicalTestExecutorService.java:35)\n\tat org.junit.platform.engine.support.hierarchical.HierarchicalTestExecutor.execute(HierarchicalTestExecutor.java:57)\n\tat org.junit.platform.engine.support.hierarchical.HierarchicalTestEngine.execute(HierarchicalTestEngine.java:54)\n\tat org.junit.platform.launcher.core.EngineExecutionOrchestrator.execute(EngineExecutionOrchestrator.java:198)\n\tat org.junit.platform.launcher.core.EngineExecutionOrchestrator.execute(EngineExecutionOrchestrator.java:169)\n\tat org.junit.platform.launcher.core.EngineExecutionOrchestrator.execute(EngineExecutionOrchestrator.java:93)\n\tat org.junit.platform.launcher.core.EngineExecutionOrchestrator.lambda$execute$0(EngineExecutionOrchestrator.java:58)\n\tat org.junit.platform.launcher.core.EngineExecutionOrchestrator.withInterceptedStreams(EngineExecutionOrchestrator.java:141)\n\tat org.junit.platform.launcher.core.EngineExecutionOrchestrator.execute(EngineExecutionOrchestrator.java:57)\n\tat org.junit.platform.launcher.core.DefaultLauncher.execute(DefaultLauncher.java:103)\n\tat org.junit.platform.launcher.core.DefaultLauncher.execute(DefaultLauncher.java:85)\n\tat org.junit.platform.launcher.core.DelegatingLauncher.execute(DelegatingLauncher.java:47)\n\tat org.apache.maven.surefire.junitplatform.LazyLauncher.execute(LazyLauncher.java:56)\n\tat org.apache.maven.surefire.junitplatform.JUnitPlatformProvider.execute(JUnitPlatformProvider.java:184)\n\tat org.apache.maven.surefire.junitplatform.JUnitPlatformProvider.invokeAllTests(JUnitPlatformProvider.java:148)\n\tat org.apache.maven.surefire.junitplatform.JUnitPlatformProvider.invoke(JUnitPlatformProvider.java:122)\n\tat org.apache.maven.surefire.booter.ForkedBooter.runSuitesInProcess(ForkedBooter.java:385)\n\tat org.apache.maven.surefire.booter.ForkedBooter.execute(ForkedBooter.java:162)\n\tat org.apache.maven.surefire.booter.ForkedBooter.run(ForkedBooter.java:507)\n\tat org.apache.maven.surefire.booter.ForkedBooter.main(ForkedBooter.java:495)\nCaused by: org.openqa.selenium.NoSuchElementException: no such element: Unable to locate element: {\"method\":\"css selector\",\"selector\":\"#restoreButton\"}\n  (Session info: chrome=121.0.6167.85)\nFor documentation on this error, please visit: https://www.selenium.dev/documentation/webdriver/troubleshooting/errors#no-such-element-exception\nBuild info: version: '4.29.0', revision: '5fc1ec94cb'\nSystem info: os.name: 'Linux', os.arch: 'amd64', os.version: '6.8.0-1021-azure', java.version: '17.0.14'\nDriver info: org.openqa.selenium.remote.RemoteWebDriver\nCommand: [2f88608a7112a265155070917dc63a81, findElement {value=#restoreButton, using=css selector}]\nCapabilities {acceptInsecureCerts: true, browserName: chrome, browserVersion: 121.0.6167.85, chrome: {chromedriverVersion: 121.0.6167.85 (3f98d690ad7e..., userDataDir: /tmp/.org.chromium.Chromium...}, fedcm:accounts: true, goog:chromeOptions: {debuggerAddress: localhost:34987}, networkConnectionEnabled: false, pageLoadStrategy: normal, platformName: linux, proxy: Proxy(), se:cdp: ws://localhost:4444/devtool..., se:cdpVersion: 121.0.6167.85, setWindowRect: true, strictFileInteractability: false, timeouts: {implicit: 0, pageLoad: 300000, script: 30000}, unhandledPromptBehavior: accept, webauthn:extension:credBlob: true, webauthn:extension:largeBlob: true, webauthn:extension:minPinLength: true, webauthn:extension:prf: true, webauthn:virtualAuthenticators: true}\nSession ID: 2f88608a7112a265155070917dc63a81\n\tat jdk.internal.reflect.GeneratedConstructorAccessor59.newInstance(Unknown Source)\n\tat java.base/jdk.internal.reflect.DelegatingConstructorAccessorImpl.newInstance(DelegatingConstructorAccessorImpl.java:45)\n\tat java.base/java.lang.reflect.Constructor.newInstanceWithCaller(Constructor.java:500)\n\tat java.base/java.lang.reflect.Constructor.newInstance(Constructor.java:481)\n\tat org.openqa.selenium.remote.ErrorCodec.decode(ErrorCodec.java:167)\n\tat org.openqa.selenium.remote.codec.w3c.W3CHttpResponseCodec.decode(W3CHttpResponseCodec.java:138)\n\tat org.openqa.selenium.remote.codec.w3c.W3CHttpResponseCodec.decode(W3CHttpResponseCodec.java:50)\n\tat org.openqa.selenium.remote.HttpCommandExecutor.execute(HttpCommandExecutor.java:215)\n\tat org.openqa.selenium.remote.RemoteWebDriver.execute(RemoteWebDriver.java:545)\n\tat org.openqa.selenium.remote.ElementLocation$ElementFinder$2.findElement(ElementLocation.java:165)\n\tat org.openqa.selenium.remote.ElementLocation.findElement(ElementLocation.java:59)\n\tat org.openqa.selenium.remote.RemoteWebDriver.findElement(RemoteWebDriver.java:368)\n\tat org.openqa.selenium.remote.RemoteWebDriver.findElement(RemoteWebDriver.java:362)\n\tat com.codeborne.selenide.impl.WebElementSelector.findElement(WebElementSelector.java:64)\n\tat com.codeborne.selenide.impl.WebElementSelector.findElement(WebElementSelector.java:39)\n\tat com.codeborne.selenide.impl.WebElementSelector.findElement(WebElementSelector.java:30)\n\tat com.codeborne.selenide.impl.ElementFinder.getWebElement(ElementFinder.java:106)\n\tat com.codeborne.selenide.impl.WebElementSource.checkConditionAndReturnElement(WebElementSource.java:91)\n\t... 91 more\n","steps":[],"attachments":[{"uid":"85be9f0f03f807ba","name":"Screenshot","source":"85be9f0f03f807ba.png","type":"image/png","size":33160},{"uid":"ca03f709c5d782a6","name":"Page source","source":"ca03f709c5d782a6.html","type":"text/html","size":67949}],"parameters":[],"attachmentsCount":2,"hasContent":true,"shouldDisplayMessage":true,"stepsCount":0},{"name":"$(\"webdriver\") close()","time":{"start":1744672588952,"stop":1744672589005,"duration":53},"status":"passed","steps":[],"attachments":[],"parameters":[],"attachmentsCount":0,"hasContent":false,"shouldDisplayMessage":false,"stepsCount":0}],"attachments":[],"parameters":[],"attachmentsCount":2,"hasContent":true,"shouldDisplayMessage":true,"stepsCount":4},"afterStages":[],"labels":[{"name":"tag","value":"Setup"},{"name":"junit.platform.uniqueid","value":"[engine:junit-jupiter]/[class:com.example.teamcity.ui.SetupServerTest]/[method:setupTeamCityServerTest()]"},{"name":"host","value":"fv-az1988-103"},{"name":"thread","value":"4211@fv-az1988-103.main(1)"},{"name":"framework","value":"junit-platform"},{"name":"language","value":"java"},{"name":"package","value":"com.example.teamcity.ui.SetupServerTest"},{"name":"testClass","value":"com.example.teamcity.ui.SetupServerTest"},{"name":"testMethod","value":"setupTeamCityServerTest"},{"name":"suite","value":"com.example.teamcity.ui.SetupServerTest"},{"name":"resultFormat","value":"allure2"}],"parameters":[],"links":[],"hidden":false,"retry":false,"extra":{"severity":"normal","retries":[{"uid":"d0db1aa41d34b21","status":"passed","time":{"start":1744672264400,"stop":1744672313975,"duration":49575}}],"categories":[{"name":"Test defects","matchedStatuses":[],"flaky":false}],"history":{"statistic":{"failed":0,"broken":18,"skipped":0,"passed":0,"unknown":0,"total":18},"items":[{"uid":"1ef9f4e0ab539938","reportUrl":"https://paceville.github.io/teamcityTests/ui/63//#testresult/1ef9f4e0ab539938","status":"broken","statusDetails":"Failed to create new instance of class com.example.teamcity.ui.setup.FirstStartPage","time":{"start":1744671354154,"stop":1744671537074,"duration":182920}},{"uid":"9fae07951d54117e","reportUrl":"https://paceville.github.io/teamcityTests/ui/62//#testresult/9fae07951d54117e","status":"broken","statusDetails":"Failed to create new instance of class com.example.teamcity.ui.setup.FirstStartPage","time":{"start":1744669823492,"stop":1744670006563,"duration":183071}},{"uid":"54d0f35c254b62aa","reportUrl":"https://paceville.github.io/teamcityTests/ui/61//#testresult/54d0f35c254b62aa","status":"broken","statusDetails":"Failed to create new instance of class com.example.teamcity.ui.setup.FirstStartPage","time":{"start":1744668575295,"stop":1744668758465,"duration":183170}},{"uid":"989ef7603b98e302","reportUrl":"https://paceville.github.io/teamcityTests/ui/60//#testresult/989ef7603b98e302","status":"broken","statusDetails":"Failed to create new instance of class com.example.teamcity.ui.setup.FirstStartPage","time":{"start":1744667776115,"stop":1744667959292,"duration":183177}},{"uid":"d23068a30154483b","reportUrl":"https://paceville.github.io/teamcityTests/ui/59//#testresult/d23068a30154483b","status":"broken","statusDetails":"Failed to create new instance of class com.example.teamcity.ui.setup.FirstStartPage","time":{"start":1744667013197,"stop":1744667196298,"duration":183101}},{"uid":"bced763be89cacda","reportUrl":"https://paceville.github.io/teamcityTests/ui/58//#testresult/bced763be89cacda","status":"broken","statusDetails":"Failed to create new instance of class com.example.teamcity.ui.setup.FirstStartPage","time":{"start":1744665832999,"stop":1744666016070,"duration":183071}},{"uid":"846acfb90e98979e","reportUrl":"https://paceville.github.io/teamcityTests/ui/57//#testresult/846acfb90e98979e","status":"broken","statusDetails":"Failed to create new instance of class com.example.teamcity.ui.setup.FirstStartPage","time":{"start":1744664640046,"stop":1744664823420,"duration":183374}},{"uid":"738b2800b9f15070","reportUrl":"https://paceville.github.io/teamcityTests/ui/56//#testresult/738b2800b9f15070","status":"broken","statusDetails":"Failed to create new instance of class com.example.teamcity.ui.setup.FirstStartPage","time":{"start":1744663403681,"stop":1744663587435,"duration":183754}},{"uid":"10afc3063ab42643","reportUrl":"https://paceville.github.io/teamcityTests/ui/55//#testresult/10afc3063ab42643","status":"broken","statusDetails":"Failed to create new instance of class com.example.teamcity.ui.setup.FirstStartPage","time":{"start":1744662165396,"stop":1744662348390,"duration":182994}},{"uid":"deb1a4edee893f87","reportUrl":"https://paceville.github.io/teamcityTests/ui/54//#testresult/deb1a4edee893f87","status":"broken","statusDetails":"Failed to create new instance of class com.example.teamcity.ui.setup.FirstStartPage","time":{"start":1744661468872,"stop":1744661650883,"duration":182011}},{"uid":"1c8990370e25bd81","reportUrl":"https://paceville.github.io/teamcityTests/ui/53//#testresult/1c8990370e25bd81","status":"broken","statusDetails":"Failed to create new instance of class com.example.teamcity.ui.setup.FirstStartPage","time":{"start":1744660528483,"stop":1744660711496,"duration":183013}},{"uid":"67673505d59e535b","reportUrl":"https://paceville.github.io/teamcityTests/ui/52//#testresult/67673505d59e535b","status":"broken","statusDetails":"Failed to create new instance of class com.example.teamcity.ui.setup.FirstStartPage","time":{"start":1744658914230,"stop":1744659097109,"duration":182879}},{"uid":"ff7f9aa4cf3fa349","reportUrl":"https://paceville.github.io/teamcityTests/ui/51//#testresult/ff7f9aa4cf3fa349","status":"broken","statusDetails":"Failed to create new instance of class com.example.teamcity.ui.setup.FirstStartPage","time":{"start":1744658623169,"stop":1744658806805,"duration":183636}},{"uid":"9c7c07bd4e40b805","reportUrl":"https://paceville.github.io/teamcityTests/ui/50//#testresult/9c7c07bd4e40b805","status":"broken","statusDetails":"Failed to create new instance of class com.example.teamcity.ui.setup.FirstStartPage","time":{"start":1744658305370,"stop":1744658487654,"duration":182284}},{"uid":"218bce3f0c2d1053","reportUrl":"https://paceville.github.io/teamcityTests/ui/49//#testresult/218bce3f0c2d1053","status":"broken","statusDetails":"Failed to create new instance of class com.example.teamcity.ui.setup.FirstStartPage","time":{"start":1744657415030,"stop":1744657596769,"duration":181739}},{"uid":"e850329269bf7f3","reportUrl":"https://paceville.github.io/teamcityTests/ui/48//#testresult/e850329269bf7f3","status":"broken","statusDetails":"Failed to create new instance of class com.example.teamcity.ui.setup.FirstStartPage","time":{"start":1744655841607,"stop":1744656023850,"duration":182243}},{"uid":"22d6adb29cf2e625","reportUrl":"https://paceville.github.io/teamcityTests/ui/47//#testresult/22d6adb29cf2e625","status":"broken","statusDetails":"invalid argument\n  (Session info: chrome=121.0.6167.85)\nBuild info: version: '4.29.0', revision: '5fc1ec94cb'\nSystem info: os.name: 'Linux', os.arch: 'amd64', os.version: '6.8.0-1021-azure', java.version: '17.0.14'\nselenide.remote: http://localhost:4444/wd/hub\nDriver info: org.openqa.selenium.remote.RemoteWebDriver\nCommand: [fbe61fad2e92dd76d60235a10cb6a4aa, get {url=http://172.17.0.1:8111:8111/}]\nselenide.url: http://172.17.0.1:8111:8111/\nCapabilities {acceptInsecureCerts: true, browserName: chrome, browserVersion: 121.0.6167.85, chrome: {chromedriverVersion: 121.0.6167.85 (3f98d690ad7e..., userDataDir: /tmp/.org.chromium.Chromium...}, fedcm:accounts: true, goog:chromeOptions: {debuggerAddress: localhost:36209}, networkConnectionEnabled: false, pageLoadStrategy: normal, platformName: linux, proxy: Proxy(), se:cdp: ws://localhost:4444/devtool..., se:cdpVersion: 121.0.6167.85, setWindowRect: true, strictFileInteractability: false, timeouts: {implicit: 0, pageLoad: 300000, script: 30000}, unhandledPromptBehavior: accept, webauthn:extension:credBlob: true, webauthn:extension:largeBlob: true, webauthn:extension:minPinLength: true, webauthn:extension:prf: true, webauthn:virtualAuthenticators: true}\nselenide.baseUrl: http://172.17.0.1:8111:8111\nSession ID: fbe61fad2e92dd76d60235a10cb6a4aa","time":{"start":1744654888151,"stop":1744654889723,"duration":1572}}]},"tags":["Setup"]},"source":"7b862a62373f3ab9.json","parameterValues":[]}