{"uid":"9c1de26eb831143c","name":"User cannot create a new build configuration with missing required field","fullName":"com.example.teamcity.ui.CreateBuildTypeTest.userCannotCreateBuildConfigurationWithMissingRequiredFieldTest","historyId":"cc9eb997e50a139e0f03003d19cb65f6","time":{"start":1744672335294,"stop":1744672381428,"duration":46134},"description":"","status":"passed","flaky":false,"newFailed":false,"newBroken":false,"newPassed":false,"retriesCount":0,"retriesStatusChange":false,"beforeStages":[],"testStage":{"description":"","status":"passed","steps":[{"name":"Create user","time":{"start":1744672335299,"stop":1744672335420,"duration":121},"status":"passed","steps":[],"attachments":[{"uid":"c76b6c59632bb43","name":"Request","source":"c76b6c59632bb43.html","type":"text/html","size":1381},{"uid":"e07b765f4833e570","name":"HTTP/1.1 200 ","source":"e07b765f4833e570.html","type":"text/html","size":2088}],"parameters":[],"attachmentsCount":2,"hasContent":true,"shouldDisplayMessage":false,"stepsCount":0},{"name":"Create a project via API","time":{"start":1744672335420,"stop":1744672335420,"duration":0},"status":"passed","steps":[],"attachments":[],"parameters":[],"attachmentsCount":0,"hasContent":false,"shouldDisplayMessage":false,"stepsCount":0},{"name":"Login as user","time":{"start":1744672335571,"stop":1744672335571,"duration":0},"status":"passed","steps":[],"attachments":[],"parameters":[],"attachmentsCount":0,"hasContent":false,"shouldDisplayMessage":false,"stepsCount":0},{"name":"Create user","time":{"start":1744672335572,"stop":1744672335682,"duration":110},"status":"passed","steps":[],"attachments":[{"uid":"ac042686f487f166","name":"Request","source":"ac042686f487f166.html","type":"text/html","size":1381},{"uid":"d0466411aa999ec4","name":"HTTP/1.1 200 ","source":"d0466411aa999ec4.html","type":"text/html","size":2088}],"parameters":[],"attachmentsCount":2,"hasContent":true,"shouldDisplayMessage":false,"stepsCount":0},{"name":"$(\"open\") http://172.17.0.1:8111/login.html","time":{"start":1744672335749,"stop":1744672344904,"duration":9155},"status":"passed","steps":[{"name":"$(\"webdriver\") create()","time":{"start":1744672335754,"stop":1744672342631,"duration":6877},"status":"passed","steps":[],"attachments":[],"parameters":[],"attachmentsCount":0,"hasContent":false,"shouldDisplayMessage":false,"stepsCount":0}],"attachments":[],"parameters":[],"attachmentsCount":0,"hasContent":true,"shouldDisplayMessage":false,"stepsCount":1},{"name":"$(\"#username\") val(test_EwCRSoRPtR)","time":{"start":1744672344979,"stop":1744672345492,"duration":513},"status":"passed","steps":[],"attachments":[],"parameters":[],"attachmentsCount":0,"hasContent":false,"shouldDisplayMessage":false,"stepsCount":0},{"name":"$(\"#password\") val(test_tMQrNfulNQ)","time":{"start":1744672345493,"stop":1744672345683,"duration":190},"status":"passed","steps":[],"attachments":[],"parameters":[],"attachmentsCount":0,"hasContent":false,"shouldDisplayMessage":false,"stepsCount":0},{"name":"$(\".loginButton\") click()","time":{"start":1744672345685,"stop":1744672345859,"duration":174},"status":"passed","steps":[],"attachments":[],"parameters":[],"attachmentsCount":0,"hasContent":false,"shouldDisplayMessage":false,"stepsCount":0},{"name":"Open 'Create Build Configuration Page'","time":{"start":1744672345860,"stop":1744672345860,"duration":0},"status":"passed","steps":[],"attachments":[],"parameters":[],"attachmentsCount":0,"hasContent":false,"shouldDisplayMessage":false,"stepsCount":0},{"name":"$(\"open\") http://172.17.0.1:8111/admin/createObjectMenu.html?projectId=test_EjsRAroalr&showMode=createBuildTypeMenu","time":{"start":1744672345860,"stop":1744672346638,"duration":778},"status":"passed","steps":[],"attachments":[],"parameters":[],"attachmentsCount":0,"hasContent":false,"shouldDisplayMessage":false,"stepsCount":0},{"name":"$(\"#url\") should be([visible, 5 s.])","time":{"start":1744672346645,"stop":1744672352200,"duration":5555},"status":"failed","statusMessage":"Element not found {#url}\nExpected: visible\nScreenshot: file:/home/runner/work/teamcityTests/teamcityTests/build/reports/tests/1744672351665.0.png\nPage source: file:/home/runner/work/teamcityTests/teamcityTests/build/reports/tests/1744672351665.0.html\nTimeout: 5 s.\nCaused by: NoSuchElementException: no such element: Unable to locate element: {\"method\":\"css selector\",\"selector\":\"#url\"}","statusTrace":"Element not found {#url}\nExpected: visible\nScreenshot: file:/home/runner/work/teamcityTests/teamcityTests/build/reports/tests/1744672351665.0.png\nPage source: file:/home/runner/work/teamcityTests/teamcityTests/build/reports/tests/1744672351665.0.html\nTimeout: 5 s.\nCaused by: NoSuchElementException: no such element: Unable to locate element: {\"method\":\"css selector\",\"selector\":\"#url\"}\n\tat com.codeborne.selenide.impl.WebElementSource.createElementNotFoundError(WebElementSource.java:68)\n\tat com.codeborne.selenide.impl.ElementFinder.createElementNotFoundError(ElementFinder.java:122)\n\tat com.codeborne.selenide.impl.WebElementSource.handleError(WebElementSource.java:119)\n\tat com.codeborne.selenide.impl.WebElementSource.checkConditionAndReturnElement(WebElementSource.java:102)\n\tat com.codeborne.selenide.impl.WebElementSource.checkCondition(WebElementSource.java:78)\n\tat com.codeborne.selenide.commands.Should.execute(Should.java:24)\n\tat com.codeborne.selenide.FluentCommand.execute(FluentCommand.java:27)\n\tat com.codeborne.selenide.FluentCommand.execute(FluentCommand.java:19)\n\tat com.codeborne.selenide.commands.Commands.execute(Commands.java:160)\n\tat com.codeborne.selenide.impl.SelenideElementProxy.dispatchAndRetry(SelenideElementProxy.java:131)\n\tat com.codeborne.selenide.impl.SelenideElementProxy.invoke(SelenideElementProxy.java:83)\n\tat jdk.proxy2/jdk.proxy2.$Proxy72.shouldBe(Unknown Source)\n\tat com.example.teamcity.ui.pages.admin.CreateBuildTypePage.openWithRetry(CreateBuildTypePage.java:38)\n\tat com.example.teamcity.ui.CreateBuildTypeTest.userCannotCreateBuildConfigurationWithMissingRequiredFieldTest(CreateBuildTypeTest.java:103)\n\tat java.base/jdk.internal.reflect.NativeMethodAccessorImpl.invoke0(Native Method)\n\tat java.base/jdk.internal.reflect.NativeMethodAccessorImpl.invoke(NativeMethodAccessorImpl.java:77)\n\tat java.base/jdk.internal.reflect.DelegatingMethodAccessorImpl.invoke(DelegatingMethodAccessorImpl.java:43)\n\tat java.base/java.lang.reflect.Method.invoke(Method.java:569)\n\tat org.junit.platform.commons.util.ReflectionUtils.invokeMethod(ReflectionUtils.java:767)\n\tat org.junit.jupiter.engine.execution.MethodInvocation.proceed(MethodInvocation.java:60)\n\tat org.junit.jupiter.engine.execution.InvocationInterceptorChain$ValidatingInvocation.proceed(InvocationInterceptorChain.java:131)\n\tat org.junit.jupiter.engine.extension.TimeoutExtension.intercept(TimeoutExtension.java:156)\n\tat org.junit.jupiter.engine.extension.TimeoutExtension.interceptTestableMethod(TimeoutExtension.java:147)\n\tat org.junit.jupiter.engine.extension.TimeoutExtension.interceptTestMethod(TimeoutExtension.java:86)\n\tat org.junit.jupiter.engine.execution.InterceptingExecutableInvoker$ReflectiveInterceptorCall.lambda$ofVoidMethod$0(InterceptingExecutableInvoker.java:103)\n\tat org.junit.jupiter.engine.execution.InterceptingExecutableInvoker.lambda$invoke$0(InterceptingExecutableInvoker.java:93)\n\tat org.junit.jupiter.engine.execution.InvocationInterceptorChain$InterceptedInvocation.proceed(InvocationInterceptorChain.java:106)\n\tat org.junit.jupiter.engine.execution.InvocationInterceptorChain.proceed(InvocationInterceptorChain.java:64)\n\tat org.junit.jupiter.engine.execution.InvocationInterceptorChain.chainAndInvoke(InvocationInterceptorChain.java:45)\n\tat org.junit.jupiter.engine.execution.InvocationInterceptorChain.invoke(InvocationInterceptorChain.java:37)\n\tat org.junit.jupiter.engine.execution.InterceptingExecutableInvoker.invoke(InterceptingExecutableInvoker.java:92)\n\tat org.junit.jupiter.engine.execution.InterceptingExecutableInvoker.invoke(InterceptingExecutableInvoker.java:86)\n\tat org.junit.jupiter.engine.descriptor.TestMethodTestDescriptor.lambda$invokeTestMethod$8(TestMethodTestDescriptor.java:217)\n\tat org.junit.platform.engine.support.hierarchical.ThrowableCollector.execute(ThrowableCollector.java:73)\n\tat org.junit.jupiter.engine.descriptor.TestMethodTestDescriptor.invokeTestMethod(TestMethodTestDescriptor.java:213)\n\tat org.junit.jupiter.engine.descriptor.TestMethodTestDescriptor.execute(TestMethodTestDescriptor.java:138)\n\tat org.junit.jupiter.engine.descriptor.TestMethodTestDescriptor.execute(TestMethodTestDescriptor.java:68)\n\tat org.junit.platform.engine.support.hierarchical.NodeTestTask.lambda$executeRecursively$6(NodeTestTask.java:156)\n\tat org.junit.platform.engine.support.hierarchical.ThrowableCollector.execute(ThrowableCollector.java:73)\n\tat org.junit.platform.engine.support.hierarchical.NodeTestTask.lambda$executeRecursively$8(NodeTestTask.java:146)\n\tat org.junit.platform.engine.support.hierarchical.Node.around(Node.java:137)\n\tat org.junit.platform.engine.support.hierarchical.NodeTestTask.lambda$executeRecursively$9(NodeTestTask.java:144)\n\tat org.junit.platform.engine.support.hierarchical.ThrowableCollector.execute(ThrowableCollector.java:73)\n\tat org.junit.platform.engine.support.hierarchical.NodeTestTask.executeRecursively(NodeTestTask.java:143)\n\tat org.junit.platform.engine.support.hierarchical.NodeTestTask.execute(NodeTestTask.java:100)\n\tat java.base/java.util.ArrayList.forEach(ArrayList.java:1511)\n\tat org.junit.platform.engine.support.hierarchical.SameThreadHierarchicalTestExecutorService.invokeAll(SameThreadHierarchicalTestExecutorService.java:41)\n\tat org.junit.platform.engine.support.hierarchical.NodeTestTask.lambda$executeRecursively$6(NodeTestTask.java:160)\n\tat org.junit.platform.engine.support.hierarchical.ThrowableCollector.execute(ThrowableCollector.java:73)\n\tat org.junit.platform.engine.support.hierarchical.NodeTestTask.lambda$executeRecursively$8(NodeTestTask.java:146)\n\tat org.junit.platform.engine.support.hierarchical.Node.around(Node.java:137)\n\tat org.junit.platform.engine.support.hierarchical.NodeTestTask.lambda$executeRecursively$9(NodeTestTask.java:144)\n\tat org.junit.platform.engine.support.hierarchical.ThrowableCollector.execute(ThrowableCollector.java:73)\n\tat org.junit.platform.engine.support.hierarchical.NodeTestTask.executeRecursively(NodeTestTask.java:143)\n\tat org.junit.platform.engine.support.hierarchical.NodeTestTask.execute(NodeTestTask.java:100)\n\tat java.base/java.util.ArrayList.forEach(ArrayList.java:1511)\n\tat org.junit.platform.engine.support.hierarchical.SameThreadHierarchicalTestExecutorService.invokeAll(SameThreadHierarchicalTestExecutorService.java:41)\n\tat org.junit.platform.engine.support.hierarchical.NodeTestTask.lambda$executeRecursively$6(NodeTestTask.java:160)\n\tat org.junit.platform.engine.support.hierarchical.ThrowableCollector.execute(ThrowableCollector.java:73)\n\tat org.junit.platform.engine.support.hierarchical.NodeTestTask.lambda$executeRecursively$8(NodeTestTask.java:146)\n\tat org.junit.platform.engine.support.hierarchical.Node.around(Node.java:137)\n\tat org.junit.platform.engine.support.hierarchical.NodeTestTask.lambda$executeRecursively$9(NodeTestTask.java:144)\n\tat org.junit.platform.engine.support.hierarchical.ThrowableCollector.execute(ThrowableCollector.java:73)\n\tat org.junit.platform.engine.support.hierarchical.NodeTestTask.executeRecursively(NodeTestTask.java:143)\n\tat org.junit.platform.engine.support.hierarchical.NodeTestTask.execute(NodeTestTask.java:100)\n\tat org.junit.platform.engine.support.hierarchical.SameThreadHierarchicalTestExecutorService.submit(SameThreadHierarchicalTestExecutorService.java:35)\n\tat org.junit.platform.engine.support.hierarchical.HierarchicalTestExecutor.execute(HierarchicalTestExecutor.java:57)\n\tat org.junit.platform.engine.support.hierarchical.HierarchicalTestEngine.execute(HierarchicalTestEngine.java:54)\n\tat org.junit.platform.launcher.core.EngineExecutionOrchestrator.execute(EngineExecutionOrchestrator.java:198)\n\tat org.junit.platform.launcher.core.EngineExecutionOrchestrator.execute(EngineExecutionOrchestrator.java:169)\n\tat org.junit.platform.launcher.core.EngineExecutionOrchestrator.execute(EngineExecutionOrchestrator.java:93)\n\tat org.junit.platform.launcher.core.EngineExecutionOrchestrator.lambda$execute$0(EngineExecutionOrchestrator.java:58)\n\tat org.junit.platform.launcher.core.EngineExecutionOrchestrator.withInterceptedStreams(EngineExecutionOrchestrator.java:141)\n\tat org.junit.platform.launcher.core.EngineExecutionOrchestrator.execute(EngineExecutionOrchestrator.java:57)\n\tat org.junit.platform.launcher.core.DefaultLauncher.execute(DefaultLauncher.java:103)\n\tat org.junit.platform.launcher.core.DefaultLauncher.execute(DefaultLauncher.java:85)\n\tat org.junit.platform.launcher.core.DelegatingLauncher.execute(DelegatingLauncher.java:47)\n\tat org.apache.maven.surefire.junitplatform.LazyLauncher.execute(LazyLauncher.java:56)\n\tat org.apache.maven.surefire.junitplatform.JUnitPlatformProvider.execute(JUnitPlatformProvider.java:184)\n\tat org.apache.maven.surefire.junitplatform.JUnitPlatformProvider.invokeAllTests(JUnitPlatformProvider.java:148)\n\tat org.apache.maven.surefire.junitplatform.JUnitPlatformProvider.invoke(JUnitPlatformProvider.java:122)\n\tat org.apache.maven.surefire.booter.ForkedBooter.runSuitesInProcess(ForkedBooter.java:385)\n\tat org.apache.maven.surefire.booter.ForkedBooter.execute(ForkedBooter.java:162)\n\tat org.apache.maven.surefire.booter.ForkedBooter.run(ForkedBooter.java:507)\n\tat org.apache.maven.surefire.booter.ForkedBooter.main(ForkedBooter.java:495)\nCaused by: org.openqa.selenium.NoSuchElementException: no such element: Unable to locate element: {\"method\":\"css selector\",\"selector\":\"#url\"}\n  (Session info: chrome=121.0.6167.85)\nFor documentation on this error, please visit: https://www.selenium.dev/documentation/webdriver/troubleshooting/errors#no-such-element-exception\nBuild info: version: '4.29.0', revision: '5fc1ec94cb'\nSystem info: os.name: 'Linux', os.arch: 'amd64', os.version: '6.8.0-1021-azure', java.version: '17.0.14'\nDriver info: org.openqa.selenium.remote.RemoteWebDriver\nCommand: [4a5bc6de9f144db662e6860fd0a3f290, findElement {value=#url, using=css selector}]\nCapabilities {acceptInsecureCerts: true, browserName: chrome, browserVersion: 121.0.6167.85, chrome: {chromedriverVersion: 121.0.6167.85 (3f98d690ad7e..., userDataDir: /tmp/.org.chromium.Chromium...}, fedcm:accounts: true, goog:chromeOptions: {debuggerAddress: localhost:41635}, networkConnectionEnabled: false, pageLoadStrategy: normal, platformName: linux, proxy: Proxy(), se:cdp: ws://localhost:4444/devtool..., se:cdpVersion: 121.0.6167.85, setWindowRect: true, strictFileInteractability: false, timeouts: {implicit: 0, pageLoad: 300000, script: 30000}, unhandledPromptBehavior: accept, webauthn:extension:credBlob: true, webauthn:extension:largeBlob: true, webauthn:extension:minPinLength: true, webauthn:extension:prf: true, webauthn:virtualAuthenticators: true}\nSession ID: 4a5bc6de9f144db662e6860fd0a3f290\n\tat jdk.internal.reflect.GeneratedConstructorAccessor59.newInstance(Unknown Source)\n\tat java.base/jdk.internal.reflect.DelegatingConstructorAccessorImpl.newInstance(DelegatingConstructorAccessorImpl.java:45)\n\tat java.base/java.lang.reflect.Constructor.newInstanceWithCaller(Constructor.java:500)\n\tat java.base/java.lang.reflect.Constructor.newInstance(Constructor.java:481)\n\tat org.openqa.selenium.remote.ErrorCodec.decode(ErrorCodec.java:167)\n\tat org.openqa.selenium.remote.codec.w3c.W3CHttpResponseCodec.decode(W3CHttpResponseCodec.java:138)\n\tat org.openqa.selenium.remote.codec.w3c.W3CHttpResponseCodec.decode(W3CHttpResponseCodec.java:50)\n\tat org.openqa.selenium.remote.HttpCommandExecutor.execute(HttpCommandExecutor.java:215)\n\tat org.openqa.selenium.remote.RemoteWebDriver.execute(RemoteWebDriver.java:545)\n\tat org.openqa.selenium.remote.ElementLocation$ElementFinder$2.findElement(ElementLocation.java:165)\n\tat org.openqa.selenium.remote.ElementLocation.findElement(ElementLocation.java:59)\n\tat org.openqa.selenium.remote.RemoteWebDriver.findElement(RemoteWebDriver.java:368)\n\tat org.openqa.selenium.remote.RemoteWebDriver.findElement(RemoteWebDriver.java:362)\n\tat com.codeborne.selenide.impl.WebElementSelector.findElement(WebElementSelector.java:64)\n\tat com.codeborne.selenide.impl.WebElementSelector.findElement(WebElementSelector.java:39)\n\tat com.codeborne.selenide.impl.WebElementSelector.findElement(WebElementSelector.java:30)\n\tat com.codeborne.selenide.impl.ElementFinder.getWebElement(ElementFinder.java:106)\n\tat com.codeborne.selenide.impl.WebElementSource.checkConditionAndReturnElement(WebElementSource.java:91)\n\t... 81 more\n","steps":[],"attachments":[{"uid":"4d21e42db50777f9","name":"Screenshot","source":"4d21e42db50777f9.png","type":"image/png","size":38257},{"uid":"4ac46b82b8a6b007","name":"Page source","source":"4ac46b82b8a6b007.html","type":"text/html","size":68032}],"parameters":[],"attachmentsCount":2,"hasContent":true,"shouldDisplayMessage":true,"stepsCount":0},{"name":"$(\"open\") http://172.17.0.1:8111/admin/createObjectMenu.html?projectId=test_EjsRAroalr&showMode=createBuildTypeMenu","time":{"start":1744672355201,"stop":1744672369600,"duration":14399},"status":"passed","steps":[],"attachments":[],"parameters":[],"attachmentsCount":0,"hasContent":false,"shouldDisplayMessage":false,"stepsCount":0},{"name":"$(\"#url\") should be([visible, 5 s.])","time":{"start":1744672369601,"stop":1744672370425,"duration":824},"status":"passed","steps":[],"attachments":[],"parameters":[],"attachmentsCount":0,"hasContent":false,"shouldDisplayMessage":false,"stepsCount":0},{"name":"$(\"#url\") should be([visible, 30 s.])","time":{"start":1744672370426,"stop":1744672370463,"duration":37},"status":"passed","steps":[],"attachments":[],"parameters":[],"attachmentsCount":0,"hasContent":false,"shouldDisplayMessage":false,"stepsCount":0},{"name":"$(\"#url\") val(https://github.com/ALexPshe/spring-core-for-qa)","time":{"start":1744672370464,"stop":1744672370667,"duration":203},"status":"passed","steps":[],"attachments":[],"parameters":[],"attachmentsCount":0,"hasContent":false,"shouldDisplayMessage":false,"stepsCount":0},{"name":"$(\"[value=\"Proceed\"]\") click()","time":{"start":1744672370667,"stop":1744672370776,"duration":109},"status":"passed","steps":[],"attachments":[],"parameters":[],"attachmentsCount":0,"hasContent":false,"shouldDisplayMessage":false,"stepsCount":0},{"name":"$(\".connectionSuccessful\") should([be visible, 30 s.])","time":{"start":1744672370777,"stop":1744672380548,"duration":9771},"status":"passed","steps":[],"attachments":[],"parameters":[],"attachmentsCount":0,"hasContent":false,"shouldDisplayMessage":false,"stepsCount":0},{"name":"$(\"#buildTypeName\") val()","time":{"start":1744672380549,"stop":1744672380662,"duration":113},"status":"passed","steps":[],"attachments":[],"parameters":[],"attachmentsCount":0,"hasContent":false,"shouldDisplayMessage":false,"stepsCount":0},{"name":"$(\"[value=\"Proceed\"]\") click()","time":{"start":1744672380662,"stop":1744672380740,"duration":78},"status":"passed","steps":[],"attachments":[],"parameters":[],"attachmentsCount":0,"hasContent":false,"shouldDisplayMessage":false,"stepsCount":0},{"name":"$(\"#error_buildTypeName\") should be(visible)","time":{"start":1744672380740,"stop":1744672380790,"duration":50},"status":"passed","steps":[],"attachments":[],"parameters":[],"attachmentsCount":0,"hasContent":false,"shouldDisplayMessage":false,"stepsCount":0},{"name":"$(\"#error_buildTypeName\") should have(text \"Name must not be empty\")","time":{"start":1744672380790,"stop":1744672380839,"duration":49},"status":"passed","steps":[],"attachments":[],"parameters":[],"attachmentsCount":0,"hasContent":false,"shouldDisplayMessage":false,"stepsCount":0},{"name":"Check that error message is displayed on Create Build Type Page","time":{"start":1744672380839,"stop":1744672380839,"duration":0},"status":"passed","steps":[],"attachments":[],"parameters":[],"attachmentsCount":0,"hasContent":false,"shouldDisplayMessage":false,"stepsCount":0},{"name":"$(\"#error_buildTypeName\") should be(visible)","time":{"start":1744672380840,"stop":1744672380871,"duration":31},"status":"passed","steps":[],"attachments":[],"parameters":[],"attachmentsCount":0,"hasContent":false,"shouldDisplayMessage":false,"stepsCount":0},{"name":"$(\"#error_buildTypeName\") should have(text \"Name must not be empty\")","time":{"start":1744672380871,"stop":1744672380925,"duration":54},"status":"passed","steps":[],"attachments":[],"parameters":[],"attachmentsCount":0,"hasContent":false,"shouldDisplayMessage":false,"stepsCount":0},{"name":"Check that build type was not created on API Level","time":{"start":1744672380925,"stop":1744672380925,"duration":0},"status":"passed","steps":[],"attachments":[],"parameters":[],"attachmentsCount":0,"hasContent":false,"shouldDisplayMessage":false,"stepsCount":0},{"name":"Check API response status code is 404","time":{"start":1744672381045,"stop":1744672381045,"duration":0},"status":"passed","steps":[],"attachments":[],"parameters":[],"attachmentsCount":0,"hasContent":false,"shouldDisplayMessage":false,"stepsCount":0},{"name":"Check that build type is null","time":{"start":1744672381332,"stop":1744672381332,"duration":0},"status":"passed","steps":[],"attachments":[],"parameters":[],"attachmentsCount":0,"hasContent":false,"shouldDisplayMessage":false,"stepsCount":0},{"name":"$(\"webdriver\") close()","time":{"start":1744672381340,"stop":1744672381427,"duration":87},"status":"passed","steps":[],"attachments":[],"parameters":[],"attachmentsCount":0,"hasContent":false,"shouldDisplayMessage":false,"stepsCount":0}],"attachments":[{"uid":"cadafe4c9c55e6c","name":"Request","source":"cadafe4c9c55e6c.html","type":"text/html","size":1037},{"uid":"61f00af5c552b5d5","name":"HTTP/1.1 200 ","source":"61f00af5c552b5d5.html","type":"text/html","size":2225},{"uid":"c2e9c828755cd2f","name":"Request","source":"c2e9c828755cd2f.html","type":"text/html","size":622},{"uid":"8f3312c9392798a1","name":"HTTP/1.1 404 ","source":"8f3312c9392798a1.html","type":"text/html","size":876}],"parameters":[],"attachmentsCount":10,"hasContent":true,"shouldDisplayMessage":false,"stepsCount":29},"afterStages":[],"labels":[{"name":"tag","value":"regression"},{"name":"tag","value":"negative"},{"name":"junit.platform.uniqueid","value":"[engine:junit-jupiter]/[class:com.example.teamcity.ui.CreateBuildTypeTest]/[method:userCannotCreateBuildConfigurationWithMissingRequiredFieldTest()]"},{"name":"host","value":"fv-az1988-103"},{"name":"thread","value":"4211@fv-az1988-103.main(1)"},{"name":"framework","value":"junit-platform"},{"name":"language","value":"java"},{"name":"package","value":"com.example.teamcity.ui.CreateBuildTypeTest"},{"name":"testClass","value":"com.example.teamcity.ui.CreateBuildTypeTest"},{"name":"testMethod","value":"userCannotCreateBuildConfigurationWithMissingRequiredFieldTest"},{"name":"suite","value":"com.example.teamcity.ui.CreateBuildTypeTest"},{"name":"resultFormat","value":"allure2"}],"parameters":[],"links":[],"hidden":false,"retry":false,"extra":{"severity":"normal","retries":[],"categories":[],"history":{"statistic":{"failed":16,"broken":1,"skipped":0,"passed":13,"unknown":0,"total":30},"items":[{"uid":"2f4a9829eb5517e8","reportUrl":"https://paceville.github.io/teamcityTests/ui/63//#testresult/2f4a9829eb5517e8","status":"passed","time":{"start":1744671282993,"stop":1744671329705,"duration":46712}},{"uid":"b846994b85d89140","reportUrl":"https://paceville.github.io/teamcityTests/ui/62//#testresult/b846994b85d89140","status":"broken","statusDetails":"Create Build page didn't load after retries","time":{"start":1744669742784,"stop":1744669799941,"duration":57157}},{"uid":"c5e95195ac8061c2","reportUrl":"https://paceville.github.io/teamcityTests/ui/61//#testresult/c5e95195ac8061c2","status":"passed","time":{"start":1744668495885,"stop":1744668554558,"duration":58673}},{"uid":"1ca934b0040f2e7d","reportUrl":"https://paceville.github.io/teamcityTests/ui/60//#testresult/1ca934b0040f2e7d","status":"passed","time":{"start":1744667697229,"stop":1744667749159,"duration":51930}},{"uid":"887af4ed809f571b","reportUrl":"https://paceville.github.io/teamcityTests/ui/59//#testresult/887af4ed809f571b","status":"passed","time":{"start":1744666936533,"stop":1744666995374,"duration":58841}},{"uid":"8aedb5d17e887888","reportUrl":"https://paceville.github.io/teamcityTests/ui/58//#testresult/8aedb5d17e887888","status":"passed","time":{"start":1744665755426,"stop":1744665813307,"duration":57881}},{"uid":"bf82f36e1bb0bd21","reportUrl":"https://paceville.github.io/teamcityTests/ui/57//#testresult/bf82f36e1bb0bd21","status":"passed","time":{"start":1744664577416,"stop":1744664628001,"duration":50585}},{"uid":"8390639f3e107daa","reportUrl":"https://paceville.github.io/teamcityTests/ui/56//#testresult/8390639f3e107daa","status":"passed","time":{"start":1744663334727,"stop":1744663395543,"duration":60816}},{"uid":"cc2bb8f3bae51d3c","reportUrl":"https://paceville.github.io/teamcityTests/ui/55//#testresult/cc2bb8f3bae51d3c","status":"passed","time":{"start":1744662092768,"stop":1744662147040,"duration":54272}},{"uid":"1eb86d145910bdcf","reportUrl":"https://paceville.github.io/teamcityTests/ui/54//#testresult/1eb86d145910bdcf","status":"passed","time":{"start":1744661114354,"stop":1744661164133,"duration":49779}},{"uid":"4120d345a07c0784","reportUrl":"https://paceville.github.io/teamcityTests/ui/53//#testresult/4120d345a07c0784","status":"passed","time":{"start":1744660462785,"stop":1744660514961,"duration":52176}},{"uid":"8a5b94fc9ac10a0c","reportUrl":"https://paceville.github.io/teamcityTests/ui/52//#testresult/8a5b94fc9ac10a0c","status":"passed","time":{"start":1744658854680,"stop":1744658903768,"duration":49088}},{"uid":"12a50f1573291204","reportUrl":"https://paceville.github.io/teamcityTests/ui/51//#testresult/12a50f1573291204","status":"passed","time":{"start":1744658549039,"stop":1744658601798,"duration":52759}},{"uid":"749ecb1379f4876a","reportUrl":"https://paceville.github.io/teamcityTests/ui/50//#testresult/749ecb1379f4876a","status":"failed","statusDetails":"Element not found {#url}\nExpected: visible\nScreenshot: file:/home/runner/work/teamcityTests/teamcityTests/build/reports/tests/1744658268907.0.png\nPage source: file:/home/runner/work/teamcityTests/teamcityTests/build/reports/tests/1744658268907.0.html\nTimeout: 30 s.\nCaused by: NoSuchElementException: no such element: Unable to locate element: {\"method\":\"css selector\",\"selector\":\"#url\"}","time":{"start":1744658203468,"stop":1744658269580,"duration":66112}},{"uid":"686e947279a4d2f6","reportUrl":"https://paceville.github.io/teamcityTests/ui/49//#testresult/686e947279a4d2f6","status":"failed","statusDetails":"Element not found {#url}\nExpected: visible\nScreenshot: file:/home/runner/work/teamcityTests/teamcityTests/build/reports/tests/1744657224224.0.png\nPage source: file:/home/runner/work/teamcityTests/teamcityTests/build/reports/tests/1744657224224.0.html\nTimeout: 180 s.\nCaused by: NoSuchElementException: no such element: Unable to locate element: {\"method\":\"css selector\",\"selector\":\"#url\"}","time":{"start":1744657027776,"stop":1744657224608,"duration":196832}},{"uid":"fe7612f5ff3c9138","reportUrl":"https://paceville.github.io/teamcityTests/ui/48//#testresult/fe7612f5ff3c9138","status":"failed","statusDetails":"Element not found {#url}\nExpected: visible\nScreenshot: file:/home/runner/work/teamcityTests/teamcityTests/build/reports/tests/1744655805225.0.png\nPage source: file:/home/runner/work/teamcityTests/teamcityTests/build/reports/tests/1744655805225.0.html\nTimeout: 30 s.\nCaused by: NoSuchElementException: no such element: Unable to locate element: {\"method\":\"css selector\",\"selector\":\"#url\"}","time":{"start":1744655740324,"stop":1744655805890,"duration":65566}},{"uid":"c15d91c2a92fd396","reportUrl":"https://paceville.github.io/teamcityTests/ui/46//#testresult/c15d91c2a92fd396","status":"failed","statusDetails":"Element not found {#url}\nExpected: visible\nScreenshot: file:/home/runner/work/teamcityTests/teamcityTests/build/reports/tests/1744641696890.0.png\nPage source: file:/home/runner/work/teamcityTests/teamcityTests/build/reports/tests/1744641696890.0.html\nTimeout: 30 s.\nCaused by: NoSuchElementException: no such element: Unable to locate element: {\"method\":\"css selector\",\"selector\":\"#url\"}","time":{"start":1744641652746,"stop":1744641697532,"duration":44786}},{"uid":"deb510b607745e4e","reportUrl":"https://paceville.github.io/teamcityTests/ui/45//#testresult/deb510b607745e4e","status":"failed","statusDetails":"Element not found {#url}\nExpected: visible\nScreenshot: file:/home/runner/work/teamcityTests/teamcityTests/build/reports/tests/1744639935009.0.png\nPage source: file:/home/runner/work/teamcityTests/teamcityTests/build/reports/tests/1744639935009.0.html\nTimeout: 30 s.\nCaused by: NoSuchElementException: no such element: Unable to locate element: {\"method\":\"css selector\",\"selector\":\"#url\"}","time":{"start":1744639888707,"stop":1744639935567,"duration":46860}},{"uid":"1aaf2fe9e79978c8","reportUrl":"https://paceville.github.io/teamcityTests/ui/44//#testresult/1aaf2fe9e79978c8","status":"failed","statusDetails":"Element not found {#url}\nExpected: visible\nScreenshot: file:/home/runner/work/teamcityTests/teamcityTests/build/reports/tests/1744638067863.0.png\nPage source: file:/home/runner/work/teamcityTests/teamcityTests/build/reports/tests/1744638067863.0.html\nTimeout: 30 s.\nCaused by: NoSuchElementException: no such element: Unable to locate element: {\"method\":\"css selector\",\"selector\":\"#url\"}","time":{"start":1744638021318,"stop":1744638068411,"duration":47093}},{"uid":"60137c39b4ce4e24","reportUrl":"https://paceville.github.io/teamcityTests/ui/42//#testresult/60137c39b4ce4e24","status":"failed","statusDetails":"Element not found {#url}\nExpected: visible\nScreenshot: file:/home/runner/work/teamcityTests/teamcityTests/build/reports/tests/1744620884483.0.png\nPage source: file:/home/runner/work/teamcityTests/teamcityTests/build/reports/tests/1744620884483.0.html\nTimeout: 30 s.\nCaused by: NoSuchElementException: no such element: Unable to locate element: {\"method\":\"css selector\",\"selector\":\"#url\"}","time":{"start":1744620819206,"stop":1744620885149,"duration":65943}}]},"tags":["negative","regression"]},"source":"9c1de26eb831143c.json","parameterValues":[]}